MG40/correlationFUNCTfolderNH/NHrotaCF_0.xvg     0.6700     0.0784     0.6513 
MG40/correlationFUNCTfolderNH/NHrotaCF_1.xvg     0.6288     0.0774     0.7509 
MG40/correlationFUNCTfolderNH/NHrotaCF_2.xvg     0.6355     0.1279     0.7593 
MG40/correlationFUNCTfolderNH/NHrotaCF_3.xvg     0.6570     0.0889     0.7545 
MG40/correlationFUNCTfolderNH/NHrotaCF_4.xvg     0.6203     0.0705     0.7755 
MG40/correlationFUNCTfolderNH/NHrotaCF_5.xvg     0.6094     0.0990     0.7781 
MG40/correlationFUNCTfolderNH/NHrotaCF_6.xvg     0.6444     0.1216     0.7643 
MG40/correlationFUNCTfolderNH/NHrotaCF_7.xvg     0.6402     0.0750     0.7681 
MG40/correlationFUNCTfolderNH/NHrotaCF_8.xvg     0.6135     0.0782     0.7776 
MG40/correlationFUNCTfolderNH/NHrotaCF_9.xvg     0.6308     0.1162     0.7736 
MG40/correlationFUNCTfolderNH/NHrotaCF_10.xvg     0.6678     0.1124     0.7628 
MG40/correlationFUNCTfolderNH/NHrotaCF_11.xvg     0.6544     0.0780     0.7694 
MG40/correlationFUNCTfolderNH/NHrotaCF_12.xvg     0.5997     0.1381     0.7382 
MG40/correlationFUNCTfolderNH/NHrotaCF_13.xvg     0.6100     0.1330     0.7204 
MG40/correlationFUNCTfolderNH/NHrotaCF_14.xvg     0.5910     0.1170     0.7452 
MG40/correlationFUNCTfolderNH/NHrotaCF_15.xvg     0.5977     0.1218     0.7255 
MG40/correlationFUNCTfolderNH/NHrotaCF_16.xvg     0.6028     0.1379     0.6976 
MG40/correlationFUNCTfolderNH/NHrotaCF_17.xvg     0.6100     0.1484     0.6672 
MG40/correlationFUNCTfolderNH/NHrotaCF_18.xvg     0.6225     0.1389     0.6765 
MG40/correlationFUNCTfolderNH/NHrotaCF_19.xvg     0.6278     0.1508     0.6325 
MG40/correlationFUNCTfolderNH/NHrotaCF_20.xvg     0.7241     0.1459     0.4759 
MG40/correlationFUNCTfolderNH/NHrotaCF_21.xvg     0.7915     0.2384     0.1434 
