This is pdfTeX, Version 3.14159265-2.6-1.40.20 (TeX Live 2019/Debian) (preloaded format=pdflatex 2020.8.11)  14 JUN 2022 20:51
entering extended mode
 restricted \write18 enabled.
 %&-line parsing enabled.
**NMRSymposium.tex
(./NMRSymposium.tex
LaTeX2e <2020-02-02> patch level 2
L3 programming layer <2020-02-14>
(/usr/share/texlive/texmf-dist/tex/latex/beamer/beamer.cls
Document Class: beamer 2019/09/29 v3.57 A class for typesetting presentations
(/usr/share/texlive/texmf-dist/tex/latex/beamer/beamerbasemodes.sty
(/usr/share/texlive/texmf-dist/tex/latex/etoolbox/etoolbox.sty
Package: etoolbox 2019/09/21 v2.5h e-TeX tools for LaTeX (JAW)
\etb@tempcnta=\count167
)
\beamer@tempbox=\box45
\beamer@tempcount=\count168
\c@beamerpauses=\count169

(/usr/share/texlive/texmf-dist/tex/latex/beamer/beamerbasedecode.sty
\beamer@slideinframe=\count170
\beamer@minimum=\count171
\beamer@decode@box=\box46
)
\beamer@commentbox=\box47
\beamer@modecount=\count172
)
(/usr/share/texlive/texmf-dist/tex/generic/iftex/ifpdf.sty
Package: ifpdf 2019/10/25 v3.4 ifpdf legacy package. Use iftex instead.

(/usr/share/texlive/texmf-dist/tex/generic/iftex/iftex.sty
Package: iftex 2019/11/07 v1.0c TeX engine tests
))
\headdp=\dimen134
\footheight=\dimen135
\sidebarheight=\dimen136
\beamer@tempdim=\dimen137
\beamer@finalheight=\dimen138
\beamer@animht=\dimen139
\beamer@animdp=\dimen140
\beamer@animwd=\dimen141
\beamer@leftmargin=\dimen142
\beamer@rightmargin=\dimen143
\beamer@leftsidebar=\dimen144
\beamer@rightsidebar=\dimen145
\beamer@boxsize=\dimen146
\beamer@vboxoffset=\dimen147
\beamer@descdefault=\dimen148
\beamer@descriptionwidth=\dimen149
\beamer@lastskip=\skip47
\beamer@areabox=\box48
\beamer@animcurrent=\box49
\beamer@animshowbox=\box50
\beamer@sectionbox=\box51
\beamer@logobox=\box52
\beamer@linebox=\box53
\beamer@sectioncount=\count173
\beamer@subsubsectionmax=\count174
\beamer@subsectionmax=\count175
\beamer@sectionmax=\count176
\beamer@totalheads=\count177
\beamer@headcounter=\count178
\beamer@partstartpage=\count179
\beamer@sectionstartpage=\count180
\beamer@subsectionstartpage=\count181
\beamer@animationtempa=\count182
\beamer@animationtempb=\count183
\beamer@xpos=\count184
\beamer@ypos=\count185
\beamer@ypos@offset=\count186
\beamer@showpartnumber=\count187
\beamer@currentsubsection=\count188
\beamer@coveringdepth=\count189
\beamer@sectionadjust=\count190
\beamer@tocsectionnumber=\count191

(/usr/share/texlive/texmf-dist/tex/latex/beamer/beamerbaseoptions.sty
(/usr/share/texlive/texmf-dist/tex/latex/graphics/keyval.sty
Package: keyval 2014/10/28 v1.15 key=value parser (DPC)
\KV@toks@=\toks14
))
\beamer@paperwidth=\skip48
\beamer@paperheight=\skip49

(/usr/share/texlive/texmf-dist/tex/latex/geometry/geometry.sty
Package: geometry 2020/01/02 v5.9 Page Geometry

(/usr/share/texlive/texmf-dist/tex/generic/iftex/ifvtex.sty
Package: ifvtex 2019/10/25 v1.7 ifvtex legacy package. Use iftex instead.
)
\Gm@cnth=\count192
\Gm@cntv=\count193
\c@Gm@tempcnt=\count194
\Gm@bindingoffset=\dimen150
\Gm@wd@mp=\dimen151
\Gm@odd@mp=\dimen152
\Gm@even@mp=\dimen153
\Gm@layoutwidth=\dimen154
\Gm@layoutheight=\dimen155
\Gm@layouthoffset=\dimen156
\Gm@layoutvoffset=\dimen157
\Gm@dimlist=\toks15
)
(/usr/share/texlive/texmf-dist/tex/latex/base/size11.clo
File: size11.clo 2019/12/20 v1.4l Standard LaTeX file (size option)
)
(/usr/share/texlive/texmf-dist/tex/latex/pgf/basiclayer/pgfcore.sty
(/usr/share/texlive/texmf-dist/tex/latex/graphics/graphicx.sty
Package: graphicx 2019/11/30 v1.2a Enhanced LaTeX Graphics (DPC,SPQR)

(/usr/share/texlive/texmf-dist/tex/latex/graphics/graphics.sty
Package: graphics 2019/11/30 v1.4a Standard LaTeX Graphics (DPC,SPQR)

(/usr/share/texlive/texmf-dist/tex/latex/graphics/trig.sty
Package: trig 2016/01/03 v1.10 sin cos tan (DPC)
)
(/usr/share/texlive/texmf-dist/tex/latex/graphics-cfg/graphics.cfg
File: graphics.cfg 2016/06/04 v1.11 sample graphics configuration
)
Package graphics Info: Driver file: pdftex.def on input line 105.

(/usr/share/texlive/texmf-dist/tex/latex/graphics-def/pdftex.def
File: pdftex.def 2018/01/08 v1.0l Graphics/color driver for pdftex
))
\Gin@req@height=\dimen158
\Gin@req@width=\dimen159
)
(/usr/share/texlive/texmf-dist/tex/latex/pgf/systemlayer/pgfsys.sty
(/usr/share/texlive/texmf-dist/tex/latex/pgf/utilities/pgfrcs.sty
(/usr/share/texlive/texmf-dist/tex/generic/pgf/utilities/pgfutil-common.tex
\pgfutil@everybye=\toks16
\pgfutil@tempdima=\dimen160
\pgfutil@tempdimb=\dimen161

(/usr/share/texlive/texmf-dist/tex/generic/pgf/utilities/pgfutil-common-lists.t
ex)) (/usr/share/texlive/texmf-dist/tex/generic/pgf/utilities/pgfutil-latex.def
\pgfutil@abb=\box54
(/usr/share/texlive/texmf-dist/tex/latex/ms/everyshi.sty
Package: everyshi 2001/05/15 v3.00 EveryShipout Package (MS)
))
(/usr/share/texlive/texmf-dist/tex/generic/pgf/utilities/pgfrcs.code.tex
(/usr/share/texlive/texmf-dist/tex/generic/pgf/pgf.revision.tex)
Package: pgfrcs 2020/01/08 v3.1.5b (3.1.5b)
))
(/usr/share/texlive/texmf-dist/tex/generic/pgf/systemlayer/pgfsys.code.tex
Package: pgfsys 2020/01/08 v3.1.5b (3.1.5b)

(/usr/share/texlive/texmf-dist/tex/generic/pgf/utilities/pgfkeys.code.tex
\pgfkeys@pathtoks=\toks17
\pgfkeys@temptoks=\toks18

(/usr/share/texlive/texmf-dist/tex/generic/pgf/utilities/pgfkeysfiltered.code.t
ex
\pgfkeys@tmptoks=\toks19
))
\pgf@x=\dimen162
\pgf@y=\dimen163
\pgf@xa=\dimen164
\pgf@ya=\dimen165
\pgf@xb=\dimen166
\pgf@yb=\dimen167
\pgf@xc=\dimen168
\pgf@yc=\dimen169
\pgf@xd=\dimen170
\pgf@yd=\dimen171
\w@pgf@writea=\write3
\r@pgf@reada=\read2
\c@pgf@counta=\count195
\c@pgf@countb=\count196
\c@pgf@countc=\count197
\c@pgf@countd=\count198
\t@pgf@toka=\toks20
\t@pgf@tokb=\toks21
\t@pgf@tokc=\toks22
\pgf@sys@id@count=\count199
 (/usr/share/texlive/texmf-dist/tex/generic/pgf/systemlayer/pgf.cfg
File: pgf.cfg 2020/01/08 v3.1.5b (3.1.5b)
)
Driver file for pgf: pgfsys-pdftex.def

(/usr/share/texlive/texmf-dist/tex/generic/pgf/systemlayer/pgfsys-pdftex.def
File: pgfsys-pdftex.def 2020/01/08 v3.1.5b (3.1.5b)

(/usr/share/texlive/texmf-dist/tex/generic/pgf/systemlayer/pgfsys-common-pdf.de
f
File: pgfsys-common-pdf.def 2020/01/08 v3.1.5b (3.1.5b)
)))
(/usr/share/texlive/texmf-dist/tex/generic/pgf/systemlayer/pgfsyssoftpath.code.
tex
File: pgfsyssoftpath.code.tex 2020/01/08 v3.1.5b (3.1.5b)
\pgfsyssoftpath@smallbuffer@items=\count266
\pgfsyssoftpath@bigbuffer@items=\count267
)
(/usr/share/texlive/texmf-dist/tex/generic/pgf/systemlayer/pgfsysprotocol.code.
tex
File: pgfsysprotocol.code.tex 2020/01/08 v3.1.5b (3.1.5b)
)) (/usr/share/texlive/texmf-dist/tex/latex/xcolor/xcolor.sty
Package: xcolor 2016/05/11 v2.12 LaTeX color extensions (UK)

(/usr/share/texlive/texmf-dist/tex/latex/graphics-cfg/color.cfg
File: color.cfg 2016/01/02 v1.6 sample color configuration
)
Package xcolor Info: Driver file: pdftex.def on input line 225.
Package xcolor Info: Model `cmy' substituted by `cmy0' on input line 1348.
Package xcolor Info: Model `hsb' substituted by `rgb' on input line 1352.
Package xcolor Info: Model `RGB' extended on input line 1364.
Package xcolor Info: Model `HTML' substituted by `rgb' on input line 1366.
Package xcolor Info: Model `Hsb' substituted by `hsb' on input line 1367.
Package xcolor Info: Model `tHsb' substituted by `hsb' on input line 1368.
Package xcolor Info: Model `HSB' substituted by `hsb' on input line 1369.
Package xcolor Info: Model `Gray' substituted by `gray' on input line 1370.
Package xcolor Info: Model `wave' substituted by `hsb' on input line 1371.
)
(/usr/share/texlive/texmf-dist/tex/generic/pgf/basiclayer/pgfcore.code.tex
Package: pgfcore 2020/01/08 v3.1.5b (3.1.5b)

(/usr/share/texlive/texmf-dist/tex/generic/pgf/math/pgfmath.code.tex
(/usr/share/texlive/texmf-dist/tex/generic/pgf/math/pgfmathcalc.code.tex
(/usr/share/texlive/texmf-dist/tex/generic/pgf/math/pgfmathutil.code.tex)
(/usr/share/texlive/texmf-dist/tex/generic/pgf/math/pgfmathparser.code.tex
\pgfmath@dimen=\dimen172
\pgfmath@count=\count268
\pgfmath@box=\box55
\pgfmath@toks=\toks23
\pgfmath@stack@operand=\toks24
\pgfmath@stack@operation=\toks25
)
(/usr/share/texlive/texmf-dist/tex/generic/pgf/math/pgfmathfunctions.code.tex
(/usr/share/texlive/texmf-dist/tex/generic/pgf/math/pgfmathfunctions.basic.code
.tex)
(/usr/share/texlive/texmf-dist/tex/generic/pgf/math/pgfmathfunctions.trigonomet
ric.code.tex)
(/usr/share/texlive/texmf-dist/tex/generic/pgf/math/pgfmathfunctions.random.cod
e.tex)
(/usr/share/texlive/texmf-dist/tex/generic/pgf/math/pgfmathfunctions.comparison
.code.tex)
(/usr/share/texlive/texmf-dist/tex/generic/pgf/math/pgfmathfunctions.base.code.
tex)
(/usr/share/texlive/texmf-dist/tex/generic/pgf/math/pgfmathfunctions.round.code
.tex)
(/usr/share/texlive/texmf-dist/tex/generic/pgf/math/pgfmathfunctions.misc.code.
tex)
(/usr/share/texlive/texmf-dist/tex/generic/pgf/math/pgfmathfunctions.integerari
thmetics.code.tex)))
(/usr/share/texlive/texmf-dist/tex/generic/pgf/math/pgfmathfloat.code.tex
\c@pgfmathroundto@lastzeros=\count269
))
(/usr/share/texlive/texmf-dist/tex/generic/pgf/math/pgfint.code.tex)
(/usr/share/texlive/texmf-dist/tex/generic/pgf/basiclayer/pgfcorepoints.code.te
x
File: pgfcorepoints.code.tex 2020/01/08 v3.1.5b (3.1.5b)
\pgf@picminx=\dimen173
\pgf@picmaxx=\dimen174
\pgf@picminy=\dimen175
\pgf@picmaxy=\dimen176
\pgf@pathminx=\dimen177
\pgf@pathmaxx=\dimen178
\pgf@pathminy=\dimen179
\pgf@pathmaxy=\dimen180
\pgf@xx=\dimen181
\pgf@xy=\dimen182
\pgf@yx=\dimen183
\pgf@yy=\dimen184
\pgf@zx=\dimen185
\pgf@zy=\dimen186
)
(/usr/share/texlive/texmf-dist/tex/generic/pgf/basiclayer/pgfcorepathconstruct.
code.tex
File: pgfcorepathconstruct.code.tex 2020/01/08 v3.1.5b (3.1.5b)
\pgf@path@lastx=\dimen187
\pgf@path@lasty=\dimen188
)
(/usr/share/texlive/texmf-dist/tex/generic/pgf/basiclayer/pgfcorepathusage.code
.tex
File: pgfcorepathusage.code.tex 2020/01/08 v3.1.5b (3.1.5b)
\pgf@shorten@end@additional=\dimen189
\pgf@shorten@start@additional=\dimen190
)
(/usr/share/texlive/texmf-dist/tex/generic/pgf/basiclayer/pgfcorescopes.code.te
x
File: pgfcorescopes.code.tex 2020/01/08 v3.1.5b (3.1.5b)
\pgfpic=\box56
\pgf@hbox=\box57
\pgf@layerbox@main=\box58
\pgf@picture@serial@count=\count270
)
(/usr/share/texlive/texmf-dist/tex/generic/pgf/basiclayer/pgfcoregraphicstate.c
ode.tex
File: pgfcoregraphicstate.code.tex 2020/01/08 v3.1.5b (3.1.5b)
\pgflinewidth=\dimen191
)
(/usr/share/texlive/texmf-dist/tex/generic/pgf/basiclayer/pgfcoretransformation
s.code.tex
File: pgfcoretransformations.code.tex 2020/01/08 v3.1.5b (3.1.5b)
\pgf@pt@x=\dimen192
\pgf@pt@y=\dimen193
\pgf@pt@temp=\dimen194
)
(/usr/share/texlive/texmf-dist/tex/generic/pgf/basiclayer/pgfcorequick.code.tex
File: pgfcorequick.code.tex 2020/01/08 v3.1.5b (3.1.5b)
)
(/usr/share/texlive/texmf-dist/tex/generic/pgf/basiclayer/pgfcoreobjects.code.t
ex
File: pgfcoreobjects.code.tex 2020/01/08 v3.1.5b (3.1.5b)
)
(/usr/share/texlive/texmf-dist/tex/generic/pgf/basiclayer/pgfcorepathprocessing
.code.tex
File: pgfcorepathprocessing.code.tex 2020/01/08 v3.1.5b (3.1.5b)
)
(/usr/share/texlive/texmf-dist/tex/generic/pgf/basiclayer/pgfcorearrows.code.te
x
File: pgfcorearrows.code.tex 2020/01/08 v3.1.5b (3.1.5b)
\pgfarrowsep=\dimen195
)
(/usr/share/texlive/texmf-dist/tex/generic/pgf/basiclayer/pgfcoreshade.code.tex
File: pgfcoreshade.code.tex 2020/01/08 v3.1.5b (3.1.5b)
\pgf@max=\dimen196
\pgf@sys@shading@range@num=\count271
\pgf@shadingcount=\count272
)
(/usr/share/texlive/texmf-dist/tex/generic/pgf/basiclayer/pgfcoreimage.code.tex
File: pgfcoreimage.code.tex 2020/01/08 v3.1.5b (3.1.5b)

(/usr/share/texlive/texmf-dist/tex/generic/pgf/basiclayer/pgfcoreexternal.code.
tex
File: pgfcoreexternal.code.tex 2020/01/08 v3.1.5b (3.1.5b)
\pgfexternal@startupbox=\box59
))
(/usr/share/texlive/texmf-dist/tex/generic/pgf/basiclayer/pgfcorelayers.code.te
x
File: pgfcorelayers.code.tex 2020/01/08 v3.1.5b (3.1.5b)
)
(/usr/share/texlive/texmf-dist/tex/generic/pgf/basiclayer/pgfcoretransparency.c
ode.tex
File: pgfcoretransparency.code.tex 2020/01/08 v3.1.5b (3.1.5b)
)
(/usr/share/texlive/texmf-dist/tex/generic/pgf/basiclayer/pgfcorepatterns.code.
tex
File: pgfcorepatterns.code.tex 2020/01/08 v3.1.5b (3.1.5b)
)
(/usr/share/texlive/texmf-dist/tex/generic/pgf/basiclayer/pgfcorerdf.code.tex
File: pgfcorerdf.code.tex 2020/01/08 v3.1.5b (3.1.5b)
))) (/usr/share/texlive/texmf-dist/tex/latex/pgf/utilities/xxcolor.sty
Package: xxcolor 2003/10/24 ver 0.1
\XC@nummixins=\count273
\XC@countmixins=\count274
)
(/usr/share/texlive/texmf-dist/tex/generic/atbegshi/atbegshi.sty
Package: atbegshi 2019/12/05 v1.19 At begin shipout hook (HO)

(/usr/share/texlive/texmf-dist/tex/generic/infwarerr/infwarerr.sty
Package: infwarerr 2019/12/03 v1.5 Providing info/warning/error messages (HO)
)
(/usr/share/texlive/texmf-dist/tex/generic/ltxcmds/ltxcmds.sty
Package: ltxcmds 2019/12/15 v1.24 LaTeX kernel commands for general use (HO)
))
(/usr/share/texlive/texmf-dist/tex/latex/hyperref/hyperref.sty
Package: hyperref 2020/01/14 v7.00d Hypertext links for LaTeX

(/usr/share/texlive/texmf-dist/tex/latex/pdftexcmds/pdftexcmds.sty
Package: pdftexcmds 2019/11/24 v0.31 Utility functions of pdfTeX for LuaTeX (HO
)
Package pdftexcmds Info: \pdf@primitive is available.
Package pdftexcmds Info: \pdf@ifprimitive is available.
Package pdftexcmds Info: \pdfdraftmode found.
)
(/usr/share/texlive/texmf-dist/tex/generic/kvsetkeys/kvsetkeys.sty
Package: kvsetkeys 2019/12/15 v1.18 Key value parser (HO)
)
(/usr/share/texlive/texmf-dist/tex/generic/kvdefinekeys/kvdefinekeys.sty
Package: kvdefinekeys 2019-12-19 v1.6 Define keys (HO)
)
(/usr/share/texlive/texmf-dist/tex/generic/pdfescape/pdfescape.sty
Package: pdfescape 2019/12/09 v1.15 Implements pdfTeX's escape features (HO)
)
(/usr/share/texlive/texmf-dist/tex/latex/hycolor/hycolor.sty
Package: hycolor 2020-01-27 v1.10 Color options for hyperref/bookmark (HO)
)
(/usr/share/texlive/texmf-dist/tex/latex/letltxmacro/letltxmacro.sty
Package: letltxmacro 2019/12/03 v1.6 Let assignment for LaTeX macros (HO)
)
(/usr/share/texlive/texmf-dist/tex/latex/auxhook/auxhook.sty
Package: auxhook 2019-12-17 v1.6 Hooks for auxiliary files (HO)
)
(/usr/share/texlive/texmf-dist/tex/latex/kvoptions/kvoptions.sty
Package: kvoptions 2019/11/29 v3.13 Key value format for package options (HO)
)
\@linkdim=\dimen197
\Hy@linkcounter=\count275
\Hy@pagecounter=\count276

(/usr/share/texlive/texmf-dist/tex/latex/hyperref/pd1enc.def
File: pd1enc.def 2020/01/14 v7.00d Hyperref: PDFDocEncoding definition (HO)
Now handling font encoding PD1 ...
... no UTF-8 mapping file for font encoding PD1
)
(/usr/share/texlive/texmf-dist/tex/generic/intcalc/intcalc.sty
Package: intcalc 2019/12/15 v1.3 Expandable calculations with integers (HO)
)
(/usr/share/texlive/texmf-dist/tex/generic/etexcmds/etexcmds.sty
Package: etexcmds 2019/12/15 v1.7 Avoid name clashes with e-TeX commands (HO)
)
\Hy@SavedSpaceFactor=\count277
\pdfmajorversion=\count278
Package hyperref Info: Option `bookmarks' set `true' on input line 4421.
Package hyperref Info: Option `bookmarksopen' set `true' on input line 4421.
Package hyperref Info: Option `implicit' set `false' on input line 4421.
Package hyperref Info: Hyper figures OFF on input line 4547.
Package hyperref Info: Link nesting OFF on input line 4552.
Package hyperref Info: Hyper index ON on input line 4555.
Package hyperref Info: Plain pages OFF on input line 4562.
Package hyperref Info: Backreferencing OFF on input line 4567.
Package hyperref Info: Implicit mode OFF; no redefinition of LaTeX internals.
Package hyperref Info: Bookmarks ON on input line 4800.
\c@Hy@tempcnt=\count279

(/usr/share/texlive/texmf-dist/tex/latex/url/url.sty
\Urlmuskip=\muskip16
Package: url 2013/09/16  ver 3.4  Verb mode for urls, etc.
)
LaTeX Info: Redefining \url on input line 5159.
\XeTeXLinkMargin=\dimen198

(/usr/share/texlive/texmf-dist/tex/generic/bitset/bitset.sty
Package: bitset 2019/12/09 v1.3 Handle bit-vector datatype (HO)

(/usr/share/texlive/texmf-dist/tex/generic/bigintcalc/bigintcalc.sty
Package: bigintcalc 2019/12/15 v1.5 Expandable calculations on big integers (HO
)
))
\Fld@menulength=\count280
\Field@Width=\dimen199
\Fld@charsize=\dimen256
Package hyperref Info: Hyper figures OFF on input line 6430.
Package hyperref Info: Link nesting OFF on input line 6435.
Package hyperref Info: Hyper index ON on input line 6438.
Package hyperref Info: backreferencing OFF on input line 6445.
Package hyperref Info: Link coloring OFF on input line 6450.
Package hyperref Info: Link coloring with OCG OFF on input line 6455.
Package hyperref Info: PDF/A mode OFF on input line 6460.
LaTeX Info: Redefining \ref on input line 6500.
LaTeX Info: Redefining \pageref on input line 6504.
\Hy@abspage=\count281


Package hyperref Message: Stopped early.

)
Package hyperref Info: Driver (autodetected): hpdftex.
 (/usr/share/texlive/texmf-dist/tex/latex/hyperref/hpdftex.def
File: hpdftex.def 2020/01/14 v7.00d Hyperref driver for pdfTeX

(/usr/share/texlive/texmf-dist/tex/latex/atveryend/atveryend.sty
Package: atveryend 2019-12-11 v1.11 Hooks at the very end of document (HO)
)
\Fld@listcount=\count282
\c@bookmark@seq@number=\count283

(/usr/share/texlive/texmf-dist/tex/latex/rerunfilecheck/rerunfilecheck.sty
Package: rerunfilecheck 2019/12/05 v1.9 Rerun checks for auxiliary files (HO)

(/usr/share/texlive/texmf-dist/tex/generic/uniquecounter/uniquecounter.sty
Package: uniquecounter 2019/12/15 v1.4 Provide unlimited unique counter (HO)
)
Package uniquecounter Info: New unique counter `rerunfilecheck' on input line 2
86.
))
(/usr/share/texlive/texmf-dist/tex/latex/beamer/beamerbaserequires.sty
(/usr/share/texlive/texmf-dist/tex/latex/beamer/beamerbasecompatibility.sty)
(/usr/share/texlive/texmf-dist/tex/latex/beamer/beamerbasefont.sty
(/usr/share/texlive/texmf-dist/tex/latex/amsfonts/amssymb.sty
Package: amssymb 2013/01/14 v3.01 AMS font symbols

(/usr/share/texlive/texmf-dist/tex/latex/amsfonts/amsfonts.sty
Package: amsfonts 2013/01/14 v3.01 Basic AMSFonts support
\@emptytoks=\toks26
\symAMSa=\mathgroup4
\symAMSb=\mathgroup5
LaTeX Font Info:    Redeclaring math symbol \hbar on input line 98.
LaTeX Font Info:    Overwriting math alphabet `\mathfrak' in version `bold'
(Font)                  U/euf/m/n --> U/euf/b/n on input line 106.
))
(/usr/share/texlive/texmf-dist/tex/latex/sansmathaccent/sansmathaccent.sty
Package: sansmathaccent 2020/01/31

(/usr/share/texlive/texmf-dist/tex/latex/koma-script/scrlfile.sty
Package: scrlfile 2020/01/24 v3.29 KOMA-Script package (loading files)
)))
(/usr/share/texlive/texmf-dist/tex/latex/beamer/beamerbasetranslator.sty
(/usr/share/texlive/texmf-dist/tex/latex/translator/translator.sty
Package: translator 2019-05-31 v1.12a Easy translation of strings in LaTeX
))
(/usr/share/texlive/texmf-dist/tex/latex/beamer/beamerbasemisc.sty)
(/usr/share/texlive/texmf-dist/tex/latex/beamer/beamerbasetwoscreens.sty)
(/usr/share/texlive/texmf-dist/tex/latex/beamer/beamerbaseoverlay.sty
\beamer@argscount=\count284
\beamer@lastskipcover=\skip50
\beamer@trivlistdepth=\count285
)
(/usr/share/texlive/texmf-dist/tex/latex/beamer/beamerbasetitle.sty)
(/usr/share/texlive/texmf-dist/tex/latex/beamer/beamerbasesection.sty
\c@lecture=\count286
\c@part=\count287
\c@section=\count288
\c@subsection=\count289
\c@subsubsection=\count290
)
(/usr/share/texlive/texmf-dist/tex/latex/beamer/beamerbaseframe.sty
\beamer@framebox=\box60
\beamer@frametitlebox=\box61
\beamer@zoombox=\box62
\beamer@zoomcount=\count291
\beamer@zoomframecount=\count292
\beamer@frametextheight=\dimen257
\c@subsectionslide=\count293
\beamer@frametopskip=\skip51
\beamer@framebottomskip=\skip52
\beamer@frametopskipautobreak=\skip53
\beamer@framebottomskipautobreak=\skip54
\beamer@envbody=\toks27
\framewidth=\dimen258
\c@framenumber=\count294
)
(/usr/share/texlive/texmf-dist/tex/latex/beamer/beamerbaseverbatim.sty
\beamer@verbatimfileout=\write4
)
(/usr/share/texlive/texmf-dist/tex/latex/beamer/beamerbaseframesize.sty
\beamer@splitbox=\box63
\beamer@autobreakcount=\count295
\beamer@autobreaklastheight=\dimen259
\beamer@frametitletoks=\toks28
\beamer@framesubtitletoks=\toks29
)
(/usr/share/texlive/texmf-dist/tex/latex/beamer/beamerbaseframecomponents.sty
\beamer@footins=\box64
)
(/usr/share/texlive/texmf-dist/tex/latex/beamer/beamerbasecolor.sty)
(/usr/share/texlive/texmf-dist/tex/latex/beamer/beamerbasenotes.sty
\beamer@frameboxcopy=\box65
)
(/usr/share/texlive/texmf-dist/tex/latex/beamer/beamerbasetoc.sty)
(/usr/share/texlive/texmf-dist/tex/latex/beamer/beamerbasetemplates.sty
\beamer@sbttoks=\toks30

(/usr/share/texlive/texmf-dist/tex/latex/beamer/beamerbaseauxtemplates.sty
(/usr/share/texlive/texmf-dist/tex/latex/beamer/beamerbaseboxes.sty
\bmb@box=\box66
\bmb@colorbox=\box67
\bmb@boxshadow=\box68
\bmb@boxshadowball=\box69
\bmb@boxshadowballlarge=\box70
\bmb@temp=\dimen260
\bmb@dima=\dimen261
\bmb@dimb=\dimen262
\bmb@prevheight=\dimen263
)
\beamer@blockheadheight=\dimen264
))
(/usr/share/texlive/texmf-dist/tex/latex/beamer/beamerbaselocalstructure.sty
(/usr/share/texlive/texmf-dist/tex/latex/tools/enumerate.sty
Package: enumerate 2015/07/23 v3.00 enumerate extensions (DPC)
\@enLab=\toks31
)
\c@figure=\count296
\c@table=\count297
\abovecaptionskip=\skip55
\belowcaptionskip=\skip56
)
(/usr/share/texlive/texmf-dist/tex/latex/beamer/beamerbasenavigation.sty
\beamer@section@min@dim=\dimen265
)
(/usr/share/texlive/texmf-dist/tex/latex/beamer/beamerbasetheorems.sty
(/usr/share/texlive/texmf-dist/tex/latex/amsmath/amsmath.sty
Package: amsmath 2020/01/20 v2.17e AMS math features
\@mathmargin=\skip57

For additional information on amsmath, use the `?' option.
(/usr/share/texlive/texmf-dist/tex/latex/amsmath/amstext.sty
Package: amstext 2000/06/29 v2.01 AMS text

(/usr/share/texlive/texmf-dist/tex/latex/amsmath/amsgen.sty
File: amsgen.sty 1999/11/30 v2.0 generic functions
\@emptytoks=\toks32
\ex@=\dimen266
))
(/usr/share/texlive/texmf-dist/tex/latex/amsmath/amsbsy.sty
Package: amsbsy 1999/11/29 v1.2d Bold Symbols
\pmbraise@=\dimen267
)
(/usr/share/texlive/texmf-dist/tex/latex/amsmath/amsopn.sty
Package: amsopn 2016/03/08 v2.02 operator names
)
\inf@bad=\count298
LaTeX Info: Redefining \frac on input line 227.
\uproot@=\count299
\leftroot@=\count300
LaTeX Info: Redefining \overline on input line 389.
\classnum@=\count301
\DOTSCASE@=\count302
LaTeX Info: Redefining \ldots on input line 486.
LaTeX Info: Redefining \dots on input line 489.
LaTeX Info: Redefining \cdots on input line 610.
\Mathstrutbox@=\box71
\strutbox@=\box72
\big@size=\dimen268
LaTeX Font Info:    Redeclaring font encoding OML on input line 733.
LaTeX Font Info:    Redeclaring font encoding OMS on input line 734.
\macc@depth=\count303
\c@MaxMatrixCols=\count304
\dotsspace@=\muskip17
\c@parentequation=\count305
\dspbrk@lvl=\count306
\tag@help=\toks33
\row@=\count307
\column@=\count308
\maxfields@=\count309
\andhelp@=\toks34
\eqnshift@=\dimen269
\alignsep@=\dimen270
\tagshift@=\dimen271
\tagwidth@=\dimen272
\totwidth@=\dimen273
\lineht@=\dimen274
\@envbody=\toks35
\multlinegap=\skip58
\multlinetaggap=\skip59
\mathdisplay@stack=\toks36
LaTeX Info: Redefining \[ on input line 2859.
LaTeX Info: Redefining \] on input line 2860.
)
(/usr/share/texlive/texmf-dist/tex/latex/amscls/amsthm.sty
Package: amsthm 2017/10/31 v2.20.4
\thm@style=\toks37
\thm@bodyfont=\toks38
\thm@headfont=\toks39
\thm@notefont=\toks40
\thm@headpunct=\toks41
\thm@preskip=\skip60
\thm@postskip=\skip61
\thm@headsep=\skip62
\dth@everypar=\toks42
)
\c@theorem=\count310
)
(/usr/share/texlive/texmf-dist/tex/latex/beamer/beamerbasethemes.sty))
(/usr/share/texlive/texmf-dist/tex/latex/beamer/beamerthemedefault.sty
(/usr/share/texlive/texmf-dist/tex/latex/beamer/beamerfontthemedefault.sty)
(/usr/share/texlive/texmf-dist/tex/latex/beamer/beamercolorthemedefault.sty)
(/usr/share/texlive/texmf-dist/tex/latex/beamer/beamerinnerthemedefault.sty
\beamer@dima=\dimen275
\beamer@dimb=\dimen276
)
(/usr/share/texlive/texmf-dist/tex/latex/beamer/beamerouterthemedefault.sty)))
(/usr/share/texlive/texmf-dist/tex/latex/beamer/beamercolorthemeseahorse.sty)
(/usr/share/texlive/texmf-dist/tex/latex/changepage/changepage.sty
Package: changepage 2009/10/20 v1.0c check page and change page layout
\c@cp@cntr=\count311
\cp@tempcnt=\count312
)
(/usr/share/texlive/texmf-dist/tex/latex/lipsum/lipsum.sty
(/usr/share/texlive/texmf-dist/tex/latex/l3kernel/expl3.sty
Package: expl3 2020-02-14 L3 programming layer (loader) 

(/usr/share/texlive/texmf-dist/tex/latex/l3backend/l3backend-pdfmode.def
File: l3backend-pdfmode.def 2020-02-03 L3 backend support: PDF mode
\l__kernel_color_stack_int=\count313
\l__pdf_internal_box=\box73
))
(/usr/share/texlive/texmf-dist/tex/latex/l3packages/xparse/xparse.sty
Package: xparse 2020-02-14 L3 Experimental document command parser
\l__xparse_current_arg_int=\count314
\g__xparse_grabber_int=\count315
\l__xparse_m_args_int=\count316
\l__xparse_v_nesting_int=\count317
)
Package: lipsum 2019/01/02 v2.2 150 paragraphs of Lorem Ipsum dummy text

(/usr/share/texlive/texmf-dist/tex/latex/lipsum/lipsum.ltd.tex
File: lipsum.ltd.tex 2019/01/02 v2.2 The Lorem ipsum dummy text
))
(/usr/share/texlive/texmf-dist/tex/latex/textpos/textpos.sty
Package: textpos 2019/04/15 v1.9.1

Package: textpos 2019/04/15 1.9.1, absolute positioning of text on the page
\TP@textbox=\box74
\TPHorizModule=\dimen277
\TPVertModule=\dimen278
\TP@margin=\dimen279
\TP@absmargin=\dimen280
Grid set 16 x 16 = 22.7622pt x 17.07166pt
\TPboxrulesize=\dimen281
\TP@tbargs=\toks43
\TP@prevdepth=\dimen282
) (/usr/share/texlive/texmf-dist/tex/latex/bbding/bbding.sty
Package: bbding 1999/04/15 v1.01 Dingbats symbols
)
(/usr/share/texlive/texmf-dist/tex/latex/psnfss/pifont.sty
Package: pifont 2005/04/12 PSNFSS-v9.2a Pi font support (SPQR) 
LaTeX Font Info:    Trying to load font information for U+pzd on input line 63.


(/usr/share/texlive/texmf-dist/tex/latex/psnfss/upzd.fd
File: upzd.fd 2001/06/04 font definitions for U/pzd.
)
LaTeX Font Info:    Trying to load font information for U+psy on input line 64.


(/usr/share/texlive/texmf-dist/tex/latex/psnfss/upsy.fd
File: upsy.fd 2001/06/04 font definitions for U/psy.
))
(/usr/share/texlive/texmf-dist/tex/latex/wasysym/wasysym.sty
Package: wasysym 2020/01/19 v2.4 Wasy-2 symbol support package
\symwasy=\mathgroup6
LaTeX Font Info:    Overwriting symbol font `wasy' in version `bold'
(Font)                  U/wasy/m/n --> U/wasy/b/n on input line 93.
)
(/usr/share/texlive/texmf-dist/tex/latex/booktabs/booktabs.sty
Package: booktabs 2020/01/12 v1.61803398 Publication quality tables
\heavyrulewidth=\dimen283
\lightrulewidth=\dimen284
\cmidrulewidth=\dimen285
\belowrulesep=\dimen286
\belowbottomsep=\dimen287
\aboverulesep=\dimen288
\abovetopsep=\dimen289
\cmidrulesep=\dimen290
\cmidrulekern=\dimen291
\defaultaddspace=\dimen292
\@cmidla=\count318
\@cmidlb=\count319
\@aboverulesep=\dimen293
\@belowrulesep=\dimen294
\@thisruleclass=\count320
\@lastruleclass=\count321
\@thisrulewidth=\dimen295
)
(/usr/share/texlive/texmf-dist/tex/latex/media9/media9.sty
(/usr/share/texlive/texmf-dist/tex/latex/l3packages/l3keys2e/l3keys2e.sty
Package: l3keys2e 2020-02-14 LaTeX2e option processing using LaTeX3 keys
)
Package: media9 2020/01/27 v1.05 acrobat-9/X compatible media
\g_mix_pkgresizeflag_int=\count322

(/usr/share/texlive/texmf-dist/tex/latex/media9/pdfbase.sty
Package: pdfbase 2020/01/27 v0.36 driver independent access to low-level PDF fe
atures
\g_pbs_page_int=\count323
\g_pbs_oc_int=\count324
)
(/usr/share/texlive/texmf-dist/tex/latex/ocgx2/ocgbase.sty
Package: ocgbase 2019/11/04 v0.17 support package for ocgx2.sty
\g_ocgbase_nd_int=\count325
)
\l_mix_poster_box=\box75
\g_mix_wd_dim=\dimen296
\g_mix_ht_dim=\dimen297
\g_mix_dp_dim=\dimen298
\g_mix_rmcnt_int=\count326
\l_mix_viewcnt_int=\count327
\g@mix@page@int=\count328
\g_mix_resizeflag_int=\count329
\l_mix_lineno_int=\count330
\l_mix_pbtn_box=\box76
\mix@btn@dim=\dimen299
\g_mix_mbtncnt_int=\count331
)
(/usr/share/texlive/texmf-dist/tex/latex/beamer/multimedia.sty
Package: multimedia 2012/05/02 ver 0.02
\mm@movie=\count332
)
(/usr/share/texlive/texmf-dist/tex/generic/chemfig/chemfig.sty
(/usr/share/texlive/texmf-dist/tex/latex/pgf/frontendlayer/tikz.sty
(/usr/share/texlive/texmf-dist/tex/latex/pgf/basiclayer/pgf.sty
Package: pgf 2020/01/08 v3.1.5b (3.1.5b)

(/usr/share/texlive/texmf-dist/tex/generic/pgf/modules/pgfmoduleshapes.code.tex
File: pgfmoduleshapes.code.tex 2020/01/08 v3.1.5b (3.1.5b)
\pgfnodeparttextbox=\box77
) (/usr/share/texlive/texmf-dist/tex/generic/pgf/modules/pgfmoduleplot.code.tex
File: pgfmoduleplot.code.tex 2020/01/08 v3.1.5b (3.1.5b)
)
(/usr/share/texlive/texmf-dist/tex/latex/pgf/compatibility/pgfcomp-version-0-65
.sty
Package: pgfcomp-version-0-65 2020/01/08 v3.1.5b (3.1.5b)
\pgf@nodesepstart=\dimen300
\pgf@nodesepend=\dimen301
)
(/usr/share/texlive/texmf-dist/tex/latex/pgf/compatibility/pgfcomp-version-1-18
.sty
Package: pgfcomp-version-1-18 2020/01/08 v3.1.5b (3.1.5b)
)) (/usr/share/texlive/texmf-dist/tex/latex/pgf/utilities/pgffor.sty
(/usr/share/texlive/texmf-dist/tex/latex/pgf/utilities/pgfkeys.sty
(/usr/share/texlive/texmf-dist/tex/generic/pgf/utilities/pgfkeys.code.tex))
(/usr/share/texlive/texmf-dist/tex/latex/pgf/math/pgfmath.sty
(/usr/share/texlive/texmf-dist/tex/generic/pgf/math/pgfmath.code.tex))
(/usr/share/texlive/texmf-dist/tex/generic/pgf/utilities/pgffor.code.tex
Package: pgffor 2020/01/08 v3.1.5b (3.1.5b)

(/usr/share/texlive/texmf-dist/tex/generic/pgf/math/pgfmath.code.tex)
\pgffor@iter=\dimen302
\pgffor@skip=\dimen303
\pgffor@stack=\toks44
\pgffor@toks=\toks45
))
(/usr/share/texlive/texmf-dist/tex/generic/pgf/frontendlayer/tikz/tikz.code.tex
Package: tikz 2020/01/08 v3.1.5b (3.1.5b)

(/usr/share/texlive/texmf-dist/tex/generic/pgf/libraries/pgflibraryplothandlers
.code.tex
File: pgflibraryplothandlers.code.tex 2020/01/08 v3.1.5b (3.1.5b)
\pgf@plot@mark@count=\count333
\pgfplotmarksize=\dimen304
)
\tikz@lastx=\dimen305
\tikz@lasty=\dimen306
\tikz@lastxsaved=\dimen307
\tikz@lastysaved=\dimen308
\tikz@lastmovetox=\dimen309
\tikz@lastmovetoy=\dimen310
\tikzleveldistance=\dimen311
\tikzsiblingdistance=\dimen312
\tikz@figbox=\box78
\tikz@figbox@bg=\box79
\tikz@tempbox=\box80
\tikz@tempbox@bg=\box81
\tikztreelevel=\count334
\tikznumberofchildren=\count335
\tikznumberofcurrentchild=\count336
\tikz@fig@count=\count337

(/usr/share/texlive/texmf-dist/tex/generic/pgf/modules/pgfmodulematrix.code.tex
File: pgfmodulematrix.code.tex 2020/01/08 v3.1.5b (3.1.5b)
\pgfmatrixcurrentrow=\count338
\pgfmatrixcurrentcolumn=\count339
\pgf@matrix@numberofcolumns=\count340
)
\tikz@expandcount=\count341

(/usr/share/texlive/texmf-dist/tex/generic/pgf/frontendlayer/tikz/libraries/tik
zlibrarytopaths.code.tex
File: tikzlibrarytopaths.code.tex 2020/01/08 v3.1.5b (3.1.5b)
)))
(/usr/share/texlive/texmf-dist/tex/generic/chemfig/chemfig.tex
(/usr/share/texlive/texmf-dist/tex/generic/simplekv/simplekv.tex)
(/usr/share/texlive/texmf-dist/tex/generic/pgf/libraries/pgflibraryarrows.meta.
code.tex
File: pgflibraryarrows.meta.code.tex 2020/01/08 v3.1.5b (3.1.5b)
\pgfarrowinset=\dimen313
\pgfarrowlength=\dimen314
\pgfarrowwidth=\dimen315
\pgfarrowlinewidth=\dimen316
)
\CF_cntatomgroup=\count342
\CF_cntgroup=\count343
\CF_cntatom=\count344
\CF_cntcycle=\count345
\CF_cntcompound=\count346
\CF_dim=\dimen317
\CF_arrowsize=\dimen318
\CF_zero=\dimen319
\CF_boxlewis=\box82
\CF_box=\box83
\CF_boxstuff=\box84
\CF_substtoks=\toks46
)
Package: chemfig 2019/05/21 v1.41 Draw molecule with an easy syntax (CT)
)

Package hyperref Warning: Token not allowed in a PDF string (PDFDocEncoding):
(hyperref)                removing `\\' on input line 70.

(/usr/share/texlive/texmf-dist/tex/latex/beamer/beamerfontthemeserif.sty)
(./NMRSymposium.aux)
\openout1 = `NMRSymposium.aux'.

LaTeX Font Info:    Checking defaults for OML/cmm/m/it on input line 91.
LaTeX Font Info:    ... okay on input line 91.
LaTeX Font Info:    Checking defaults for OMS/cmsy/m/n on input line 91.
LaTeX Font Info:    ... okay on input line 91.
LaTeX Font Info:    Checking defaults for OT1/cmr/m/n on input line 91.
LaTeX Font Info:    ... okay on input line 91.
LaTeX Font Info:    Checking defaults for T1/cmr/m/n on input line 91.
LaTeX Font Info:    ... okay on input line 91.
LaTeX Font Info:    Checking defaults for TS1/cmr/m/n on input line 91.
LaTeX Font Info:    ... okay on input line 91.
LaTeX Font Info:    Checking defaults for OMX/cmex/m/n on input line 91.
LaTeX Font Info:    ... okay on input line 91.
LaTeX Font Info:    Checking defaults for U/cmr/m/n on input line 91.
LaTeX Font Info:    ... okay on input line 91.
LaTeX Font Info:    Checking defaults for PD1/pdf/m/n on input line 91.
LaTeX Font Info:    ... okay on input line 91.

*geometry* driver: auto-detecting
*geometry* detected driver: pdftex
*geometry* verbose mode - [ preamble ] result:
* driver: pdftex
* paper: custom
* layout: <same size as paper>
* layoutoffset:(h,v)=(0.0pt,0.0pt)
* modes: includehead includefoot 
* h-part:(L,W,R)=(28.45274pt, 307.28987pt, 28.45274pt)
* v-part:(T,H,B)=(0.0pt, 273.14662pt, 0.0pt)
* \paperwidth=364.19536pt
* \paperheight=273.14662pt
* \textwidth=307.28987pt
* \textheight=244.6939pt
* \oddsidemargin=-43.81725pt
* \evensidemargin=-43.81725pt
* \topmargin=-72.26999pt
* \headheight=14.22636pt
* \headsep=0.0pt
* \topskip=11.0pt
* \footskip=14.22636pt
* \marginparwidth=4.0pt
* \marginparsep=10.0pt
* \columnsep=10.0pt
* \skip\footins=10.0pt plus 4.0pt minus 2.0pt
* \hoffset=0.0pt
* \voffset=0.0pt
* \mag=1000
* \@twocolumnfalse
* \@twosidefalse
* \@mparswitchfalse
* \@reversemarginfalse
* (1in=72.27pt=25.4mm, 1cm=28.453pt)

(/usr/share/texlive/texmf-dist/tex/context/base/mkii/supp-pdf.mkii
[Loading MPS to PDF converter (version 2006.09.02).]
\scratchcounter=\count347
\scratchdimen=\dimen320
\scratchbox=\box85
\nofMPsegments=\count348
\nofMParguments=\count349
\everyMPshowfont=\toks47
\MPscratchCnt=\count350
\MPscratchDim=\dimen321
\MPnumerator=\count351
\makeMPintoPDFobject=\count352
\everyMPtoPDFconversion=\toks48
) (/usr/share/texlive/texmf-dist/tex/latex/epstopdf-pkg/epstopdf-base.sty
Package: epstopdf-base 2020-01-24 v2.11 Base part for package epstopdf
Package epstopdf-base Info: Redefining graphics rule for `.eps' on input line 4
85.

(/usr/share/texlive/texmf-dist/tex/latex/latexconfig/epstopdf-sys.cfg
File: epstopdf-sys.cfg 2010/07/13 v1.3 Configuration of (r)epstopdf for TeX Liv
e
))
ABD: EveryShipout initializing macros
\AtBeginShipoutBox=\box86
Package hyperref Info: Link coloring OFF on input line 91.

(/usr/share/texlive/texmf-dist/tex/latex/hyperref/nameref.sty
Package: nameref 2019/09/16 v2.46 Cross-referencing by name of section

(/usr/share/texlive/texmf-dist/tex/latex/refcount/refcount.sty
Package: refcount 2019/12/15 v3.6 Data extraction from label references (HO)
)
(/usr/share/texlive/texmf-dist/tex/generic/gettitlestring/gettitlestring.sty
Package: gettitlestring 2019/12/15 v1.6 Cleanup title references (HO)
)
\c@section@level=\count353
)
LaTeX Info: Redefining \ref on input line 91.
LaTeX Info: Redefining \pageref on input line 91.
LaTeX Info: Redefining \nameref on input line 91.

(./NMRSymposium.out) (./NMRSymposium.out)
\@outlinefile=\write5
\openout5 = `NMRSymposium.out'.


(/usr/share/texlive/texmf-dist/tex/latex/translator/translator-basic-dictionary
-English.dict
Dictionary: translator-basic-dictionary, Language: English 
)
(/usr/share/texlive/texmf-dist/tex/latex/translator/translator-bibliography-dic
tionary-English.dict
Dictionary: translator-bibliography-dictionary, Language: English 
)
(/usr/share/texlive/texmf-dist/tex/latex/translator/translator-environment-dict
ionary-English.dict
Dictionary: translator-environment-dictionary, Language: English 
)
(/usr/share/texlive/texmf-dist/tex/latex/translator/translator-months-dictionar
y-English.dict
Dictionary: translator-months-dictionary, Language: English 
)
(/usr/share/texlive/texmf-dist/tex/latex/translator/translator-numbers-dictiona
ry-English.dict
Dictionary: translator-numbers-dictionary, Language: English 
)
(/usr/share/texlive/texmf-dist/tex/latex/translator/translator-theorem-dictiona
ry-English.dict
Dictionary: translator-theorem-dictionary, Language: English 
) (./NMRSymposium.nav)

LaTeX Warning: File `pictures/Carolinum_Logo.pdf' not found on input line 101.


! Package pdftex.def Error: File `pictures/Carolinum_Logo.pdf' not found: using
 draft setting.

See the pdftex.def package documentation for explanation.
Type  H <return>  for immediate help.
 ...                                              
                                                  
l.101 \end{frame}
                 
Try typing  <return>  to proceed.
If that doesn't work, type  X <return>  to quit.


LaTeX Warning: File `pictures/logo.eps' not found on input line 101.

Package epstopdf Info: Source file: <pictures/logo.eps>
(epstopdf)             Output file: <pictures/logo-eps-converted-to.pdf>
(epstopdf)             Command: <repstopdf --outfile=pictures/logo-eps-converte
d-to.pdf pictures/logo.eps>
(epstopdf)             \includegraphics on input line 101.
Package epstopdf Info: Output file is already uptodate.

! Package pdftex.def Error: File `pictures/logo-eps-converted-to.pdf' not found
: using draft setting.

See the pdftex.def package documentation for explanation.
Type  H <return>  for immediate help.
 ...                                              
                                                  
l.101 \end{frame}
                 
Try typing  <return>  to proceed.
If that doesn't work, type  X <return>  to quit.


LaTeX Warning: File `pictures/logo_nature.pdf' not found on input line 101.


! Package pdftex.def Error: File `pictures/logo_nature.pdf' not found: using dr
aft setting.

See the pdftex.def package documentation for explanation.
Type  H <return>  for immediate help.
 ...                                              
                                                  
l.101 \end{frame}
                 
Try typing  <return>  to proceed.
If that doesn't work, type  X <return>  to quit.

[1{/var/lib/texmf/fonts/map/pdftex/updmap/pdftex.map}

]
<can_we0.pdf, id=94, 1559.39719pt x 770.01967pt>
File: can_we0.pdf Graphic file (type pdf)
<use can_we0.pdf>
Package pdftex.def Info: can_we0.pdf  used on input line 128.
(pdftex.def)             Requested size: 288.10326pt x 142.26378pt.
 [2

 <./can_we0.pdf>]
<can_we1.pdf, id=126, 1559.39719pt x 770.01967pt>
File: can_we1.pdf Graphic file (type pdf)
<use can_we1.pdf>
Package pdftex.def Info: can_we1.pdf  used on input line 140.
(pdftex.def)             Requested size: 288.10326pt x 142.26378pt.

[3

 <./can_we1.pdf>]
<can_we2.pdf, id=950, 1559.39719pt x 773.4961pt>
File: can_we2.pdf Graphic file (type pdf)
<use can_we2.pdf>
Package pdftex.def Info: can_we2.pdf  used on input line 152.
(pdftex.def)             Requested size: 286.79456pt x 142.26378pt.
 [4

 <./can_we2.pdf>]
<can_we3.pdf, id=2128, 1559.39719pt x 773.4961pt>
File: can_we3.pdf Graphic file (type pdf)
<use can_we3.pdf>
Package pdftex.def Info: can_we3.pdf  used on input line 165.
(pdftex.def)             Requested size: 286.79456pt x 142.26378pt.
 [5

 <./can_we3.pdf>]
<can_we4.pdf, id=3305, 1559.39719pt x 773.4961pt>
File: can_we4.pdf Graphic file (type pdf)
<use can_we4.pdf>
Package pdftex.def Info: can_we4.pdf  used on input line 177.
(pdftex.def)             Requested size: 286.79456pt x 142.26378pt.
 [6

 <./can_we4.pdf>]
<can_we.pdf, id=4482, 1559.39719pt x 773.4961pt>
File: can_we.pdf Graphic file (type pdf)
<use can_we.pdf>
Package pdftex.def Info: can_we.pdf  used on input line 192.
(pdftex.def)             Requested size: 286.79456pt x 142.26378pt.
[7

 <./can_we.pdf>]
<what_we_do11.pdf, id=5660, 1430.17735pt x 969.35391pt>
File: what_we_do11.pdf Graphic file (type pdf)
<use what_we_do11.pdf>
Package pdftex.def Info: what_we_do11.pdf  used on input line 207.
(pdftex.def)             Requested size: 251.85602pt x 170.71652pt.
 [8

 <./what_we_do11.pdf>]
<what_we_do10.pdf, id=5729, 1430.17735pt x 969.35391pt>
File: what_we_do10.pdf Graphic file (type pdf)
<use what_we_do10.pdf>
Package pdftex.def Info: what_we_do10.pdf  used on input line 219.
(pdftex.def)             Requested size: 251.85602pt x 170.71652pt.
 [9

 <./what_we_do10.pdf>]
<what_we_do9.pdf, id=6109, 1430.17735pt x 969.35391pt>
File: what_we_do9.pdf Graphic file (type pdf)
<use what_we_do9.pdf>
Package pdftex.def Info: what_we_do9.pdf  used on input line 232.
(pdftex.def)             Requested size: 251.85602pt x 170.71652pt.
 [10

 <./what_we_do9.pdf>]
<what_we_do8.pdf, id=6493, 1430.17735pt x 969.35391pt>
File: what_we_do8.pdf Graphic file (type pdf)
<use what_we_do8.pdf>
Package pdftex.def Info: what_we_do8.pdf  used on input line 245.
(pdftex.def)             Requested size: 251.85602pt x 170.71652pt.
 [11

 <./what_we_do8.pdf>]
<what_we_do7.pdf, id=6878, 1430.17735pt x 969.35391pt>
File: what_we_do7.pdf Graphic file (type pdf)
<use what_we_do7.pdf>
Package pdftex.def Info: what_we_do7.pdf  used on input line 259.
(pdftex.def)             Requested size: 251.85602pt x 170.71652pt.
 [12

 <./what_we_do7.pdf>]
<what_we_do6.pdf, id=7262, 1430.17735pt x 969.35391pt>
File: what_we_do6.pdf Graphic file (type pdf)
<use what_we_do6.pdf>
Package pdftex.def Info: what_we_do6.pdf  used on input line 272.
(pdftex.def)             Requested size: 251.85602pt x 170.71652pt.
 [13

 <./what_we_do6.pdf>]
<what_we_do5.pdf, id=7647, 1430.17735pt x 969.35391pt>
File: what_we_do5.pdf Graphic file (type pdf)
<use what_we_do5.pdf>
Package pdftex.def Info: what_we_do5.pdf  used on input line 285.
(pdftex.def)             Requested size: 251.85602pt x 170.71652pt.
 [14

 <./what_we_do5.pdf>]
<what_we_do4.pdf, id=8338, 1430.17735pt x 969.35391pt>
File: what_we_do4.pdf Graphic file (type pdf)
<use what_we_do4.pdf>
Package pdftex.def Info: what_we_do4.pdf  used on input line 298.
(pdftex.def)             Requested size: 251.85602pt x 170.71652pt.
 [15

 <./what_we_do4.pdf>]
<what_we_do3.pdf, id=9030, 1430.17735pt x 969.35391pt>
File: what_we_do3.pdf Graphic file (type pdf)
<use what_we_do3.pdf>
Package pdftex.def Info: what_we_do3.pdf  used on input line 311.
(pdftex.def)             Requested size: 251.85602pt x 170.71652pt.
 [16

 <./what_we_do3.pdf>]
<what_we_do2.pdf, id=9722, 1430.17735pt x 969.35391pt>
File: what_we_do2.pdf Graphic file (type pdf)
<use what_we_do2.pdf>
Package pdftex.def Info: what_we_do2.pdf  used on input line 324.
(pdftex.def)             Requested size: 251.85602pt x 170.71652pt.
 [17

 <./what_we_do2.pdf>]
<what_we_do1.pdf, id=10415, 1430.17735pt x 969.35391pt>
File: what_we_do1.pdf Graphic file (type pdf)
<use what_we_do1.pdf>
Package pdftex.def Info: what_we_do1.pdf  used on input line 337.
(pdftex.def)             Requested size: 251.85602pt x 170.71652pt.
 [18

 <./what_we_do1.pdf>] [19

]
<dynam4.pdf, id=11138, 498.09918pt x 248.6673pt>
File: dynam4.pdf Graphic file (type pdf)
<use dynam4.pdf>
Package pdftex.def Info: dynam4.pdf  used on input line 377.
(pdftex.def)             Requested size: 284.97594pt x 142.26378pt.
 [20

 <./dynam4.pdf>]
<dynam0.pdf, id=11170, 498.09831pt x 248.66893pt>
File: dynam0.pdf Graphic file (type pdf)
<use dynam0.pdf>
Package pdftex.def Info: dynam0.pdf  used on input line 387.
(pdftex.def)             Requested size: 284.97543pt x 142.26378pt.
 [21

 <./dynam0.pdf>]
<dynam1.pdf, id=11213, 498.09831pt x 248.66893pt>
File: dynam1.pdf Graphic file (type pdf)
<use dynam1.pdf>
Package pdftex.def Info: dynam1.pdf  used on input line 396.
(pdftex.def)             Requested size: 284.97543pt x 142.26378pt.
 [22

 <./dynam1.pdf>]
<dynam2.pdf, id=11255, 498.09831pt x 248.66893pt>
File: dynam2.pdf Graphic file (type pdf)
<use dynam2.pdf>
Package pdftex.def Info: dynam2.pdf  used on input line 406.
(pdftex.def)             Requested size: 284.97543pt x 142.26378pt.
 [23

 <./dynam2.pdf>]
<dynam3.pdf, id=11296, 498.09831pt x 248.66893pt>
File: dynam3.pdf Graphic file (type pdf)
<use dynam3.pdf>
Package pdftex.def Info: dynam3.pdf  used on input line 416.
(pdftex.def)             Requested size: 284.97543pt x 142.26378pt.
 [24

 <./dynam3.pdf>]
<plots/samples0.pdf, id=11338, 1037.7665pt x 728.07751pt>
File: plots/samples0.pdf Graphic file (type pdf)
<use plots/samples0.pdf>
Package pdftex.def Info: plots/samples0.pdf  used on input line 431.
(pdftex.def)             Requested size: 243.32094pt x 170.71652pt.
 [25

 <./plots/samples0.pdf>]
<plots/samples9.pdf, id=11370, 1037.7665pt x 728.07751pt>
File: plots/samples9.pdf Graphic file (type pdf)
<use plots/samples9.pdf>
Package pdftex.def Info: plots/samples9.pdf  used on input line 443.
(pdftex.def)             Requested size: 243.32094pt x 170.71652pt.
 [26

 <./plots/samples9.pdf>]
<plots/samples8.pdf, id=11649, 1037.7665pt x 728.07751pt>
File: plots/samples8.pdf Graphic file (type pdf)
<use plots/samples8.pdf>
Package pdftex.def Info: plots/samples8.pdf  used on input line 456.
(pdftex.def)             Requested size: 243.32094pt x 170.71652pt.
 [27

 <./plots/samples8.pdf>]
<plots/samples7.pdf, id=11931, 1037.7665pt x 728.07751pt>
File: plots/samples7.pdf Graphic file (type pdf)
<use plots/samples7.pdf>
Package pdftex.def Info: plots/samples7.pdf  used on input line 470.
(pdftex.def)             Requested size: 243.32094pt x 170.71652pt.
 [28

 <./plots/samples7.pdf>]
<plots/samples6.pdf, id=12213, 1037.7665pt x 728.07751pt>
File: plots/samples6.pdf Graphic file (type pdf)
<use plots/samples6.pdf>
Package pdftex.def Info: plots/samples6.pdf  used on input line 482.
(pdftex.def)             Requested size: 243.32094pt x 170.71652pt.
 [29

 <./plots/samples6.pdf>]
<plots/samples5.pdf, id=12497, 1037.7665pt x 728.07751pt>
File: plots/samples5.pdf Graphic file (type pdf)
<use plots/samples5.pdf>
Package pdftex.def Info: plots/samples5.pdf  used on input line 494.
(pdftex.def)             Requested size: 243.32094pt x 170.71652pt.
 [30

 <./plots/samples5.pdf>]
<plots/samples4.pdf, id=12781, 1037.7665pt x 728.07751pt>
File: plots/samples4.pdf Graphic file (type pdf)
<use plots/samples4.pdf>
Package pdftex.def Info: plots/samples4.pdf  used on input line 506.
(pdftex.def)             Requested size: 243.32094pt x 170.71652pt.
 [31

 <./plots/samples4.pdf>]
<plots/samples3.pdf, id=13066, 1037.7665pt x 728.07751pt>
File: plots/samples3.pdf Graphic file (type pdf)
<use plots/samples3.pdf>
Package pdftex.def Info: plots/samples3.pdf  used on input line 518.
(pdftex.def)             Requested size: 243.32094pt x 170.71652pt.
 [32

 <./plots/samples3.pdf>]
<plots/samples2.pdf, id=13481, 1037.7665pt x 728.07751pt>
File: plots/samples2.pdf Graphic file (type pdf)
<use plots/samples2.pdf>
Package pdftex.def Info: plots/samples2.pdf  used on input line 530.
(pdftex.def)             Requested size: 243.32094pt x 170.71652pt.
 [33

 <./plots/samples2.pdf>]
<plots/samples1.pdf, id=13895, 1037.7665pt x 728.07751pt>
File: plots/samples1.pdf Graphic file (type pdf)
<use plots/samples1.pdf>
Package pdftex.def Info: plots/samples1.pdf  used on input line 542.
(pdftex.def)             Requested size: 243.32094pt x 170.71652pt.
 [34

 <./plots/samples1.pdf>]
<organels.pdf, id=14461, 411.65393pt x 342.28677pt>
File: organels.pdf Graphic file (type pdf)
<use organels.pdf>
Package pdftex.def Info: organels.pdf  used on input line 562.
(pdftex.def)             Requested size: 136.87634pt x 113.81102pt.
 [35

 <./organels.pdf>]
LaTeX Font Info:    Trying to load font information for U+msa on input line 592
.

(/usr/share/texlive/texmf-dist/tex/latex/amsfonts/umsa.fd
File: umsa.fd 2013/01/14 v3.01 AMS symbols A
)
LaTeX Font Info:    Trying to load font information for U+msb on input line 592
.

(/usr/share/texlive/texmf-dist/tex/latex/amsfonts/umsb.fd
File: umsb.fd 2013/01/14 v3.01 AMS symbols B
)
LaTeX Font Info:    Trying to load font information for U+wasy on input line 59
2.

(/usr/share/texlive/texmf-dist/tex/latex/wasysym/uwasy.fd
File: uwasy.fd 2020/01/19 v2.4 Wasy-2 symbol font definitions
)
<tail5.pdf, id=14495, 943.50392pt x 684.05446pt>
File: tail5.pdf Graphic file (type pdf)
<use tail5.pdf>
Package pdftex.def Info: tail5.pdf  used on input line 592.
(pdftex.def)             Requested size: 196.21251pt x 142.26378pt.
 [36

 <./tail5.pdf>]
<tail4.pdf, id=14526, 943.50392pt x 684.05446pt>
File: tail4.pdf Graphic file (type pdf)
<use tail4.pdf>
Package pdftex.def Info: tail4.pdf  used on input line 620.
(pdftex.def)             Requested size: 196.21251pt x 142.26378pt.

[37

 <./tail4.pdf>]
<tail3.pdf, id=14576, 943.50392pt x 684.05446pt>
File: tail3.pdf Graphic file (type pdf)
<use tail3.pdf>
Package pdftex.def Info: tail3.pdf  used on input line 649.
(pdftex.def)             Requested size: 196.21251pt x 142.26378pt.
 [38

 <./tail3.pdf>]
<tail2.pdf, id=14870, 943.50392pt x 684.05446pt>
File: tail2.pdf Graphic file (type pdf)
<use tail2.pdf>
Package pdftex.def Info: tail2.pdf  used on input line 678.
(pdftex.def)             Requested size: 196.21251pt x 142.26378pt.
 [39

 <./tail2.pdf>]
<tail1.pdf, id=15169, 943.50392pt x 684.05446pt>
File: tail1.pdf Graphic file (type pdf)
<use tail1.pdf>
Package pdftex.def Info: tail1.pdf  used on input line 707.
(pdftex.def)             Requested size: 196.21251pt x 142.26378pt.
 [40

 <./tail1.pdf>]
<tail0.pdf, id=15468, 943.50392pt x 684.05446pt>
File: tail0.pdf Graphic file (type pdf)
<use tail0.pdf>
Package pdftex.def Info: tail0.pdf  used on input line 738.
(pdftex.def)             Requested size: 196.21251pt x 142.26378pt.

[41

 <./tail0.pdf>]
File: tail0.pdf Graphic file (type pdf)
<use tail0.pdf>
Package pdftex.def Info: tail0.pdf  used on input line 801.
(pdftex.def)             Requested size: 176.58981pt x 128.0374pt.
 [42

]
<relax_exp1.pdf, id=15801, 567.26608pt x 351.45659pt>
File: relax_exp1.pdf Graphic file (type pdf)
<use relax_exp1.pdf>
Package pdftex.def Info: relax_exp1.pdf  used on input line 815.
(pdftex.def)             Requested size: 298.50296pt x 184.9429pt.
 [43

 <./relax_exp1.pdf>]
<relax_exp2.pdf, id=15973, 567.26608pt x 351.45659pt>
File: relax_exp2.pdf Graphic file (type pdf)
<use relax_exp2.pdf>
Package pdftex.def Info: relax_exp2.pdf  used on input line 828.
(pdftex.def)             Requested size: 298.50296pt x 184.9429pt.
 [44

 <./relax_exp2.pdf>]
<relax_exp3.pdf, id=16146, 567.26566pt x 351.45659pt>
File: relax_exp3.pdf Graphic file (type pdf)
<use relax_exp3.pdf>
Package pdftex.def Info: relax_exp3.pdf  used on input line 840.
(pdftex.def)             Requested size: 298.50273pt x 184.9429pt.

[45

 <./relax_exp3.pdf>]
<kolo.png, id=16487, 967.615pt x 967.615pt>
File: kolo.png Graphic file (type png)
<use kolo.png>
Package pdftex.def Info: kolo.png  used on input line 856.
(pdftex.def)             Requested size: 142.25688pt x 142.26378pt.
 [46

 <./kolo.png>]
<redfield1.pdf, id=16517, 849.78392pt x 472.1983pt>
File: redfield1.pdf Graphic file (type pdf)
<use redfield1.pdf>
Package pdftex.def Info: redfield1.pdf  used on input line 870.
(pdftex.def)             Requested size: 307.23161pt x 170.71652pt.
 [47

 <./redfield1.pdf>]
<redfield2.pdf, id=16553, 849.78392pt x 472.1983pt>
File: redfield2.pdf Graphic file (type pdf)
<use redfield2.pdf>
Package pdftex.def Info: redfield2.pdf  used on input line 883.
(pdftex.def)             Requested size: 307.23161pt x 170.71652pt.
 [48

 <./redfield2.pdf>]
<redfield3.pdf, id=16588, 849.78392pt x 472.1983pt>
File: redfield3.pdf Graphic file (type pdf)
<use redfield3.pdf>
Package pdftex.def Info: redfield3.pdf  used on input line 897.
(pdftex.def)             Requested size: 307.23161pt x 170.71652pt.
 [49

 <./redfield3.pdf>]
<redfield4.pdf, id=16638, 849.78392pt x 472.1983pt>
File: redfield4.pdf Graphic file (type pdf)
<use redfield4.pdf>
Package pdftex.def Info: redfield4.pdf  used on input line 912.
(pdftex.def)             Requested size: 307.23161pt x 170.71652pt.
 [50

 <./redfield4.pdf>]
<redfield5.pdf, id=16695, 849.78392pt x 472.1983pt>
File: redfield5.pdf Graphic file (type pdf)
<use redfield5.pdf>
Package pdftex.def Info: redfield5.pdf  used on input line 927.
(pdftex.def)             Requested size: 307.23161pt x 170.71652pt.
 [51

 <./redfield5.pdf>]
<redfield56.pdf, id=16751, 849.78392pt x 472.1983pt>
File: redfield56.pdf Graphic file (type pdf)
<use redfield56.pdf>
Package pdftex.def Info: redfield56.pdf  used on input line 941.
(pdftex.def)             Requested size: 307.23161pt x 170.71652pt.

[52

 <./redfield56.pdf>]
<redfield6.pdf, id=16808, 849.78392pt x 472.1983pt>
File: redfield6.pdf Graphic file (type pdf)
<use redfield6.pdf>
Package pdftex.def Info: redfield6.pdf  used on input line 955.
(pdftex.def)             Requested size: 307.23161pt x 170.71652pt.
 [53

 <./redfield6.pdf>]
<redfield7.pdf, id=16863, 849.78392pt x 472.1983pt>
File: redfield7.pdf Graphic file (type pdf)
<use redfield7.pdf>
Package pdftex.def Info: redfield7.pdf  used on input line 970.
(pdftex.def)             Requested size: 307.23161pt x 170.71652pt.
 [54

 <./redfield7.pdf>] [55

]
<sds7.pdf, id=16954, 826.73534pt x 443.10092pt>
File: sds7.pdf Graphic file (type pdf)
<use sds7.pdf>
Package pdftex.def Info: sds7.pdf  used on input line 996.
(pdftex.def)             Requested size: 318.51485pt x 170.71652pt.

Overfull \hbox (11.22498pt too wide) in paragraph at lines 996--996
 [][] 
 []

[56

 <./sds7.pdf>]
<sds9.pdf, id=17126, 826.73534pt x 443.10092pt>
File: sds9.pdf Graphic file (type pdf)
<use sds9.pdf>
Package pdftex.def Info: sds9.pdf  used on input line 1012.
(pdftex.def)             Requested size: 318.51485pt x 170.71652pt.

Overfull \hbox (11.22498pt too wide) in paragraph at lines 1012--1012
 [][] 
 []

[57

 <./sds9.pdf>]
<sds8.pdf, id=17300, 826.73534pt x 443.10092pt>
File: sds8.pdf Graphic file (type pdf)
<use sds8.pdf>
Package pdftex.def Info: sds8.pdf  used on input line 1028.
(pdftex.def)             Requested size: 318.51485pt x 170.71652pt.

Overfull \hbox (11.22498pt too wide) in paragraph at lines 1028--1028
 [][] 
 []

[58

 <./sds8.pdf>]
<sds5.pdf, id=17479, 826.73534pt x 443.10092pt>
File: sds5.pdf Graphic file (type pdf)
<use sds5.pdf>
Package pdftex.def Info: sds5.pdf  used on input line 1046.
(pdftex.def)             Requested size: 318.51485pt x 170.71652pt.

Overfull \hbox (11.22498pt too wide) in paragraph at lines 1046--1046
 [][] 
 []

[59

 <./sds5.pdf>]
<sds4.pdf, id=17671, 826.73534pt x 443.10092pt>
File: sds4.pdf Graphic file (type pdf)
<use sds4.pdf>
Package pdftex.def Info: sds4.pdf  used on input line 1060.
(pdftex.def)             Requested size: 318.51485pt x 170.71652pt.

Overfull \hbox (11.22498pt too wide) in paragraph at lines 1060--1060
 [][] 
 []

[60

 <./sds4.pdf>]
<sds3.pdf, id=17990, 826.73534pt x 443.10092pt>
File: sds3.pdf Graphic file (type pdf)
<use sds3.pdf>
Package pdftex.def Info: sds3.pdf  used on input line 1075.
(pdftex.def)             Requested size: 318.51485pt x 170.71652pt.

Overfull \hbox (11.22498pt too wide) in paragraph at lines 1075--1075
 [][] 
 []

[61

 <./sds3.pdf>]
<sds2.pdf, id=18309, 826.73534pt x 443.10092pt>
File: sds2.pdf Graphic file (type pdf)
<use sds2.pdf>
Package pdftex.def Info: sds2.pdf  used on input line 1090.
(pdftex.def)             Requested size: 318.51485pt x 170.71652pt.

Overfull \hbox (11.22498pt too wide) in paragraph at lines 1090--1090
 [][] 
 []

[62

 <./sds2.pdf>]
<sds1.pdf, id=18628, 826.73534pt x 443.10092pt>
File: sds1.pdf Graphic file (type pdf)
<use sds1.pdf>
Package pdftex.def Info: sds1.pdf  used on input line 1105.
(pdftex.def)             Requested size: 318.51485pt x 170.71652pt.

Overfull \hbox (11.22498pt too wide) in paragraph at lines 1105--1105
 [][] 
 []

[63

 <./sds1.pdf>]
<sds0.pdf, id=18945, 826.73534pt x 443.10092pt>
File: sds0.pdf Graphic file (type pdf)
<use sds0.pdf>
Package pdftex.def Info: sds0.pdf  used on input line 1120.
(pdftex.def)             Requested size: 318.51485pt x 170.71652pt.

Overfull \hbox (11.22498pt too wide) in paragraph at lines 1120--1120
 [][] 
 []

[64

 <./sds0.pdf>]
<mag5.pdf, id=19263, 601.20146pt x 265.99988pt>
File: mag5.pdf Graphic file (type pdf)
<use mag5.pdf>
Package pdftex.def Info: mag5.pdf  used on input line 1137.
(pdftex.def)             Requested size: 321.55244pt x 142.26378pt.

Overfull \hbox (14.26257pt too wide) in paragraph at lines 1137--1137
 [][] 
 []

[65

 <./mag5.pdf>]
<mag4.pdf, id=19432, 601.56415pt x 266.96475pt>
File: mag4.pdf Graphic file (type pdf)
<use mag4.pdf>
Package pdftex.def Info: mag4.pdf  used on input line 1151.
(pdftex.def)             Requested size: 320.58069pt x 142.26378pt.

Overfull \hbox (13.29082pt too wide) in paragraph at lines 1151--1151
 [][] 
 []

[66

 <./mag4.pdf>]
<mag3.pdf, id=19606, 601.56415pt x 266.96475pt>
File: mag3.pdf Graphic file (type pdf)
<use mag3.pdf>
Package pdftex.def Info: mag3.pdf  used on input line 1166.
(pdftex.def)             Requested size: 320.58069pt x 142.26378pt.

Overfull \hbox (13.29082pt too wide) in paragraph at lines 1166--1166
 [][] 
 []

[67

 <./mag3.pdf>]
<mag2.pdf, id=19776, 601.56415pt x 266.96475pt>
File: mag2.pdf Graphic file (type pdf)
<use mag2.pdf>
Package pdftex.def Info: mag2.pdf  used on input line 1181.
(pdftex.def)             Requested size: 320.58069pt x 142.26378pt.

Overfull \hbox (13.29082pt too wide) in paragraph at lines 1181--1181
 [][] 
 []

[68

 <./mag2.pdf>]
<mag1.pdf, id=19946, 601.56415pt x 266.96475pt>
File: mag1.pdf Graphic file (type pdf)
<use mag1.pdf>
Package pdftex.def Info: mag1.pdf  used on input line 1196.
(pdftex.def)             Requested size: 320.58069pt x 142.26378pt.

Overfull \hbox (13.29082pt too wide) in paragraph at lines 1196--1196
 [][] 
 []

[69

 <./mag1.pdf>]
<all_pep8.pdf, id=20115, 1324.7134pt x 921.6478pt>
File: all_pep8.pdf Graphic file (type pdf)
<use all_pep8.pdf>
Package pdftex.def Info: all_pep8.pdf  used on input line 1212.
(pdftex.def)             Requested size: 286.2632pt x 199.16928pt.
 [70

 <./all_pep8.pdf>]
<all_pep7.pdf, id=20149, 1324.7134pt x 921.6478pt>
File: all_pep7.pdf Graphic file (type pdf)
<use all_pep7.pdf>
Package pdftex.def Info: all_pep7.pdf  used on input line 1227.
(pdftex.def)             Requested size: 286.2632pt x 199.16928pt.
 [71

 <./all_pep7.pdf>]
<all_pep6.pdf, id=20189, 1324.7134pt x 921.6478pt>
File: all_pep6.pdf Graphic file (type pdf)
<use all_pep6.pdf>
Package pdftex.def Info: all_pep6.pdf  used on input line 1239.
(pdftex.def)             Requested size: 286.2632pt x 199.16928pt.
 [72

 <./all_pep6.pdf>]
<all_pep5.pdf, id=20233, 1324.7134pt x 921.6478pt>
File: all_pep5.pdf Graphic file (type pdf)
<use all_pep5.pdf>
Package pdftex.def Info: all_pep5.pdf  used on input line 1251.
(pdftex.def)             Requested size: 286.2632pt x 199.16928pt.
 [73

 <./all_pep5.pdf>]
<all_pep4.pdf, id=20283, 1324.7134pt x 921.6478pt>
File: all_pep4.pdf Graphic file (type pdf)
<use all_pep4.pdf>
Package pdftex.def Info: all_pep4.pdf  used on input line 1263.
(pdftex.def)             Requested size: 286.2632pt x 199.16928pt.
 [74

 <./all_pep4.pdf>]
<all_pep3.pdf, id=20338, 1324.7134pt x 921.6478pt>
File: all_pep3.pdf Graphic file (type pdf)
<use all_pep3.pdf>
Package pdftex.def Info: all_pep3.pdf  used on input line 1276.
(pdftex.def)             Requested size: 286.2632pt x 199.16928pt.
 [75

 <./all_pep3.pdf>]
<all_pep2.pdf, id=20403, 1324.7134pt x 921.6478pt>
File: all_pep2.pdf Graphic file (type pdf)
<use all_pep2.pdf>
Package pdftex.def Info: all_pep2.pdf  used on input line 1289.
(pdftex.def)             Requested size: 286.2632pt x 199.16928pt.
 [76

 <./all_pep2.pdf>]
<all_pep1.pdf, id=20463, 1324.7134pt x 921.6478pt>
File: all_pep1.pdf Graphic file (type pdf)
<use all_pep1.pdf>
Package pdftex.def Info: all_pep1.pdf  used on input line 1302.
(pdftex.def)             Requested size: 286.2632pt x 199.16928pt.
 [77

 <./all_pep1.pdf>]
<all_pep9.pdf, id=20522, 1324.7134pt x 921.6478pt>
File: all_pep9.pdf Graphic file (type pdf)
<use all_pep9.pdf>
Package pdftex.def Info: all_pep9.pdf  used on input line 1315.
(pdftex.def)             Requested size: 286.2632pt x 199.16928pt.
 [78

 <./all_pep9.pdf>]
<all_pep10.pdf, id=20586, 1332.7363pt x 921.6478pt>
File: all_pep10.pdf Graphic file (type pdf)
<use all_pep10.pdf>
Package pdftex.def Info: all_pep10.pdf  used on input line 1329.
(pdftex.def)             Requested size: 287.9969pt x 199.16928pt.
 [79

 <./all_pep10.pdf>]
<all_pep11.pdf, id=20654, 1324.7134pt x 921.6478pt>
File: all_pep11.pdf Graphic file (type pdf)
<use all_pep11.pdf>
Package pdftex.def Info: all_pep11.pdf  used on input line 1342.
(pdftex.def)             Requested size: 286.2632pt x 199.16928pt.
 [80

 <./all_pep11.pdf>]
<all_pep12.pdf, id=20726, 1324.71475pt x 921.6464pt>
File: all_pep12.pdf Graphic file (type pdf)
<use all_pep12.pdf>
Package pdftex.def Info: all_pep12.pdf  used on input line 1355.
(pdftex.def)             Requested size: 286.26349pt x 199.16928pt.
 [81

 <./all_pep12.pdf>]
<all_pep13.pdf, id=20865, 1324.71475pt x 921.6464pt>
File: all_pep13.pdf Graphic file (type pdf)
<use all_pep13.pdf>
Package pdftex.def Info: all_pep13.pdf  used on input line 1368.
(pdftex.def)             Requested size: 286.26349pt x 199.16928pt.
 [82

 <./all_pep13.pdf>]
<all_pep14.pdf, id=21007, 1324.71475pt x 921.6464pt>
File: all_pep14.pdf Graphic file (type pdf)
<use all_pep14.pdf>
Package pdftex.def Info: all_pep14.pdf  used on input line 1381.
(pdftex.def)             Requested size: 286.26349pt x 199.16928pt.
 [83

 <./all_pep14.pdf>] [84

] [85

] [86

]
\tf@nav=\write6
\openout6 = `NMRSymposium.nav'.

\tf@toc=\write7
\openout7 = `NMRSymposium.toc'.

\tf@snm=\write8
\openout8 = `NMRSymposium.snm'.

Package atveryend Info: Empty hook `BeforeClearDocument' on input line 1433.
Package atveryend Info: Empty hook `AfterLastShipout' on input line 1433.
 (./NMRSymposium.aux)
Package atveryend Info: Executing hook `AtVeryEndDocument' on input line 1433.
Package atveryend Info: Executing hook `AtEndAfterFileList' on input line 1433.

Package rerunfilecheck Info: File `NMRSymposium.out' has not changed.
(rerunfilecheck)             Checksum: 3CD4A7E23821F70388021348AF8339F9;611.
 ) 
Here is how much of TeX's memory you used:
 24753 strings out of 481239
 489925 string characters out of 5920377
 837194 words of memory out of 5000000
 39173 multiletter control sequences out of 15000+600000
 539984 words of font info for 53 fonts, out of 8000000 for 9000
 1141 hyphenation exceptions out of 8191
 58i,14n,74p,779b,572s stack positions out of 5000i,500n,10000p,200000b,80000s
</usr/share/texlive/texmf-dist/fonts/type1/public/amsfonts/cm/cmr10.pfb></usr
/share/texlive/texmf-dist/fonts/type1/public/amsfonts/cm/cmss10.pfb></usr/share
/texlive/texmf-dist/fonts/type1/public/amsfonts/cm/cmss12.pfb></usr/share/texli
ve/texmf-dist/fonts/type1/public/amsfonts/cm/cmss17.pfb></usr/share/texlive/tex
mf-dist/fonts/type1/public/amsfonts/cm/cmss8.pfb></usr/share/texlive/texmf-dist
/fonts/type1/public/amsfonts/cm/cmssbx10.pfb></usr/share/texlive/texmf-dist/fon
ts/type1/public/amsfonts/cm/cmssi8.pfb></usr/share/texlive/texmf-dist/fonts/typ
e1/public/amsfonts/cm/cmtt12.pfb></usr/share/texlive/texmf-dist/fonts/type1/pub
lic/amsfonts/cm/cmtt8.pfb></usr/share/texmf/fonts/type1/public/tex-gyre/qbkr.pf
b>
Output written on NMRSymposium.pdf (86 pages, 45225888 bytes).
PDF statistics:
 21307 PDF objects out of 22161 (max. 8388607)
 17473 compressed objects within 175 object streams
 184 named destinations out of 1000 (max. 500000)
 530 words of extra memory for PDF output out of 10000 (max. 10000000)

