eElab_40SDS_corr_func/NHrotaCF_0.xvg     0.7768     0.2487     0.2987 
eElab_40SDS_corr_func/NHrotaCF_1.xvg     0.7719     0.1271     0.4705 
eElab_40SDS_corr_func/NHrotaCF_2.xvg     0.8220     0.1190     0.5361 
eElab_40SDS_corr_func/NHrotaCF_3.xvg     0.7307     0.1228     0.6497 
eElab_40SDS_corr_func/NHrotaCF_4.xvg     0.7818     0.0927     0.6530 
eElab_40SDS_corr_func/NHrotaCF_5.xvg     0.7093     0.1131     0.7746 
eElab_40SDS_corr_func/NHrotaCF_6.xvg     0.7439     0.1119     0.7604 
eElab_40SDS_corr_func/NHrotaCF_7.xvg     0.7219     0.1051     0.7898 
eElab_40SDS_corr_func/NHrotaCF_8.xvg     0.6896     0.1029     0.8017 
eElab_40SDS_corr_func/NHrotaCF_9.xvg     0.6942     0.1121     0.7789 
eElab_40SDS_corr_func/NHrotaCF_10.xvg     0.7199     0.1058     0.7892 
eElab_40SDS_corr_func/NHrotaCF_11.xvg     0.6918     0.0972     0.8163 
eElab_40SDS_corr_func/NHrotaCF_12.xvg     0.6830     0.1040     0.8068 
eElab_40SDS_corr_func/NHrotaCF_13.xvg     0.6938     0.1084     0.7886 
eElab_40SDS_corr_func/NHrotaCF_14.xvg     0.7054     0.1009     0.7900 
eElab_40SDS_corr_func/NHrotaCF_15.xvg     0.6881     0.0978     0.8089 
eElab_40SDS_corr_func/NHrotaCF_16.xvg     0.6881     0.1101     0.7876 
eElab_40SDS_corr_func/NHrotaCF_17.xvg     0.7027     0.1063     0.7740 
eElab_40SDS_corr_func/NHrotaCF_18.xvg     0.7170     0.0801     0.7498 
eElab_40SDS_corr_func/NHrotaCF_19.xvg     0.7097     0.1208     0.7276 
eElab_40SDS_corr_func/NHrotaCF_20.xvg     0.7605     0.1394     0.6437 
