eYqjD_corr_fuc/NHrotaCF_0.xvg     0.7730     0.2333     0.2352 
 eYqjD_corr_fuc/NHrotaCF_1.xvg     0.7801     0.1930     0.3894 
 eYqjD_corr_fuc/NHrotaCF_2.xvg     0.7223     0.1816     0.5250 
 eYqjD_corr_fuc/NHrotaCF_3.xvg     0.6929     0.1810     0.5493 
 eYqjD_corr_fuc/NHrotaCF_4.xvg     0.7757     0.1690     0.5430 
 eYqjD_corr_fuc/NHrotaCF_5.xvg     0.7056     0.1497     0.5658 
 eYqjD_corr_fuc/NHrotaCF_6.xvg     0.7438     0.1579     0.5481 
 eYqjD_corr_fuc/NHrotaCF_7.xvg     0.6959     0.1773     0.5579 
 eYqjD_corr_fuc/NHrotaCF_8.xvg     0.6806     0.1245     0.7161 
 eYqjD_corr_fuc/NHrotaCF_9.xvg     0.7188     0.1146     0.7402 
 eYqjD_corr_fuc/NHrotaCF_10.xvg     0.7296     0.1014     0.7492 
 eYqjD_corr_fuc/NHrotaCF_11.xvg     0.6793     0.1109     0.7422 
 eYqjD_corr_fuc/NHrotaCF_12.xvg     0.6614     0.1051     0.7496 
 eYqjD_corr_fuc/NHrotaCF_13.xvg     0.7162     0.1106     0.7604 
 eYqjD_corr_fuc/NHrotaCF_14.xvg     0.7166     0.1093     0.7534 
 eYqjD_corr_fuc/NHrotaCF_15.xvg     0.6752     0.1107     0.7535 
 eYqjD_corr_fuc/NHrotaCF_16.xvg     0.6912     0.1157     0.7483 
 eYqjD_corr_fuc/NHrotaCF_17.xvg     0.7312     0.1139     0.7430 
 eYqjD_corr_fuc/NHrotaCF_18.xvg     0.7457     0.1294     0.7011 
 eYqjD_corr_fuc/NHrotaCF_19.xvg     0.7524     0.1422     0.6579 
 