GWALP_50_SDS_corr_func/NHrotaCF_0.xvg     1.0612     0.1911     0.4189 
GWALP_50_SDS_corr_func/NHrotaCF_1.xvg     0.8150     0.1356     0.5160 
GWALP_50_SDS_corr_func/NHrotaCF_2.xvg     0.8782     0.0963     0.7615 
GWALP_50_SDS_corr_func/NHrotaCF_3.xvg     0.8619     0.0899     0.7985 
GWALP_50_SDS_corr_func/NHrotaCF_4.xvg     0.8588     0.0892     0.8141 
GWALP_50_SDS_corr_func/NHrotaCF_5.xvg     0.8447     0.0869     0.8313 
GWALP_50_SDS_corr_func/NHrotaCF_6.xvg     0.8480     0.0863     0.8212 
GWALP_50_SDS_corr_func/NHrotaCF_7.xvg     0.8438     0.0865     0.8208 
GWALP_50_SDS_corr_func/NHrotaCF_8.xvg     0.8379     0.0863     0.8372 
GWALP_50_SDS_corr_func/NHrotaCF_9.xvg     0.8363     0.0859     0.8413 
GWALP_50_SDS_corr_func/NHrotaCF_10.xvg     0.8426     0.0856     0.8308 
GWALP_50_SDS_corr_func/NHrotaCF_11.xvg     0.8370     0.0861     0.8368 
GWALP_50_SDS_corr_func/NHrotaCF_12.xvg     0.8367     0.0860     0.8421 
GWALP_50_SDS_corr_func/NHrotaCF_13.xvg     0.8392     0.0856     0.8396 
GWALP_50_SDS_corr_func/NHrotaCF_14.xvg     0.8435     0.0858     0.8241 
GWALP_50_SDS_corr_func/NHrotaCF_15.xvg     0.8372     0.0862     0.8322 
GWALP_50_SDS_corr_func/NHrotaCF_16.xvg     0.8375     0.0865     0.8388 
GWALP_50_SDS_corr_func/NHrotaCF_17.xvg     0.8436     0.0862     0.8267 
GWALP_50_SDS_corr_func/NHrotaCF_18.xvg     0.8427     0.0874     0.8145 
GWALP_50_SDS_corr_func/NHrotaCF_19.xvg     0.8450     0.0881     0.8217 
GWALP_50_SDS_corr_func/NHrotaCF_20.xvg     0.8760     0.0910     0.7887 
GWALP_50_SDS_corr_func/NHrotaCF_21.xvg     0.9152     0.1003     0.7411 
GWALP_50_SDS_corr_func/NHrotaCF_22.xvg     0.7897     0.1530     0.5735 
