 93_hMff_50SDS_micelle_310K_CHARMM_lastframe_FromSofia_SDS_Protein_SOD_solvated_OPC_local_run_20ps_mahti_370ns_mahti_360ns_mahti_2940ns_no_solvent/NHrotaCF_0.xvg     0.8121     0.1197     0.6265 
 93_hMff_50SDS_micelle_310K_CHARMM_lastframe_FromSofia_SDS_Protein_SOD_solvated_OPC_local_run_20ps_mahti_370ns_mahti_360ns_mahti_2940ns_no_solvent/NHrotaCF_1.xvg     0.7569     0.1100     0.7116 
 93_hMff_50SDS_micelle_310K_CHARMM_lastframe_FromSofia_SDS_Protein_SOD_solvated_OPC_local_run_20ps_mahti_370ns_mahti_360ns_mahti_2940ns_no_solvent/NHrotaCF_2.xvg     0.7639     0.1065     0.7343 
 93_hMff_50SDS_micelle_310K_CHARMM_lastframe_FromSofia_SDS_Protein_SOD_solvated_OPC_local_run_20ps_mahti_370ns_mahti_360ns_mahti_2940ns_no_solvent/NHrotaCF_3.xvg     0.7724     0.1014     0.7323 
 93_hMff_50SDS_micelle_310K_CHARMM_lastframe_FromSofia_SDS_Protein_SOD_solvated_OPC_local_run_20ps_mahti_370ns_mahti_360ns_mahti_2940ns_no_solvent/NHrotaCF_4.xvg     0.7827     0.1023     0.7248 
 93_hMff_50SDS_micelle_310K_CHARMM_lastframe_FromSofia_SDS_Protein_SOD_solvated_OPC_local_run_20ps_mahti_370ns_mahti_360ns_mahti_2940ns_no_solvent/NHrotaCF_5.xvg     0.7588     0.1045     0.7404 
 93_hMff_50SDS_micelle_310K_CHARMM_lastframe_FromSofia_SDS_Protein_SOD_solvated_OPC_local_run_20ps_mahti_370ns_mahti_360ns_mahti_2940ns_no_solvent/NHrotaCF_6.xvg     0.7565     0.1021     0.7377 
 93_hMff_50SDS_micelle_310K_CHARMM_lastframe_FromSofia_SDS_Protein_SOD_solvated_OPC_local_run_20ps_mahti_370ns_mahti_360ns_mahti_2940ns_no_solvent/NHrotaCF_7.xvg     0.8704     0.1089     0.6836 
 93_hMff_50SDS_micelle_310K_CHARMM_lastframe_FromSofia_SDS_Protein_SOD_solvated_OPC_local_run_20ps_mahti_370ns_mahti_360ns_mahti_2940ns_no_solvent/NHrotaCF_8.xvg     0.8271     0.1244     0.6698 
 93_hMff_50SDS_micelle_310K_CHARMM_lastframe_FromSofia_SDS_Protein_SOD_solvated_OPC_local_run_20ps_mahti_370ns_mahti_360ns_mahti_2940ns_no_solvent/NHrotaCF_9.xvg     0.7869     0.1354     0.5840 
 93_hMff_50SDS_micelle_310K_CHARMM_lastframe_FromSofia_SDS_Protein_SOD_solvated_OPC_local_run_20ps_mahti_370ns_mahti_360ns_mahti_2940ns_no_solvent/NHrotaCF_10.xvg     0.8220     0.1284     0.5594 
 93_hMff_50SDS_micelle_310K_CHARMM_lastframe_FromSofia_SDS_Protein_SOD_solvated_OPC_local_run_20ps_mahti_370ns_mahti_360ns_mahti_2940ns_no_solvent/NHrotaCF_11.xvg     0.7717     0.1273     0.6179 
 93_hMff_50SDS_micelle_310K_CHARMM_lastframe_FromSofia_SDS_Protein_SOD_solvated_OPC_local_run_20ps_mahti_370ns_mahti_360ns_mahti_2940ns_no_solvent/NHrotaCF_12.xvg     0.7759     0.1109     0.7192 
 93_hMff_50SDS_micelle_310K_CHARMM_lastframe_FromSofia_SDS_Protein_SOD_solvated_OPC_local_run_20ps_mahti_370ns_mahti_360ns_mahti_2940ns_no_solvent/NHrotaCF_13.xvg     0.7721     0.1025     0.8078 
 93_hMff_50SDS_micelle_310K_CHARMM_lastframe_FromSofia_SDS_Protein_SOD_solvated_OPC_local_run_20ps_mahti_370ns_mahti_360ns_mahti_2940ns_no_solvent/NHrotaCF_14.xvg     0.7592     0.1045     0.8222 
 93_hMff_50SDS_micelle_310K_CHARMM_lastframe_FromSofia_SDS_Protein_SOD_solvated_OPC_local_run_20ps_mahti_370ns_mahti_360ns_mahti_2940ns_no_solvent/NHrotaCF_15.xvg     0.7472     0.1045     0.8016 
 93_hMff_50SDS_micelle_310K_CHARMM_lastframe_FromSofia_SDS_Protein_SOD_solvated_OPC_local_run_20ps_mahti_370ns_mahti_360ns_mahti_2940ns_no_solvent/NHrotaCF_16.xvg     0.7418     0.1031     0.8171 
 93_hMff_50SDS_micelle_310K_CHARMM_lastframe_FromSofia_SDS_Protein_SOD_solvated_OPC_local_run_20ps_mahti_370ns_mahti_360ns_mahti_2940ns_no_solvent/NHrotaCF_17.xvg     0.7585     0.1047     0.8207 
 93_hMff_50SDS_micelle_310K_CHARMM_lastframe_FromSofia_SDS_Protein_SOD_solvated_OPC_local_run_20ps_mahti_370ns_mahti_360ns_mahti_2940ns_no_solvent/NHrotaCF_18.xvg     0.7747     0.1080     0.8049 
 93_hMff_50SDS_micelle_310K_CHARMM_lastframe_FromSofia_SDS_Protein_SOD_solvated_OPC_local_run_20ps_mahti_370ns_mahti_360ns_mahti_2940ns_no_solvent/NHrotaCF_19.xvg     0.7652     0.1074     0.7769 
 93_hMff_50SDS_micelle_310K_CHARMM_lastframe_FromSofia_SDS_Protein_SOD_solvated_OPC_local_run_20ps_mahti_370ns_mahti_360ns_mahti_2940ns_no_solvent/NHrotaCF_20.xvg     0.8510     0.1036     0.6473 
 93_hMff_50SDS_micelle_310K_CHARMM_lastframe_FromSofia_SDS_Protein_SOD_solvated_OPC_local_run_20ps_mahti_370ns_mahti_360ns_mahti_2940ns_no_solvent/NHrotaCF_21.xvg     0.9288     0.1194     0.5135 
 93_hMff_50SDS_micelle_310K_CHARMM_lastframe_FromSofia_SDS_Protein_SOD_solvated_OPC_local_run_20ps_mahti_370ns_mahti_360ns_mahti_2940ns_no_solvent/NHrotaCF_22.xvg     0.8196     0.1133     0.5949 
 93_hMff_50SDS_micelle_310K_CHARMM_lastframe_FromSofia_SDS_Protein_SOD_solvated_OPC_local_run_20ps_mahti_370ns_mahti_360ns_mahti_2940ns_no_solvent/NHrotaCF_23.xvg     0.8488     0.1359     0.6019 
 
