mageinin_corr_func/NHrotaCF_0.xvg     0.7432     0.1341     0.6109 
 mageinin_corr_func/NHrotaCF_1.xvg     0.7286     0.1191     0.7171 
 mageinin_corr_func/NHrotaCF_2.xvg     0.7124     0.1168     0.7379 
 mageinin_corr_func/NHrotaCF_3.xvg     0.7448     0.1044     0.7466 
 mageinin_corr_func/NHrotaCF_4.xvg     0.7175     0.1077     0.7497 
 mageinin_corr_func/NHrotaCF_5.xvg     0.6937     0.1129     0.7559 
 mageinin_corr_func/NHrotaCF_6.xvg     0.7207     0.1089     0.7532 
 mageinin_corr_func/NHrotaCF_7.xvg     0.7380     0.1020     0.7571 
 mageinin_corr_func/NHrotaCF_8.xvg     0.7120     0.1089     0.7663 
 mageinin_corr_func/NHrotaCF_9.xvg     0.7087     0.1135     0.7565 
 mageinin_corr_func/NHrotaCF_10.xvg     0.7632     0.1045     0.7528 
 mageinin_corr_func/NHrotaCF_11.xvg     0.7486     0.1101     0.7498 
 mageinin_corr_func/NHrotaCF_12.xvg     0.6686     0.1315     0.7084 
 mageinin_corr_func/NHrotaCF_13.xvg     0.7137     0.1234     0.6796 
 mageinin_corr_func/NHrotaCF_14.xvg     0.6891     0.1261     0.7085 
 mageinin_corr_func/NHrotaCF_15.xvg     0.6845     0.1355     0.6837 
 mageinin_corr_func/NHrotaCF_16.xvg     0.6643     0.1345     0.6758 
 mageinin_corr_func/NHrotaCF_17.xvg     0.6981     0.1412     0.6440 
 mageinin_corr_func/NHrotaCF_18.xvg     0.7192     0.1413     0.6135 
 mageinin_corr_func/NHrotaCF_19.xvg     0.6873     0.1434     0.6042 
 mageinin_corr_func/NHrotaCF_20.xvg     0.7397     0.1976     0.4541 
 mageinin_corr_func/NHrotaCF_21.xvg     0.8008     0.3251     0.0912 
