yFis1_corr_func/NHrotaCF_0.xvg     0.8453     0.2277     0.3343 
 yFis1_corr_func/NHrotaCF_1.xvg     0.6880     0.1928     0.5293 
 yFis1_corr_func/NHrotaCF_2.xvg     0.7490     0.1882     0.5130 
 yFis1_corr_func/NHrotaCF_3.xvg     0.7400     0.1644     0.5530 
 yFis1_corr_func/NHrotaCF_4.xvg     0.7260     0.1351     0.5710 
 yFis1_corr_func/NHrotaCF_5.xvg     0.7458     0.1646     0.5590 
 yFis1_corr_func/NHrotaCF_6.xvg     0.7674     0.1522     0.6276 
 yFis1_corr_func/NHrotaCF_7.xvg     0.7853     0.1299     0.6650 
 yFis1_corr_func/NHrotaCF_8.xvg     0.7513     0.1111     0.8279 
 yFis1_corr_func/NHrotaCF_9.xvg     0.7326     0.1074     0.8291 
 yFis1_corr_func/NHrotaCF_10.xvg     0.7577     0.0928     0.8032 
 yFis1_corr_func/NHrotaCF_11.xvg     0.7562     0.1046     0.8399 
 yFis1_corr_func/NHrotaCF_12.xvg     0.7049     0.1038     0.8461 
 yFis1_corr_func/NHrotaCF_13.xvg     0.7358     0.1001     0.8307 
 yFis1_corr_func/NHrotaCF_14.xvg     0.7447     0.1012     0.8271 
 yFis1_corr_func/NHrotaCF_15.xvg     0.7228     0.1010     0.8445 
 yFis1_corr_func/NHrotaCF_16.xvg     0.7083     0.1023     0.8448 
 yFis1_corr_func/NHrotaCF_17.xvg     0.7283     0.0960     0.8354 
 yFis1_corr_func/NHrotaCF_18.xvg     0.7425     0.1012     0.8261 
 yFis1_corr_func/NHrotaCF_19.xvg     0.7164     0.1019     0.8444 
 yFis1_corr_func/NHrotaCF_20.xvg     0.7345     0.1022     0.8159 
 yFis1_corr_func/NHrotaCF_21.xvg     0.7312     0.0978     0.8040 
 yFis1_corr_func/NHrotaCF_22.xvg     0.7600     0.1068     0.8138 
 yFis1_corr_func/NHrotaCF_23.xvg     0.7656     0.1153     0.8128 
 yFis1_corr_func/NHrotaCF_24.xvg     0.7918     0.0965     0.6781 
 yFis1_corr_func/NHrotaCF_25.xvg     0.7100     0.1443     0.6265 
 