1.000000000000000222e+00 2.765617412801396058e-01 2.698442843527327217e-01
1.096478196143185091e+00 0.000000000000000000e+00 0.000000000000000000e+00
1.202264434617412947e+00 0.000000000000000000e+00 0.000000000000000000e+00
1.318256738556407237e+00 0.000000000000000000e+00 0.000000000000000000e+00
1.445439770745927666e+00 0.000000000000000000e+00 0.000000000000000000e+00
1.584893192461113820e+00 0.000000000000000000e+00 0.000000000000000000e+00
1.737800828749375359e+00 0.000000000000000000e+00 0.000000000000000000e+00
1.905460717963247452e+00 0.000000000000000000e+00 0.000000000000000000e+00
2.089296130854040090e+00 0.000000000000000000e+00 0.000000000000000000e+00
2.290867652767773599e+00 0.000000000000000000e+00 0.000000000000000000e+00
2.511886431509580131e+00 0.000000000000000000e+00 0.000000000000000000e+00
2.754228703338166717e+00 0.000000000000000000e+00 0.000000000000000000e+00
3.019951720402016537e+00 0.000000000000000000e+00 0.000000000000000000e+00
3.311311214825911176e+00 0.000000000000000000e+00 0.000000000000000000e+00
3.630780547701013994e+00 0.000000000000000000e+00 0.000000000000000000e+00
3.981071705534972693e+00 1.268279207657730875e-02 0.000000000000000000e+00
4.365158322401660129e+00 1.428622701145099427e-01 0.000000000000000000e+00
4.786300923226384896e+00 0.000000000000000000e+00 0.000000000000000000e+00
5.248074602497725394e+00 0.000000000000000000e+00 9.498285998948240161e-02
5.754399373371569482e+00 0.000000000000000000e+00 1.339618723638262392e-02
6.309573444801933384e+00 0.000000000000000000e+00 0.000000000000000000e+00
6.918309709189364831e+00 0.000000000000000000e+00 0.000000000000000000e+00
7.585775750291839259e+00 0.000000000000000000e+00 0.000000000000000000e+00
8.317637711026712566e+00 0.000000000000000000e+00 0.000000000000000000e+00
9.120108393559098303e+00 0.000000000000000000e+00 0.000000000000000000e+00
1.000000000000000178e+01 0.000000000000000000e+00 0.000000000000000000e+00
1.096478196143185357e+01 0.000000000000000000e+00 0.000000000000000000e+00
1.202264434617413258e+01 0.000000000000000000e+00 0.000000000000000000e+00
1.318256738556407548e+01 9.526986084703595314e-02 2.042289643528449050e-01
1.445439770745927355e+01 1.582423810432740108e-01 6.307693955781338256e-03
1.584893192461113642e+01 0.000000000000000000e+00 0.000000000000000000e+00
1.737800828749375270e+01 0.000000000000000000e+00 0.000000000000000000e+00
1.905460717963247674e+01 0.000000000000000000e+00 0.000000000000000000e+00
2.089296130854039646e+01 0.000000000000000000e+00 0.000000000000000000e+00
2.290867652767773421e+01 0.000000000000000000e+00 0.000000000000000000e+00
2.511886431509580930e+01 0.000000000000000000e+00 0.000000000000000000e+00
2.754228703338166540e+01 0.000000000000000000e+00 0.000000000000000000e+00
3.019951720402016448e+01 0.000000000000000000e+00 2.032706820800570802e-01
3.311311214825911975e+01 0.000000000000000000e+00 0.000000000000000000e+00
3.630780547701014882e+01 0.000000000000000000e+00 0.000000000000000000e+00
3.981071705534973404e+01 9.773511058554988640e-02 0.000000000000000000e+00
4.365158322401661906e+01 8.594659118421862920e-02 0.000000000000000000e+00
4.786300923226383475e+01 0.000000000000000000e+00 0.000000000000000000e+00
5.248074602497726460e+01 0.000000000000000000e+00 0.000000000000000000e+00
5.754399373371569482e+01 0.000000000000000000e+00 0.000000000000000000e+00
6.309573444801933562e+01 0.000000000000000000e+00 4.998115075294383425e-02
6.918309709189365719e+01 0.000000000000000000e+00 5.376359629057361061e-02
7.585775750291840325e+01 0.000000000000000000e+00 0.000000000000000000e+00
8.317637711026709724e+01 0.000000000000000000e+00 0.000000000000000000e+00
9.120108393559097237e+01 0.000000000000000000e+00 0.000000000000000000e+00
1.000000000000000142e+02 0.000000000000000000e+00 0.000000000000000000e+00
1.096478196143185073e+02 0.000000000000000000e+00 0.000000000000000000e+00
1.202264434617413258e+02 0.000000000000000000e+00 0.000000000000000000e+00
1.318256738556407583e+02 0.000000000000000000e+00 0.000000000000000000e+00
1.445439770745928172e+02 5.870629211247675033e-02 0.000000000000000000e+00
1.584893192461114211e+02 0.000000000000000000e+00 0.000000000000000000e+00
1.737800828749376194e+02 0.000000000000000000e+00 0.000000000000000000e+00
1.905460717963248669e+02 0.000000000000000000e+00 0.000000000000000000e+00
2.089296130854039006e+02 0.000000000000000000e+00 7.047203107735427498e-03
2.290867652767772711e+02 0.000000000000000000e+00 3.132491206087312935e-02
2.511886431509580007e+02 0.000000000000000000e+00 0.000000000000000000e+00
2.754228703338166042e+02 0.000000000000000000e+00 0.000000000000000000e+00
3.019951720402016804e+02 0.000000000000000000e+00 0.000000000000000000e+00
3.311311214825911406e+02 0.000000000000000000e+00 0.000000000000000000e+00
3.630780547701014598e+02 0.000000000000000000e+00 0.000000000000000000e+00
3.981071705534973262e+02 0.000000000000000000e+00 0.000000000000000000e+00
4.365158322401661053e+02 0.000000000000000000e+00 0.000000000000000000e+00
4.786300923226385748e+02 0.000000000000000000e+00 0.000000000000000000e+00
5.248074602497729302e+02 0.000000000000000000e+00 0.000000000000000000e+00
5.754399373371572892e+02 0.000000000000000000e+00 0.000000000000000000e+00
6.309573444801936830e+02 0.000000000000000000e+00 0.000000000000000000e+00
6.918309709189362593e+02 3.287841432715363915e-02 3.544528927163153459e-02
7.585775750291835493e+02 0.000000000000000000e+00 7.505620069831677940e-03
8.317637711026709439e+02 0.000000000000000000e+00 0.000000000000000000e+00
9.120108393559096385e+02 0.000000000000000000e+00 0.000000000000000000e+00
1.000000000000000114e+03 0.000000000000000000e+00 0.000000000000000000e+00
1.096478196143185414e+03 0.000000000000000000e+00 0.000000000000000000e+00
1.202264434617413144e+03 0.000000000000000000e+00 0.000000000000000000e+00
1.318256738556407527e+03 0.000000000000000000e+00 0.000000000000000000e+00
1.445439770745927945e+03 0.000000000000000000e+00 0.000000000000000000e+00
1.584893192461114268e+03 0.000000000000000000e+00 0.000000000000000000e+00
1.737800828749376478e+03 0.000000000000000000e+00 0.000000000000000000e+00
1.905460717963248499e+03 0.000000000000000000e+00 0.000000000000000000e+00
2.089296130854040712e+03 0.000000000000000000e+00 0.000000000000000000e+00
2.290867652767773052e+03 0.000000000000000000e+00 1.512789109734788591e-02
2.511886431509579779e+03 0.000000000000000000e+00 7.773665350481795411e-03
2.754228703338166270e+03 2.678297107346641961e-02 0.000000000000000000e+00
3.019951720402016235e+03 1.233157534212363932e-02 0.000000000000000000e+00
3.311311214825911520e+03 0.000000000000000000e+00 0.000000000000000000e+00
3.630780547701014257e+03 0.000000000000000000e+00 0.000000000000000000e+00
3.981071705534973262e+03 0.000000000000000000e+00 0.000000000000000000e+00
4.365158322401661280e+03 0.000000000000000000e+00 0.000000000000000000e+00
4.786300923226384839e+03 0.000000000000000000e+00 0.000000000000000000e+00
5.248074602497727938e+03 0.000000000000000000e+00 0.000000000000000000e+00
5.754399373371572437e+03 0.000000000000000000e+00 0.000000000000000000e+00
6.309573444801937512e+03 0.000000000000000000e+00 0.000000000000000000e+00
6.918309709189362366e+03 0.000000000000000000e+00 0.000000000000000000e+00
7.585775750291835720e+03 0.000000000000000000e+00 0.000000000000000000e+00
8.317637711026709439e+03 0.000000000000000000e+00 0.000000000000000000e+00
9.120108393559095930e+03 0.000000000000000000e+00 0.000000000000000000e+00
