1.000000000000000182e-12 3.859864335946192049e-01 0.000000000000000000e+00
1.071519305237606525e-12 0.000000000000000000e+00 0.000000000000000000e+00
1.148153621496883020e-12 0.000000000000000000e+00 0.000000000000000000e+00
1.230268770812381657e-12 0.000000000000000000e+00 0.000000000000000000e+00
1.318256738556407197e-12 0.000000000000000000e+00 0.000000000000000000e+00
1.412537544622754461e-12 0.000000000000000000e+00 0.000000000000000000e+00
1.513561248436208367e-12 0.000000000000000000e+00 0.000000000000000000e+00
1.621810097358930030e-12 0.000000000000000000e+00 0.000000000000000000e+00
1.737800828749375455e-12 0.000000000000000000e+00 0.000000000000000000e+00
1.862087136662867531e-12 0.000000000000000000e+00 0.000000000000000000e+00
1.995262314968879516e-12 0.000000000000000000e+00 0.000000000000000000e+00
2.137962089502231773e-12 0.000000000000000000e+00 0.000000000000000000e+00
2.290867652767773561e-12 0.000000000000000000e+00 0.000000000000000000e+00
2.454708915685031006e-12 0.000000000000000000e+00 0.000000000000000000e+00
2.630267991895382016e-12 0.000000000000000000e+00 8.380571422949699423e-02
2.818382931264454081e-12 0.000000000000000000e+00 3.365559509921014492e-01
3.019951720402016457e-12 0.000000000000000000e+00 0.000000000000000000e+00
3.235936569296283204e-12 0.000000000000000000e+00 0.000000000000000000e+00
3.467368504525316854e-12 0.000000000000000000e+00 0.000000000000000000e+00
3.715352290971725927e-12 0.000000000000000000e+00 0.000000000000000000e+00
3.981071705534972734e-12 0.000000000000000000e+00 0.000000000000000000e+00
4.265795188015927156e-12 0.000000000000000000e+00 0.000000000000000000e+00
4.570881896148749954e-12 0.000000000000000000e+00 0.000000000000000000e+00
4.897788193684462337e-12 0.000000000000000000e+00 0.000000000000000000e+00
5.248074602497725681e-12 0.000000000000000000e+00 0.000000000000000000e+00
5.623413251903491248e-12 0.000000000000000000e+00 0.000000000000000000e+00
6.025595860743578225e-12 0.000000000000000000e+00 0.000000000000000000e+00
6.456542290346555457e-12 0.000000000000000000e+00 0.000000000000000000e+00
6.918309709189364763e-12 0.000000000000000000e+00 0.000000000000000000e+00
7.413102413009175476e-12 2.880798023773528671e-01 0.000000000000000000e+00
7.943282347242814965e-12 0.000000000000000000e+00 0.000000000000000000e+00
8.511380382023762887e-12 0.000000000000000000e+00 0.000000000000000000e+00
9.120108393559097865e-12 0.000000000000000000e+00 0.000000000000000000e+00
9.772372209558107469e-12 0.000000000000000000e+00 0.000000000000000000e+00
1.047128548050899715e-11 0.000000000000000000e+00 2.103229979023908958e-01
1.122018454301963704e-11 0.000000000000000000e+00 6.957575668080522024e-02
1.202264434617413199e-11 0.000000000000000000e+00 0.000000000000000000e+00
1.288249551693133652e-11 0.000000000000000000e+00 0.000000000000000000e+00
1.380384264602884824e-11 0.000000000000000000e+00 0.000000000000000000e+00
1.479108388168207266e-11 0.000000000000000000e+00 0.000000000000000000e+00
1.584893192461113656e-11 0.000000000000000000e+00 0.000000000000000000e+00
1.698243652461744441e-11 0.000000000000000000e+00 0.000000000000000000e+00
1.819700858609983830e-11 1.118081958000878215e-02 0.000000000000000000e+00
1.949844599758045642e-11 1.576953569230621910e-01 0.000000000000000000e+00
2.089296130854038639e-11 0.000000000000000000e+00 0.000000000000000000e+00
2.238721138568338968e-11 0.000000000000000000e+00 0.000000000000000000e+00
2.398832919019490250e-11 0.000000000000000000e+00 0.000000000000000000e+00
2.570395782768863287e-11 0.000000000000000000e+00 0.000000000000000000e+00
2.754228703338166652e-11 0.000000000000000000e+00 0.000000000000000000e+00
2.951209226666385818e-11 0.000000000000000000e+00 0.000000000000000000e+00
3.162277660168379393e-11 0.000000000000000000e+00 0.000000000000000000e+00
3.388441561392026044e-11 0.000000000000000000e+00 2.055367718162985080e-01
3.630780547701014822e-11 0.000000000000000000e+00 0.000000000000000000e+00
3.890451449942805102e-11 0.000000000000000000e+00 0.000000000000000000e+00
4.168693834703353518e-11 0.000000000000000000e+00 0.000000000000000000e+00
4.466835921509630675e-11 0.000000000000000000e+00 0.000000000000000000e+00
4.786300923226383283e-11 0.000000000000000000e+00 0.000000000000000000e+00
5.128613839913648655e-11 0.000000000000000000e+00 0.000000000000000000e+00
5.495408738576245972e-11 0.000000000000000000e+00 0.000000000000000000e+00
5.888436553555890244e-11 0.000000000000000000e+00 0.000000000000000000e+00
6.309573444801930827e-11 0.000000000000000000e+00 0.000000000000000000e+00
6.760829753919816585e-11 0.000000000000000000e+00 0.000000000000000000e+00
7.244359600749899217e-11 6.051693335643297533e-02 0.000000000000000000e+00
7.762471166286916942e-11 3.291050418685097234e-02 0.000000000000000000e+00
8.317637711026709157e-11 0.000000000000000000e+00 0.000000000000000000e+00
8.912509381337455249e-11 0.000000000000000000e+00 0.000000000000000000e+00
9.549925860214359811e-11 0.000000000000000000e+00 0.000000000000000000e+00
1.023292992280753692e-10 0.000000000000000000e+00 0.000000000000000000e+00
1.096478196143185083e-10 0.000000000000000000e+00 0.000000000000000000e+00
1.174897554939529388e-10 0.000000000000000000e+00 0.000000000000000000e+00
1.258925411794167714e-10 0.000000000000000000e+00 0.000000000000000000e+00
1.348962882591653506e-10 0.000000000000000000e+00 0.000000000000000000e+00
1.445439770745928092e-10 0.000000000000000000e+00 0.000000000000000000e+00
1.548816618912481114e-10 0.000000000000000000e+00 0.000000000000000000e+00
1.659586907437559786e-10 0.000000000000000000e+00 0.000000000000000000e+00
1.778279410038923132e-10 0.000000000000000000e+00 0.000000000000000000e+00
1.905460717963246729e-10 0.000000000000000000e+00 3.407322599605112912e-02
2.041737944669529785e-10 0.000000000000000000e+00 2.991650262757009071e-02
2.187761623949551814e-10 0.000000000000000000e+00 0.000000000000000000e+00
2.344228815319922725e-10 0.000000000000000000e+00 0.000000000000000000e+00
2.511886431509579924e-10 0.000000000000000000e+00 0.000000000000000000e+00
2.691534803926914216e-10 0.000000000000000000e+00 0.000000000000000000e+00
2.884031503126606003e-10 0.000000000000000000e+00 0.000000000000000000e+00
3.090295432513588552e-10 0.000000000000000000e+00 0.000000000000000000e+00
3.311311214825911205e-10 0.000000000000000000e+00 0.000000000000000000e+00
3.548133892335753311e-10 0.000000000000000000e+00 0.000000000000000000e+00
3.801893963205613302e-10 0.000000000000000000e+00 0.000000000000000000e+00
4.073802778041126306e-10 0.000000000000000000e+00 0.000000000000000000e+00
4.365158322401656675e-10 0.000000000000000000e+00 0.000000000000000000e+00
4.677351412871981280e-10 0.000000000000000000e+00 0.000000000000000000e+00
5.011872336272719470e-10 0.000000000000000000e+00 0.000000000000000000e+00
5.370317963702526939e-10 0.000000000000000000e+00 0.000000000000000000e+00
5.754399373371565830e-10 0.000000000000000000e+00 0.000000000000000000e+00
6.165950018614822659e-10 0.000000000000000000e+00 0.000000000000000000e+00
6.606934480075957881e-10 0.000000000000000000e+00 0.000000000000000000e+00
7.079457843841380410e-10 0.000000000000000000e+00 0.000000000000000000e+00
7.585775750291835864e-10 0.000000000000000000e+00 0.000000000000000000e+00
8.128305161640987135e-10 0.000000000000000000e+00 0.000000000000000000e+00
8.709635899560806654e-10 0.000000000000000000e+00 0.000000000000000000e+00
9.332543007969905714e-10 6.363014933986134436e-02 3.021311508422914668e-02
