1.000000000000000222e+00 3.311656217599519558e-01 0.000000000000000000e+00
1.096478196143185091e+00 0.000000000000000000e+00 0.000000000000000000e+00
1.202264434617412947e+00 0.000000000000000000e+00 0.000000000000000000e+00
1.318256738556407237e+00 0.000000000000000000e+00 0.000000000000000000e+00
1.445439770745927666e+00 0.000000000000000000e+00 0.000000000000000000e+00
1.584893192461113820e+00 0.000000000000000000e+00 0.000000000000000000e+00
1.737800828749375359e+00 0.000000000000000000e+00 0.000000000000000000e+00
1.905460717963247452e+00 0.000000000000000000e+00 0.000000000000000000e+00
2.089296130854040090e+00 0.000000000000000000e+00 0.000000000000000000e+00
2.290867652767773599e+00 0.000000000000000000e+00 0.000000000000000000e+00
2.511886431509580131e+00 0.000000000000000000e+00 3.078754333450707814e-01
2.754228703338166717e+00 0.000000000000000000e+00 3.223320595580526221e-02
3.019951720402016537e+00 0.000000000000000000e+00 0.000000000000000000e+00
3.311311214825911176e+00 0.000000000000000000e+00 0.000000000000000000e+00
3.630780547701013994e+00 0.000000000000000000e+00 0.000000000000000000e+00
3.981071705534972693e+00 0.000000000000000000e+00 0.000000000000000000e+00
4.365158322401660129e+00 0.000000000000000000e+00 0.000000000000000000e+00
4.786300923226384896e+00 0.000000000000000000e+00 0.000000000000000000e+00
5.248074602497725394e+00 0.000000000000000000e+00 0.000000000000000000e+00
5.754399373371569482e+00 0.000000000000000000e+00 0.000000000000000000e+00
6.309573444801933384e+00 0.000000000000000000e+00 0.000000000000000000e+00
6.918309709189364831e+00 1.007542463662405574e-01 0.000000000000000000e+00
7.585775750291839259e+00 1.967118624330525464e-02 0.000000000000000000e+00
8.317637711026712566e+00 0.000000000000000000e+00 0.000000000000000000e+00
9.120108393559098303e+00 0.000000000000000000e+00 9.727199330903803232e-02
1.000000000000000178e+01 0.000000000000000000e+00 2.432658690472501092e-02
1.096478196143185357e+01 8.037861275682670059e-02 0.000000000000000000e+00
1.202264434617413258e+01 7.197773020451890547e-02 0.000000000000000000e+00
1.318256738556407548e+01 0.000000000000000000e+00 0.000000000000000000e+00
1.445439770745927355e+01 0.000000000000000000e+00 0.000000000000000000e+00
1.584893192461113642e+01 0.000000000000000000e+00 0.000000000000000000e+00
1.737800828749375270e+01 0.000000000000000000e+00 0.000000000000000000e+00
1.905460717963247674e+01 0.000000000000000000e+00 2.058951091811959955e-01
2.089296130854039646e+01 0.000000000000000000e+00 0.000000000000000000e+00
2.290867652767773421e+01 0.000000000000000000e+00 0.000000000000000000e+00
2.511886431509580930e+01 0.000000000000000000e+00 0.000000000000000000e+00
2.754228703338166540e+01 0.000000000000000000e+00 0.000000000000000000e+00
3.019951720402016448e+01 2.319362476849231580e-01 0.000000000000000000e+00
3.311311214825911975e+01 0.000000000000000000e+00 0.000000000000000000e+00
3.630780547701014882e+01 0.000000000000000000e+00 1.658332174807558568e-01
3.981071705534973404e+01 0.000000000000000000e+00 0.000000000000000000e+00
4.365158322401661906e+01 0.000000000000000000e+00 0.000000000000000000e+00
4.786300923226383475e+01 0.000000000000000000e+00 0.000000000000000000e+00
5.248074602497726460e+01 0.000000000000000000e+00 0.000000000000000000e+00
5.754399373371569482e+01 0.000000000000000000e+00 0.000000000000000000e+00
6.309573444801933562e+01 0.000000000000000000e+00 0.000000000000000000e+00
6.918309709189365719e+01 0.000000000000000000e+00 0.000000000000000000e+00
7.585775750291840325e+01 0.000000000000000000e+00 0.000000000000000000e+00
8.317637711026709724e+01 0.000000000000000000e+00 0.000000000000000000e+00
9.120108393559097237e+01 0.000000000000000000e+00 0.000000000000000000e+00
1.000000000000000142e+02 0.000000000000000000e+00 4.134254723348019384e-02
1.096478196143185073e+02 7.474461503947463226e-02 4.451194821413856362e-02
1.202264434617413258e+02 7.324805546179096079e-03 0.000000000000000000e+00
1.318256738556407583e+02 0.000000000000000000e+00 0.000000000000000000e+00
1.445439770745928172e+02 0.000000000000000000e+00 0.000000000000000000e+00
1.584893192461114211e+02 0.000000000000000000e+00 0.000000000000000000e+00
1.737800828749376194e+02 0.000000000000000000e+00 0.000000000000000000e+00
1.905460717963248669e+02 0.000000000000000000e+00 0.000000000000000000e+00
2.089296130854039006e+02 0.000000000000000000e+00 0.000000000000000000e+00
2.290867652767772711e+02 0.000000000000000000e+00 0.000000000000000000e+00
2.511886431509580007e+02 0.000000000000000000e+00 0.000000000000000000e+00
2.754228703338166042e+02 0.000000000000000000e+00 0.000000000000000000e+00
3.019951720402016804e+02 0.000000000000000000e+00 0.000000000000000000e+00
3.311311214825911406e+02 0.000000000000000000e+00 0.000000000000000000e+00
3.630780547701014598e+02 0.000000000000000000e+00 0.000000000000000000e+00
3.981071705534973262e+02 0.000000000000000000e+00 0.000000000000000000e+00
4.365158322401661053e+02 0.000000000000000000e+00 0.000000000000000000e+00
4.786300923226385748e+02 0.000000000000000000e+00 0.000000000000000000e+00
5.248074602497729302e+02 0.000000000000000000e+00 0.000000000000000000e+00
5.754399373371572892e+02 9.980812896951036378e-03 0.000000000000000000e+00
6.309573444801936830e+02 0.000000000000000000e+00 0.000000000000000000e+00
6.918309709189362593e+02 0.000000000000000000e+00 4.568638991761945350e-02
7.585775750291835493e+02 0.000000000000000000e+00 1.944756927977999220e-02
8.317637711026709439e+02 3.517415021978055611e-02 0.000000000000000000e+00
9.120108393559096385e+02 4.351198776010093555e-03 0.000000000000000000e+00
1.000000000000000114e+03 0.000000000000000000e+00 0.000000000000000000e+00
1.096478196143185414e+03 0.000000000000000000e+00 0.000000000000000000e+00
1.202264434617413144e+03 0.000000000000000000e+00 0.000000000000000000e+00
1.318256738556407527e+03 0.000000000000000000e+00 0.000000000000000000e+00
1.445439770745927945e+03 0.000000000000000000e+00 0.000000000000000000e+00
1.584893192461114268e+03 0.000000000000000000e+00 0.000000000000000000e+00
1.737800828749376478e+03 0.000000000000000000e+00 0.000000000000000000e+00
1.905460717963248499e+03 0.000000000000000000e+00 0.000000000000000000e+00
2.089296130854040712e+03 0.000000000000000000e+00 0.000000000000000000e+00
2.290867652767773052e+03 0.000000000000000000e+00 0.000000000000000000e+00
2.511886431509579779e+03 0.000000000000000000e+00 0.000000000000000000e+00
2.754228703338166270e+03 0.000000000000000000e+00 0.000000000000000000e+00
3.019951720402016235e+03 0.000000000000000000e+00 0.000000000000000000e+00
3.311311214825911520e+03 0.000000000000000000e+00 5.108525305299214773e-03
3.630780547701014257e+03 6.475534876477786854e-03 1.046747539903936097e-02
3.981071705534973262e+03 2.547025812488873039e-02 0.000000000000000000e+00
4.365158322401661280e+03 0.000000000000000000e+00 0.000000000000000000e+00
4.786300923226384839e+03 0.000000000000000000e+00 0.000000000000000000e+00
5.248074602497727938e+03 0.000000000000000000e+00 0.000000000000000000e+00
5.754399373371572437e+03 0.000000000000000000e+00 0.000000000000000000e+00
6.309573444801937512e+03 0.000000000000000000e+00 0.000000000000000000e+00
6.918309709189362366e+03 0.000000000000000000e+00 0.000000000000000000e+00
7.585775750291835720e+03 0.000000000000000000e+00 0.000000000000000000e+00
8.317637711026709439e+03 0.000000000000000000e+00 0.000000000000000000e+00
9.120108393559095930e+03 5.949794430226112551e-04 0.000000000000000000e+00
