1.000000000000000238e-03 3.859864335946192049e-01 0.000000000000000000e+00
1.071519305237606618e-03 0.000000000000000000e+00 0.000000000000000000e+00
1.148153621496883102e-03 0.000000000000000000e+00 0.000000000000000000e+00
1.230268770812381661e-03 0.000000000000000000e+00 0.000000000000000000e+00
1.318256738556407293e-03 0.000000000000000000e+00 0.000000000000000000e+00
1.412537544622754397e-03 0.000000000000000000e+00 0.000000000000000000e+00
1.513561248436208310e-03 0.000000000000000000e+00 0.000000000000000000e+00
1.621810097358929951e-03 0.000000000000000000e+00 0.000000000000000000e+00
1.737800828749375397e-03 0.000000000000000000e+00 0.000000000000000000e+00
1.862087136662867555e-03 0.000000000000000000e+00 0.000000000000000000e+00
1.995262314968879354e-03 0.000000000000000000e+00 0.000000000000000000e+00
2.137962089502231777e-03 0.000000000000000000e+00 0.000000000000000000e+00
2.290867652767773679e-03 0.000000000000000000e+00 0.000000000000000000e+00
2.454708915685031162e-03 0.000000000000000000e+00 0.000000000000000000e+00
2.630267991895382171e-03 0.000000000000000000e+00 8.380571422949699423e-02
2.818382931264453925e-03 0.000000000000000000e+00 3.365559509921014492e-01
3.019951720402016572e-03 0.000000000000000000e+00 0.000000000000000000e+00
3.235936569296283313e-03 0.000000000000000000e+00 0.000000000000000000e+00
3.467368504525316676e-03 0.000000000000000000e+00 0.000000000000000000e+00
3.715352290971725771e-03 0.000000000000000000e+00 0.000000000000000000e+00
3.981071705534972548e-03 0.000000000000000000e+00 0.000000000000000000e+00
4.265795188015926789e-03 0.000000000000000000e+00 0.000000000000000000e+00
4.570881896148749554e-03 0.000000000000000000e+00 0.000000000000000000e+00
4.897788193684462707e-03 0.000000000000000000e+00 0.000000000000000000e+00
5.248074602497725463e-03 0.000000000000000000e+00 0.000000000000000000e+00
5.623413251903490971e-03 0.000000000000000000e+00 0.000000000000000000e+00
6.025595860743577885e-03 0.000000000000000000e+00 0.000000000000000000e+00
6.456542290346555836e-03 0.000000000000000000e+00 0.000000000000000000e+00
6.918309709189364443e-03 0.000000000000000000e+00 0.000000000000000000e+00
7.413102413009175877e-03 2.880798023773528671e-01 0.000000000000000000e+00
7.943282347242815525e-03 0.000000000000000000e+00 0.000000000000000000e+00
8.511380382023762264e-03 0.000000000000000000e+00 0.000000000000000000e+00
9.120108393559098539e-03 0.000000000000000000e+00 0.000000000000000000e+00
9.772372209558106634e-03 0.000000000000000000e+00 0.000000000000000000e+00
1.047128548050899749e-02 0.000000000000000000e+00 2.103229979023908958e-01
1.122018454301963730e-02 0.000000000000000000e+00 6.957575668080522024e-02
1.202264434617413176e-02 0.000000000000000000e+00 0.000000000000000000e+00
1.288249551693133703e-02 0.000000000000000000e+00 0.000000000000000000e+00
1.380384264602884867e-02 0.000000000000000000e+00 0.000000000000000000e+00
1.479108388168207285e-02 0.000000000000000000e+00 0.000000000000000000e+00
1.584893192461113778e-02 0.000000000000000000e+00 0.000000000000000000e+00
1.698243652461744330e-02 0.000000000000000000e+00 0.000000000000000000e+00
1.819700858609983943e-02 1.118081958000878215e-02 0.000000000000000000e+00
1.949844599758045541e-02 1.576953569230621910e-01 0.000000000000000000e+00
2.089296130854038577e-02 0.000000000000000000e+00 0.000000000000000000e+00
2.238721138568338861e-02 0.000000000000000000e+00 0.000000000000000000e+00
2.398832919019490417e-02 0.000000000000000000e+00 0.000000000000000000e+00
2.570395782768863241e-02 0.000000000000000000e+00 0.000000000000000000e+00
2.754228703338166759e-02 0.000000000000000000e+00 0.000000000000000000e+00
2.951209226666385785e-02 0.000000000000000000e+00 0.000000000000000000e+00
3.162277660168379134e-02 0.000000000000000000e+00 0.000000000000000000e+00
3.388441561392026291e-02 0.000000000000000000e+00 2.055367718162985080e-01
3.630780547701014521e-02 0.000000000000000000e+00 0.000000000000000000e+00
3.890451449942804868e-02 0.000000000000000000e+00 0.000000000000000000e+00
4.168693834703353363e-02 0.000000000000000000e+00 0.000000000000000000e+00
4.466835921509630658e-02 0.000000000000000000e+00 0.000000000000000000e+00
4.786300923226383119e-02 0.000000000000000000e+00 0.000000000000000000e+00
5.128613839913648970e-02 0.000000000000000000e+00 0.000000000000000000e+00
5.495408738576246233e-02 0.000000000000000000e+00 0.000000000000000000e+00
5.888436553555890379e-02 0.000000000000000000e+00 0.000000000000000000e+00
6.309573444801930275e-02 0.000000000000000000e+00 0.000000000000000000e+00
6.760829753919816998e-02 0.000000000000000000e+00 0.000000000000000000e+00
7.244359600749898653e-02 6.051693335643297533e-02 0.000000000000000000e+00
7.762471166286917523e-02 3.291050418685097234e-02 0.000000000000000000e+00
8.317637711026709679e-02 0.000000000000000000e+00 0.000000000000000000e+00
8.912509381337455072e-02 0.000000000000000000e+00 0.000000000000000000e+00
9.549925860214360240e-02 0.000000000000000000e+00 0.000000000000000000e+00
1.023292992280753627e-01 0.000000000000000000e+00 0.000000000000000000e+00
1.096478196143185063e-01 0.000000000000000000e+00 0.000000000000000000e+00
1.174897554939529354e-01 0.000000000000000000e+00 0.000000000000000000e+00
1.258925411794167837e-01 0.000000000000000000e+00 0.000000000000000000e+00
1.348962882591653589e-01 0.000000000000000000e+00 0.000000000000000000e+00
1.445439770745928221e-01 0.000000000000000000e+00 0.000000000000000000e+00
1.548816618912481069e-01 0.000000000000000000e+00 0.000000000000000000e+00
1.659586907437559655e-01 0.000000000000000000e+00 0.000000000000000000e+00
1.778279410038923203e-01 0.000000000000000000e+00 0.000000000000000000e+00
1.905460717963246842e-01 0.000000000000000000e+00 3.407322599605112912e-02
2.041737944669529681e-01 0.000000000000000000e+00 2.991650262757009071e-02
2.187761623949551759e-01 0.000000000000000000e+00 0.000000000000000000e+00
2.344228815319922832e-01 0.000000000000000000e+00 0.000000000000000000e+00
2.511886431509580131e-01 0.000000000000000000e+00 0.000000000000000000e+00
2.691534803926914354e-01 0.000000000000000000e+00 0.000000000000000000e+00
2.884031503126606166e-01 0.000000000000000000e+00 0.000000000000000000e+00
3.090295432513588403e-01 0.000000000000000000e+00 0.000000000000000000e+00
3.311311214825911065e-01 0.000000000000000000e+00 0.000000000000000000e+00
3.548133892335753048e-01 0.000000000000000000e+00 0.000000000000000000e+00
3.801893963205613125e-01 0.000000000000000000e+00 0.000000000000000000e+00
4.073802778041126227e-01 0.000000000000000000e+00 0.000000000000000000e+00
4.365158322401656577e-01 0.000000000000000000e+00 0.000000000000000000e+00
4.677351412871981196e-01 0.000000000000000000e+00 0.000000000000000000e+00
5.011872336272719108e-01 0.000000000000000000e+00 0.000000000000000000e+00
5.370317963702526676e-01 0.000000000000000000e+00 0.000000000000000000e+00
5.754399373371565929e-01 0.000000000000000000e+00 0.000000000000000000e+00
6.165950018614823058e-01 0.000000000000000000e+00 0.000000000000000000e+00
6.606934480075957739e-01 0.000000000000000000e+00 0.000000000000000000e+00
7.079457843841380216e-01 0.000000000000000000e+00 0.000000000000000000e+00
7.585775750291835484e-01 0.000000000000000000e+00 0.000000000000000000e+00
8.128305161640987375e-01 0.000000000000000000e+00 0.000000000000000000e+00
8.709635899560806971e-01 0.000000000000000000e+00 0.000000000000000000e+00
9.332543007969905657e-01 6.363014933986134436e-02 3.021311508422914668e-02
