1.000000000000000222e+00 3.935958083794010021e-01 0.000000000000000000e+00
1.096478196143185091e+00 0.000000000000000000e+00 0.000000000000000000e+00
1.202264434617412947e+00 0.000000000000000000e+00 0.000000000000000000e+00
1.318256738556407237e+00 0.000000000000000000e+00 0.000000000000000000e+00
1.445439770745927666e+00 0.000000000000000000e+00 0.000000000000000000e+00
1.584893192461113820e+00 0.000000000000000000e+00 0.000000000000000000e+00
1.737800828749375359e+00 0.000000000000000000e+00 0.000000000000000000e+00
1.905460717963247452e+00 0.000000000000000000e+00 0.000000000000000000e+00
2.089296130854040090e+00 0.000000000000000000e+00 0.000000000000000000e+00
2.290867652767773599e+00 0.000000000000000000e+00 0.000000000000000000e+00
2.511886431509580131e+00 0.000000000000000000e+00 0.000000000000000000e+00
2.754228703338166717e+00 0.000000000000000000e+00 5.132731284071867517e-02
3.019951720402016537e+00 0.000000000000000000e+00 3.923845027267944263e-01
3.311311214825911176e+00 0.000000000000000000e+00 0.000000000000000000e+00
3.630780547701013994e+00 0.000000000000000000e+00 0.000000000000000000e+00
3.981071705534972693e+00 0.000000000000000000e+00 0.000000000000000000e+00
4.365158322401660129e+00 0.000000000000000000e+00 0.000000000000000000e+00
4.786300923226384896e+00 0.000000000000000000e+00 0.000000000000000000e+00
5.248074602497725394e+00 0.000000000000000000e+00 0.000000000000000000e+00
5.754399373371569482e+00 0.000000000000000000e+00 0.000000000000000000e+00
6.309573444801933384e+00 0.000000000000000000e+00 0.000000000000000000e+00
6.918309709189364831e+00 0.000000000000000000e+00 0.000000000000000000e+00
7.585775750291839259e+00 1.285033430713169167e-01 0.000000000000000000e+00
8.317637711026712566e+00 1.856155651657046823e-01 0.000000000000000000e+00
9.120108393559098303e+00 0.000000000000000000e+00 0.000000000000000000e+00
1.000000000000000178e+01 0.000000000000000000e+00 0.000000000000000000e+00
1.096478196143185357e+01 0.000000000000000000e+00 8.008119683424098911e-02
1.202264434617413258e+01 0.000000000000000000e+00 1.932564483215560847e-01
1.318256738556407548e+01 0.000000000000000000e+00 0.000000000000000000e+00
1.445439770745927355e+01 0.000000000000000000e+00 0.000000000000000000e+00
1.584893192461113642e+01 0.000000000000000000e+00 0.000000000000000000e+00
1.737800828749375270e+01 0.000000000000000000e+00 0.000000000000000000e+00
1.905460717963247674e+01 0.000000000000000000e+00 0.000000000000000000e+00
2.089296130854039646e+01 2.244690090031104240e-03 0.000000000000000000e+00
2.290867652767773421e+01 1.434238592074306429e-01 0.000000000000000000e+00
2.511886431509580930e+01 0.000000000000000000e+00 0.000000000000000000e+00
2.754228703338166540e+01 0.000000000000000000e+00 0.000000000000000000e+00
3.019951720402016448e+01 0.000000000000000000e+00 0.000000000000000000e+00
3.311311214825911975e+01 0.000000000000000000e+00 7.581982573490542165e-02
3.630780547701014882e+01 0.000000000000000000e+00 1.089621344979853079e-01
3.981071705534973404e+01 0.000000000000000000e+00 0.000000000000000000e+00
4.365158322401661906e+01 0.000000000000000000e+00 0.000000000000000000e+00
4.786300923226383475e+01 0.000000000000000000e+00 0.000000000000000000e+00
5.248074602497726460e+01 0.000000000000000000e+00 0.000000000000000000e+00
5.754399373371569482e+01 0.000000000000000000e+00 0.000000000000000000e+00
6.309573444801933562e+01 0.000000000000000000e+00 0.000000000000000000e+00
6.918309709189365719e+01 0.000000000000000000e+00 0.000000000000000000e+00
7.585775750291840325e+01 7.824480457992576132e-02 0.000000000000000000e+00
8.317637711026709724e+01 0.000000000000000000e+00 0.000000000000000000e+00
9.120108393559097237e+01 0.000000000000000000e+00 0.000000000000000000e+00
1.000000000000000142e+02 0.000000000000000000e+00 0.000000000000000000e+00
1.096478196143185073e+02 0.000000000000000000e+00 0.000000000000000000e+00
1.202264434617413258e+02 0.000000000000000000e+00 0.000000000000000000e+00
1.318256738556407583e+02 0.000000000000000000e+00 4.157062139702300679e-02
1.445439770745928172e+02 0.000000000000000000e+00 0.000000000000000000e+00
1.584893192461114211e+02 0.000000000000000000e+00 0.000000000000000000e+00
1.737800828749376194e+02 0.000000000000000000e+00 0.000000000000000000e+00
1.905460717963248669e+02 0.000000000000000000e+00 0.000000000000000000e+00
2.089296130854039006e+02 0.000000000000000000e+00 0.000000000000000000e+00
2.290867652767772711e+02 0.000000000000000000e+00 0.000000000000000000e+00
2.511886431509580007e+02 0.000000000000000000e+00 0.000000000000000000e+00
2.754228703338166042e+02 0.000000000000000000e+00 0.000000000000000000e+00
3.019951720402016804e+02 0.000000000000000000e+00 0.000000000000000000e+00
3.311311214825911406e+02 1.630085290457534627e-02 0.000000000000000000e+00
3.630780547701014598e+02 1.843838537350969264e-03 0.000000000000000000e+00
3.981071705534973262e+02 0.000000000000000000e+00 1.477558622171031705e-02
4.365158322401661053e+02 0.000000000000000000e+00 3.065560700495695637e-02
4.786300923226385748e+02 0.000000000000000000e+00 0.000000000000000000e+00
5.248074602497729302e+02 0.000000000000000000e+00 0.000000000000000000e+00
5.754399373371572892e+02 0.000000000000000000e+00 0.000000000000000000e+00
6.309573444801936830e+02 0.000000000000000000e+00 0.000000000000000000e+00
6.918309709189362593e+02 0.000000000000000000e+00 0.000000000000000000e+00
7.585775750291835493e+02 0.000000000000000000e+00 0.000000000000000000e+00
8.317637711026709439e+02 0.000000000000000000e+00 0.000000000000000000e+00
9.120108393559096385e+02 0.000000000000000000e+00 0.000000000000000000e+00
1.000000000000000114e+03 0.000000000000000000e+00 0.000000000000000000e+00
1.096478196143185414e+03 3.230735212532246520e-02 0.000000000000000000e+00
1.202264434617413144e+03 1.647949760934211069e-02 0.000000000000000000e+00
1.318256738556407527e+03 0.000000000000000000e+00 0.000000000000000000e+00
1.445439770745927945e+03 0.000000000000000000e+00 0.000000000000000000e+00
1.584893192461114268e+03 0.000000000000000000e+00 1.116680384127695380e-02
1.737800828749376478e+03 0.000000000000000000e+00 0.000000000000000000e+00
1.905460717963248499e+03 0.000000000000000000e+00 0.000000000000000000e+00
2.089296130854040712e+03 0.000000000000000000e+00 0.000000000000000000e+00
2.290867652767773052e+03 0.000000000000000000e+00 0.000000000000000000e+00
2.511886431509579779e+03 0.000000000000000000e+00 0.000000000000000000e+00
2.754228703338166270e+03 0.000000000000000000e+00 0.000000000000000000e+00
3.019951720402016235e+03 0.000000000000000000e+00 0.000000000000000000e+00
3.311311214825911520e+03 0.000000000000000000e+00 0.000000000000000000e+00
3.630780547701014257e+03 0.000000000000000000e+00 0.000000000000000000e+00
3.981071705534973262e+03 0.000000000000000000e+00 0.000000000000000000e+00
4.365158322401661280e+03 0.000000000000000000e+00 0.000000000000000000e+00
4.786300923226384839e+03 0.000000000000000000e+00 0.000000000000000000e+00
5.248074602497727938e+03 0.000000000000000000e+00 0.000000000000000000e+00
5.754399373371572437e+03 0.000000000000000000e+00 0.000000000000000000e+00
6.309573444801937512e+03 0.000000000000000000e+00 0.000000000000000000e+00
6.918309709189362366e+03 0.000000000000000000e+00 0.000000000000000000e+00
7.585775750291835720e+03 0.000000000000000000e+00 0.000000000000000000e+00
8.317637711026709439e+03 0.000000000000000000e+00 0.000000000000000000e+00
9.120108393559095930e+03 1.440387625973553595e-03 0.000000000000000000e+00
