/media/nenciric/7686706b-e3c8-4ac3-a074-769f122a69d6/CoryPeptides/mahti/01_eElaB_micelle_45SDS_CHARMM_310K_Na_Neut_OPC/correlationFUNCTfolderNH/NHrotaCF_0.xvg     0.7781     0.1864     0.2962 
/media/nenciric/7686706b-e3c8-4ac3-a074-769f122a69d6/CoryPeptides/mahti/01_eElaB_micelle_45SDS_CHARMM_310K_Na_Neut_OPC/correlationFUNCTfolderNH/NHrotaCF_1.xvg     0.6676     0.1847     0.5084 
/media/nenciric/7686706b-e3c8-4ac3-a074-769f122a69d6/CoryPeptides/mahti/01_eElaB_micelle_45SDS_CHARMM_310K_Na_Neut_OPC/correlationFUNCTfolderNH/NHrotaCF_2.xvg     0.7468     0.1040     0.5492 
/media/nenciric/7686706b-e3c8-4ac3-a074-769f122a69d6/CoryPeptides/mahti/01_eElaB_micelle_45SDS_CHARMM_310K_Na_Neut_OPC/correlationFUNCTfolderNH/NHrotaCF_3.xvg     0.7078     0.1674     0.5947 
/media/nenciric/7686706b-e3c8-4ac3-a074-769f122a69d6/CoryPeptides/mahti/01_eElaB_micelle_45SDS_CHARMM_310K_Na_Neut_OPC/correlationFUNCTfolderNH/NHrotaCF_4.xvg     0.7090     0.1537     0.6313 
/media/nenciric/7686706b-e3c8-4ac3-a074-769f122a69d6/CoryPeptides/mahti/01_eElaB_micelle_45SDS_CHARMM_310K_Na_Neut_OPC/correlationFUNCTfolderNH/NHrotaCF_5.xvg     0.6936     0.1174     0.7304 
/media/nenciric/7686706b-e3c8-4ac3-a074-769f122a69d6/CoryPeptides/mahti/01_eElaB_micelle_45SDS_CHARMM_310K_Na_Neut_OPC/correlationFUNCTfolderNH/NHrotaCF_6.xvg     0.6949     0.1167     0.7559 
/media/nenciric/7686706b-e3c8-4ac3-a074-769f122a69d6/CoryPeptides/mahti/01_eElaB_micelle_45SDS_CHARMM_310K_Na_Neut_OPC/correlationFUNCTfolderNH/NHrotaCF_7.xvg     0.7093     0.1123     0.7579 
/media/nenciric/7686706b-e3c8-4ac3-a074-769f122a69d6/CoryPeptides/mahti/01_eElaB_micelle_45SDS_CHARMM_310K_Na_Neut_OPC/correlationFUNCTfolderNH/NHrotaCF_8.xvg     0.6840     0.1064     0.7676 
/media/nenciric/7686706b-e3c8-4ac3-a074-769f122a69d6/CoryPeptides/mahti/01_eElaB_micelle_45SDS_CHARMM_310K_Na_Neut_OPC/correlationFUNCTfolderNH/NHrotaCF_9.xvg     0.6659     0.1116     0.7996 
/media/nenciric/7686706b-e3c8-4ac3-a074-769f122a69d6/CoryPeptides/mahti/01_eElaB_micelle_45SDS_CHARMM_310K_Na_Neut_OPC/correlationFUNCTfolderNH/NHrotaCF_10.xvg     0.6792     0.1087     0.8036 
/media/nenciric/7686706b-e3c8-4ac3-a074-769f122a69d6/CoryPeptides/mahti/01_eElaB_micelle_45SDS_CHARMM_310K_Na_Neut_OPC/correlationFUNCTfolderNH/NHrotaCF_11.xvg     0.6999     0.1047     0.7842 
/media/nenciric/7686706b-e3c8-4ac3-a074-769f122a69d6/CoryPeptides/mahti/01_eElaB_micelle_45SDS_CHARMM_310K_Na_Neut_OPC/correlationFUNCTfolderNH/NHrotaCF_12.xvg     0.6711     0.1060     0.7972 
/media/nenciric/7686706b-e3c8-4ac3-a074-769f122a69d6/CoryPeptides/mahti/01_eElaB_micelle_45SDS_CHARMM_310K_Na_Neut_OPC/correlationFUNCTfolderNH/NHrotaCF_13.xvg     0.6559     0.1084     0.8109 
/media/nenciric/7686706b-e3c8-4ac3-a074-769f122a69d6/CoryPeptides/mahti/01_eElaB_micelle_45SDS_CHARMM_310K_Na_Neut_OPC/correlationFUNCTfolderNH/NHrotaCF_14.xvg     0.6823     0.1063     0.7827 
/media/nenciric/7686706b-e3c8-4ac3-a074-769f122a69d6/CoryPeptides/mahti/01_eElaB_micelle_45SDS_CHARMM_310K_Na_Neut_OPC/correlationFUNCTfolderNH/NHrotaCF_15.xvg     0.6982     0.1051     0.7771 
/media/nenciric/7686706b-e3c8-4ac3-a074-769f122a69d6/CoryPeptides/mahti/01_eElaB_micelle_45SDS_CHARMM_310K_Na_Neut_OPC/correlationFUNCTfolderNH/NHrotaCF_16.xvg     0.6594     0.1082     0.8030 
/media/nenciric/7686706b-e3c8-4ac3-a074-769f122a69d6/CoryPeptides/mahti/01_eElaB_micelle_45SDS_CHARMM_310K_Na_Neut_OPC/correlationFUNCTfolderNH/NHrotaCF_17.xvg     0.6640     0.1094     0.7915 
/media/nenciric/7686706b-e3c8-4ac3-a074-769f122a69d6/CoryPeptides/mahti/01_eElaB_micelle_45SDS_CHARMM_310K_Na_Neut_OPC/correlationFUNCTfolderNH/NHrotaCF_18.xvg     0.7282     0.1136     0.7463 
/media/nenciric/7686706b-e3c8-4ac3-a074-769f122a69d6/CoryPeptides/mahti/01_eElaB_micelle_45SDS_CHARMM_310K_Na_Neut_OPC/correlationFUNCTfolderNH/NHrotaCF_19.xvg     0.7204     0.1202     0.7393 
/media/nenciric/7686706b-e3c8-4ac3-a074-769f122a69d6/CoryPeptides/mahti/01_eElaB_micelle_45SDS_CHARMM_310K_Na_Neut_OPC/correlationFUNCTfolderNH/NHrotaCF_20.xvg     0.7282     0.1437     0.6785 
