/media/nenciric/7686706b-e3c8-4ac3-a074-769f122a69d6/CoryPeptides/mahti/02_eElaB_micelle_40SDS_CHARMM_310K_Na_Neut_OPC/correlationFUNCTfolderNH/NHrotaCF_0.xvg     0.2243     0.2028    -1.6667 
/media/nenciric/7686706b-e3c8-4ac3-a074-769f122a69d6/CoryPeptides/mahti/02_eElaB_micelle_40SDS_CHARMM_310K_Na_Neut_OPC/correlationFUNCTfolderNH/NHrotaCF_1.xvg     0.1614     0.1215    -0.9750 
/media/nenciric/7686706b-e3c8-4ac3-a074-769f122a69d6/CoryPeptides/mahti/02_eElaB_micelle_40SDS_CHARMM_310K_Na_Neut_OPC/correlationFUNCTfolderNH/NHrotaCF_2.xvg     0.1407     0.1109    -0.6342 
/media/nenciric/7686706b-e3c8-4ac3-a074-769f122a69d6/CoryPeptides/mahti/02_eElaB_micelle_40SDS_CHARMM_310K_Na_Neut_OPC/correlationFUNCTfolderNH/NHrotaCF_3.xvg     0.1453     0.1141    -0.9239 
/media/nenciric/7686706b-e3c8-4ac3-a074-769f122a69d6/CoryPeptides/mahti/02_eElaB_micelle_40SDS_CHARMM_310K_Na_Neut_OPC/correlationFUNCTfolderNH/NHrotaCF_4.xvg     0.1226     0.0905    -0.5191 
/media/nenciric/7686706b-e3c8-4ac3-a074-769f122a69d6/CoryPeptides/mahti/02_eElaB_micelle_40SDS_CHARMM_310K_Na_Neut_OPC/correlationFUNCTfolderNH/NHrotaCF_5.xvg     0.1180     0.0999    -0.6361 
/media/nenciric/7686706b-e3c8-4ac3-a074-769f122a69d6/CoryPeptides/mahti/02_eElaB_micelle_40SDS_CHARMM_310K_Na_Neut_OPC/correlationFUNCTfolderNH/NHrotaCF_6.xvg     0.1166     0.0990    -0.5368 
/media/nenciric/7686706b-e3c8-4ac3-a074-769f122a69d6/CoryPeptides/mahti/02_eElaB_micelle_40SDS_CHARMM_310K_Na_Neut_OPC/correlationFUNCTfolderNH/NHrotaCF_7.xvg     0.1142     0.0946    -0.5593 
/media/nenciric/7686706b-e3c8-4ac3-a074-769f122a69d6/CoryPeptides/mahti/02_eElaB_micelle_40SDS_CHARMM_310K_Na_Neut_OPC/correlationFUNCTfolderNH/NHrotaCF_8.xvg     0.1110     0.0922    -0.5884 
/media/nenciric/7686706b-e3c8-4ac3-a074-769f122a69d6/CoryPeptides/mahti/02_eElaB_micelle_40SDS_CHARMM_310K_Na_Neut_OPC/correlationFUNCTfolderNH/NHrotaCF_9.xvg     0.1144     0.0981    -0.6188 
/media/nenciric/7686706b-e3c8-4ac3-a074-769f122a69d6/CoryPeptides/mahti/02_eElaB_micelle_40SDS_CHARMM_310K_Na_Neut_OPC/correlationFUNCTfolderNH/NHrotaCF_10.xvg     0.1113     0.0939    -0.5221 
/media/nenciric/7686706b-e3c8-4ac3-a074-769f122a69d6/CoryPeptides/mahti/02_eElaB_micelle_40SDS_CHARMM_310K_Na_Neut_OPC/correlationFUNCTfolderNH/NHrotaCF_11.xvg     0.1101     0.0891    -0.5728 
/media/nenciric/7686706b-e3c8-4ac3-a074-769f122a69d6/CoryPeptides/mahti/02_eElaB_micelle_40SDS_CHARMM_310K_Na_Neut_OPC/correlationFUNCTfolderNH/NHrotaCF_12.xvg     0.1104     0.0926    -0.5968 
/media/nenciric/7686706b-e3c8-4ac3-a074-769f122a69d6/CoryPeptides/mahti/02_eElaB_micelle_40SDS_CHARMM_310K_Na_Neut_OPC/correlationFUNCTfolderNH/NHrotaCF_13.xvg     0.1117     0.0953    -0.5847 
/media/nenciric/7686706b-e3c8-4ac3-a074-769f122a69d6/CoryPeptides/mahti/02_eElaB_micelle_40SDS_CHARMM_310K_Na_Neut_OPC/correlationFUNCTfolderNH/NHrotaCF_14.xvg     0.1119     0.0917    -0.5615 
/media/nenciric/7686706b-e3c8-4ac3-a074-769f122a69d6/CoryPeptides/mahti/02_eElaB_micelle_40SDS_CHARMM_310K_Na_Neut_OPC/correlationFUNCTfolderNH/NHrotaCF_15.xvg     0.1109     0.0896    -0.5919 
/media/nenciric/7686706b-e3c8-4ac3-a074-769f122a69d6/CoryPeptides/mahti/02_eElaB_micelle_40SDS_CHARMM_310K_Na_Neut_OPC/correlationFUNCTfolderNH/NHrotaCF_16.xvg     0.1135     0.0967    -0.6239 
/media/nenciric/7686706b-e3c8-4ac3-a074-769f122a69d6/CoryPeptides/mahti/02_eElaB_micelle_40SDS_CHARMM_310K_Na_Neut_OPC/correlationFUNCTfolderNH/NHrotaCF_17.xvg     0.1124     0.0946    -0.5728 
/media/nenciric/7686706b-e3c8-4ac3-a074-769f122a69d6/CoryPeptides/mahti/02_eElaB_micelle_40SDS_CHARMM_310K_Na_Neut_OPC/correlationFUNCTfolderNH/NHrotaCF_18.xvg     0.1266     0.0833    -0.7314 
/media/nenciric/7686706b-e3c8-4ac3-a074-769f122a69d6/CoryPeptides/mahti/02_eElaB_micelle_40SDS_CHARMM_310K_Na_Neut_OPC/correlationFUNCTfolderNH/NHrotaCF_19.xvg     0.1276     0.1072    -0.7579 
/media/nenciric/7686706b-e3c8-4ac3-a074-769f122a69d6/CoryPeptides/mahti/02_eElaB_micelle_40SDS_CHARMM_310K_Na_Neut_OPC/correlationFUNCTfolderNH/NHrotaCF_20.xvg     0.1404     0.1209    -0.7853 
