/media/nenciric/7686706b-e3c8-4ac3-a074-769f122a69d6/CoryPeptides/mahti/0_eElaB_micelle_50SDS_CHARMM_310K_Na_Neut_OPC/correlationFUNCTfolderNH/NHrotaCF_0.xvg     0.7620     0.2554     0.2609 
/media/nenciric/7686706b-e3c8-4ac3-a074-769f122a69d6/CoryPeptides/mahti/0_eElaB_micelle_50SDS_CHARMM_310K_Na_Neut_OPC/correlationFUNCTfolderNH/NHrotaCF_1.xvg     0.6973     0.1644     0.4956 
/media/nenciric/7686706b-e3c8-4ac3-a074-769f122a69d6/CoryPeptides/mahti/0_eElaB_micelle_50SDS_CHARMM_310K_Na_Neut_OPC/correlationFUNCTfolderNH/NHrotaCF_2.xvg     0.7705     0.1762     0.5403 
/media/nenciric/7686706b-e3c8-4ac3-a074-769f122a69d6/CoryPeptides/mahti/0_eElaB_micelle_50SDS_CHARMM_310K_Na_Neut_OPC/correlationFUNCTfolderNH/NHrotaCF_3.xvg     0.7507     0.1586     0.5905 
/media/nenciric/7686706b-e3c8-4ac3-a074-769f122a69d6/CoryPeptides/mahti/0_eElaB_micelle_50SDS_CHARMM_310K_Na_Neut_OPC/correlationFUNCTfolderNH/NHrotaCF_4.xvg     0.7567     0.1433     0.6264 
/media/nenciric/7686706b-e3c8-4ac3-a074-769f122a69d6/CoryPeptides/mahti/0_eElaB_micelle_50SDS_CHARMM_310K_Na_Neut_OPC/correlationFUNCTfolderNH/NHrotaCF_5.xvg     0.7494     0.1203     0.7258 
/media/nenciric/7686706b-e3c8-4ac3-a074-769f122a69d6/CoryPeptides/mahti/0_eElaB_micelle_50SDS_CHARMM_310K_Na_Neut_OPC/correlationFUNCTfolderNH/NHrotaCF_6.xvg     0.7335     0.1162     0.7397 
/media/nenciric/7686706b-e3c8-4ac3-a074-769f122a69d6/CoryPeptides/mahti/0_eElaB_micelle_50SDS_CHARMM_310K_Na_Neut_OPC/correlationFUNCTfolderNH/NHrotaCF_7.xvg     0.7451     0.1024     0.7650 
/media/nenciric/7686706b-e3c8-4ac3-a074-769f122a69d6/CoryPeptides/mahti/0_eElaB_micelle_50SDS_CHARMM_310K_Na_Neut_OPC/correlationFUNCTfolderNH/NHrotaCF_8.xvg     0.7225     0.1038     0.7738 
/media/nenciric/7686706b-e3c8-4ac3-a074-769f122a69d6/CoryPeptides/mahti/0_eElaB_micelle_50SDS_CHARMM_310K_Na_Neut_OPC/correlationFUNCTfolderNH/NHrotaCF_9.xvg     0.6977     0.1128     0.7730 
/media/nenciric/7686706b-e3c8-4ac3-a074-769f122a69d6/CoryPeptides/mahti/0_eElaB_micelle_50SDS_CHARMM_310K_Na_Neut_OPC/correlationFUNCTfolderNH/NHrotaCF_10.xvg     0.7258     0.1096     0.7642 
/media/nenciric/7686706b-e3c8-4ac3-a074-769f122a69d6/CoryPeptides/mahti/0_eElaB_micelle_50SDS_CHARMM_310K_Na_Neut_OPC/correlationFUNCTfolderNH/NHrotaCF_11.xvg     0.7209     0.0841     0.7839 
/media/nenciric/7686706b-e3c8-4ac3-a074-769f122a69d6/CoryPeptides/mahti/0_eElaB_micelle_50SDS_CHARMM_310K_Na_Neut_OPC/correlationFUNCTfolderNH/NHrotaCF_12.xvg     0.7106     0.1106     0.7800 
/media/nenciric/7686706b-e3c8-4ac3-a074-769f122a69d6/CoryPeptides/mahti/0_eElaB_micelle_50SDS_CHARMM_310K_Na_Neut_OPC/correlationFUNCTfolderNH/NHrotaCF_13.xvg     0.7018     0.1097     0.7710 
/media/nenciric/7686706b-e3c8-4ac3-a074-769f122a69d6/CoryPeptides/mahti/0_eElaB_micelle_50SDS_CHARMM_310K_Na_Neut_OPC/correlationFUNCTfolderNH/NHrotaCF_14.xvg     0.7428     0.1077     0.7718 
/media/nenciric/7686706b-e3c8-4ac3-a074-769f122a69d6/CoryPeptides/mahti/0_eElaB_micelle_50SDS_CHARMM_310K_Na_Neut_OPC/correlationFUNCTfolderNH/NHrotaCF_15.xvg     0.7326     0.0926     0.7710 
/media/nenciric/7686706b-e3c8-4ac3-a074-769f122a69d6/CoryPeptides/mahti/0_eElaB_micelle_50SDS_CHARMM_310K_Na_Neut_OPC/correlationFUNCTfolderNH/NHrotaCF_16.xvg     0.7208     0.1129     0.7569 
/media/nenciric/7686706b-e3c8-4ac3-a074-769f122a69d6/CoryPeptides/mahti/0_eElaB_micelle_50SDS_CHARMM_310K_Na_Neut_OPC/correlationFUNCTfolderNH/NHrotaCF_17.xvg     0.7168     0.1166     0.7357 
/media/nenciric/7686706b-e3c8-4ac3-a074-769f122a69d6/CoryPeptides/mahti/0_eElaB_micelle_50SDS_CHARMM_310K_Na_Neut_OPC/correlationFUNCTfolderNH/NHrotaCF_18.xvg     0.7565     0.0787     0.6775 
/media/nenciric/7686706b-e3c8-4ac3-a074-769f122a69d6/CoryPeptides/mahti/0_eElaB_micelle_50SDS_CHARMM_310K_Na_Neut_OPC/correlationFUNCTfolderNH/NHrotaCF_19.xvg     0.7472     0.1028     0.6531 
/media/nenciric/7686706b-e3c8-4ac3-a074-769f122a69d6/CoryPeptides/mahti/0_eElaB_micelle_50SDS_CHARMM_310K_Na_Neut_OPC/correlationFUNCTfolderNH/NHrotaCF_20.xvg     0.7523     0.1474     0.5723 
