/media/nenciric/7686706b-e3c8-4ac3-a074-769f122a69d6/CoryPeptides/mahti/11_eYqjD_micelle_45SDS_CHARMM_310K_Na_Neut_OPC/correlationFUNCTfolderNH/NHrotaCF_0.xvg     0.7648     0.2784     0.2611 
/media/nenciric/7686706b-e3c8-4ac3-a074-769f122a69d6/CoryPeptides/mahti/11_eYqjD_micelle_45SDS_CHARMM_310K_Na_Neut_OPC/correlationFUNCTfolderNH/NHrotaCF_1.xvg     0.7721     0.2237     0.3337 
/media/nenciric/7686706b-e3c8-4ac3-a074-769f122a69d6/CoryPeptides/mahti/11_eYqjD_micelle_45SDS_CHARMM_310K_Na_Neut_OPC/correlationFUNCTfolderNH/NHrotaCF_2.xvg     0.7242     0.1677     0.4514 
/media/nenciric/7686706b-e3c8-4ac3-a074-769f122a69d6/CoryPeptides/mahti/11_eYqjD_micelle_45SDS_CHARMM_310K_Na_Neut_OPC/correlationFUNCTfolderNH/NHrotaCF_3.xvg     0.7105     0.1146     0.4667 
/media/nenciric/7686706b-e3c8-4ac3-a074-769f122a69d6/CoryPeptides/mahti/11_eYqjD_micelle_45SDS_CHARMM_310K_Na_Neut_OPC/correlationFUNCTfolderNH/NHrotaCF_4.xvg     0.7678     0.2029     0.4657 
/media/nenciric/7686706b-e3c8-4ac3-a074-769f122a69d6/CoryPeptides/mahti/11_eYqjD_micelle_45SDS_CHARMM_310K_Na_Neut_OPC/correlationFUNCTfolderNH/NHrotaCF_5.xvg     0.6942     0.1681     0.5394 
/media/nenciric/7686706b-e3c8-4ac3-a074-769f122a69d6/CoryPeptides/mahti/11_eYqjD_micelle_45SDS_CHARMM_310K_Na_Neut_OPC/correlationFUNCTfolderNH/NHrotaCF_6.xvg     0.7642     0.1730     0.5481 
/media/nenciric/7686706b-e3c8-4ac3-a074-769f122a69d6/CoryPeptides/mahti/11_eYqjD_micelle_45SDS_CHARMM_310K_Na_Neut_OPC/correlationFUNCTfolderNH/NHrotaCF_7.xvg     0.6964     0.0979     0.5974 
/media/nenciric/7686706b-e3c8-4ac3-a074-769f122a69d6/CoryPeptides/mahti/11_eYqjD_micelle_45SDS_CHARMM_310K_Na_Neut_OPC/correlationFUNCTfolderNH/NHrotaCF_8.xvg     0.6695     0.1277     0.7223 
/media/nenciric/7686706b-e3c8-4ac3-a074-769f122a69d6/CoryPeptides/mahti/11_eYqjD_micelle_45SDS_CHARMM_310K_Na_Neut_OPC/correlationFUNCTfolderNH/NHrotaCF_9.xvg     0.6970     0.1186     0.7222 
/media/nenciric/7686706b-e3c8-4ac3-a074-769f122a69d6/CoryPeptides/mahti/11_eYqjD_micelle_45SDS_CHARMM_310K_Na_Neut_OPC/correlationFUNCTfolderNH/NHrotaCF_10.xvg     0.6619     0.1133     0.7486 
/media/nenciric/7686706b-e3c8-4ac3-a074-769f122a69d6/CoryPeptides/mahti/11_eYqjD_micelle_45SDS_CHARMM_310K_Na_Neut_OPC/correlationFUNCTfolderNH/NHrotaCF_11.xvg     0.6369     0.1175     0.7536 
/media/nenciric/7686706b-e3c8-4ac3-a074-769f122a69d6/CoryPeptides/mahti/11_eYqjD_micelle_45SDS_CHARMM_310K_Na_Neut_OPC/correlationFUNCTfolderNH/NHrotaCF_12.xvg     0.6471     0.1203     0.7404 
/media/nenciric/7686706b-e3c8-4ac3-a074-769f122a69d6/CoryPeptides/mahti/11_eYqjD_micelle_45SDS_CHARMM_310K_Na_Neut_OPC/correlationFUNCTfolderNH/NHrotaCF_13.xvg     0.6736     0.0875     0.7446 
/media/nenciric/7686706b-e3c8-4ac3-a074-769f122a69d6/CoryPeptides/mahti/11_eYqjD_micelle_45SDS_CHARMM_310K_Na_Neut_OPC/correlationFUNCTfolderNH/NHrotaCF_14.xvg     0.6464     0.1123     0.7522 
/media/nenciric/7686706b-e3c8-4ac3-a074-769f122a69d6/CoryPeptides/mahti/11_eYqjD_micelle_45SDS_CHARMM_310K_Na_Neut_OPC/correlationFUNCTfolderNH/NHrotaCF_15.xvg     0.6436     0.1182     0.7511 
/media/nenciric/7686706b-e3c8-4ac3-a074-769f122a69d6/CoryPeptides/mahti/11_eYqjD_micelle_45SDS_CHARMM_310K_Na_Neut_OPC/correlationFUNCTfolderNH/NHrotaCF_16.xvg     0.6847     0.1103     0.7182 
/media/nenciric/7686706b-e3c8-4ac3-a074-769f122a69d6/CoryPeptides/mahti/11_eYqjD_micelle_45SDS_CHARMM_310K_Na_Neut_OPC/correlationFUNCTfolderNH/NHrotaCF_17.xvg     0.6836     0.1110     0.6752 
/media/nenciric/7686706b-e3c8-4ac3-a074-769f122a69d6/CoryPeptides/mahti/11_eYqjD_micelle_45SDS_CHARMM_310K_Na_Neut_OPC/correlationFUNCTfolderNH/NHrotaCF_18.xvg     0.6714     0.1070     0.6907 
/media/nenciric/7686706b-e3c8-4ac3-a074-769f122a69d6/CoryPeptides/mahti/11_eYqjD_micelle_45SDS_CHARMM_310K_Na_Neut_OPC/correlationFUNCTfolderNH/NHrotaCF_19.xvg     0.7277     0.1517     0.5931 
