/media/nenciric/7686706b-e3c8-4ac3-a074-769f122a69d6/CoryPeptides/mahti/3_yFis1_micelle_50SDS_CHARMM_310K_Na_Neut_OPC/correlationFUNCTfolderNH/NHrotaCF_0.xvg     0.8453     0.2277     0.3343 
/media/nenciric/7686706b-e3c8-4ac3-a074-769f122a69d6/CoryPeptides/mahti/3_yFis1_micelle_50SDS_CHARMM_310K_Na_Neut_OPC/correlationFUNCTfolderNH/NHrotaCF_1.xvg     0.6880     0.1928     0.5293 
/media/nenciric/7686706b-e3c8-4ac3-a074-769f122a69d6/CoryPeptides/mahti/3_yFis1_micelle_50SDS_CHARMM_310K_Na_Neut_OPC/correlationFUNCTfolderNH/NHrotaCF_2.xvg     0.7490     0.1882     0.5130 
/media/nenciric/7686706b-e3c8-4ac3-a074-769f122a69d6/CoryPeptides/mahti/3_yFis1_micelle_50SDS_CHARMM_310K_Na_Neut_OPC/correlationFUNCTfolderNH/NHrotaCF_3.xvg     0.7400     0.1644     0.5530 
/media/nenciric/7686706b-e3c8-4ac3-a074-769f122a69d6/CoryPeptides/mahti/3_yFis1_micelle_50SDS_CHARMM_310K_Na_Neut_OPC/correlationFUNCTfolderNH/NHrotaCF_4.xvg     0.7260     0.1351     0.5710 
/media/nenciric/7686706b-e3c8-4ac3-a074-769f122a69d6/CoryPeptides/mahti/3_yFis1_micelle_50SDS_CHARMM_310K_Na_Neut_OPC/correlationFUNCTfolderNH/NHrotaCF_5.xvg     0.7458     0.1646     0.5590 
/media/nenciric/7686706b-e3c8-4ac3-a074-769f122a69d6/CoryPeptides/mahti/3_yFis1_micelle_50SDS_CHARMM_310K_Na_Neut_OPC/correlationFUNCTfolderNH/NHrotaCF_6.xvg     0.7674     0.1522     0.6276 
/media/nenciric/7686706b-e3c8-4ac3-a074-769f122a69d6/CoryPeptides/mahti/3_yFis1_micelle_50SDS_CHARMM_310K_Na_Neut_OPC/correlationFUNCTfolderNH/NHrotaCF_7.xvg     0.7853     0.1299     0.6650 
/media/nenciric/7686706b-e3c8-4ac3-a074-769f122a69d6/CoryPeptides/mahti/3_yFis1_micelle_50SDS_CHARMM_310K_Na_Neut_OPC/correlationFUNCTfolderNH/NHrotaCF_8.xvg     0.7513     0.1111     0.8279 
/media/nenciric/7686706b-e3c8-4ac3-a074-769f122a69d6/CoryPeptides/mahti/3_yFis1_micelle_50SDS_CHARMM_310K_Na_Neut_OPC/correlationFUNCTfolderNH/NHrotaCF_9.xvg     0.7326     0.1074     0.8291 
/media/nenciric/7686706b-e3c8-4ac3-a074-769f122a69d6/CoryPeptides/mahti/3_yFis1_micelle_50SDS_CHARMM_310K_Na_Neut_OPC/correlationFUNCTfolderNH/NHrotaCF_10.xvg     0.7577     0.0928     0.8032 
/media/nenciric/7686706b-e3c8-4ac3-a074-769f122a69d6/CoryPeptides/mahti/3_yFis1_micelle_50SDS_CHARMM_310K_Na_Neut_OPC/correlationFUNCTfolderNH/NHrotaCF_11.xvg     0.7562     0.1046     0.8399 
/media/nenciric/7686706b-e3c8-4ac3-a074-769f122a69d6/CoryPeptides/mahti/3_yFis1_micelle_50SDS_CHARMM_310K_Na_Neut_OPC/correlationFUNCTfolderNH/NHrotaCF_12.xvg     0.7049     0.1038     0.8461 
/media/nenciric/7686706b-e3c8-4ac3-a074-769f122a69d6/CoryPeptides/mahti/3_yFis1_micelle_50SDS_CHARMM_310K_Na_Neut_OPC/correlationFUNCTfolderNH/NHrotaCF_13.xvg     0.7358     0.1001     0.8307 
/media/nenciric/7686706b-e3c8-4ac3-a074-769f122a69d6/CoryPeptides/mahti/3_yFis1_micelle_50SDS_CHARMM_310K_Na_Neut_OPC/correlationFUNCTfolderNH/NHrotaCF_14.xvg     0.7447     0.1012     0.8271 
/media/nenciric/7686706b-e3c8-4ac3-a074-769f122a69d6/CoryPeptides/mahti/3_yFis1_micelle_50SDS_CHARMM_310K_Na_Neut_OPC/correlationFUNCTfolderNH/NHrotaCF_15.xvg     0.7228     0.1010     0.8445 
/media/nenciric/7686706b-e3c8-4ac3-a074-769f122a69d6/CoryPeptides/mahti/3_yFis1_micelle_50SDS_CHARMM_310K_Na_Neut_OPC/correlationFUNCTfolderNH/NHrotaCF_16.xvg     0.7083     0.1023     0.8448 
/media/nenciric/7686706b-e3c8-4ac3-a074-769f122a69d6/CoryPeptides/mahti/3_yFis1_micelle_50SDS_CHARMM_310K_Na_Neut_OPC/correlationFUNCTfolderNH/NHrotaCF_17.xvg     0.7283     0.0960     0.8354 
/media/nenciric/7686706b-e3c8-4ac3-a074-769f122a69d6/CoryPeptides/mahti/3_yFis1_micelle_50SDS_CHARMM_310K_Na_Neut_OPC/correlationFUNCTfolderNH/NHrotaCF_18.xvg     0.7425     0.1012     0.8261 
/media/nenciric/7686706b-e3c8-4ac3-a074-769f122a69d6/CoryPeptides/mahti/3_yFis1_micelle_50SDS_CHARMM_310K_Na_Neut_OPC/correlationFUNCTfolderNH/NHrotaCF_19.xvg     0.7164     0.1019     0.8444 
/media/nenciric/7686706b-e3c8-4ac3-a074-769f122a69d6/CoryPeptides/mahti/3_yFis1_micelle_50SDS_CHARMM_310K_Na_Neut_OPC/correlationFUNCTfolderNH/NHrotaCF_20.xvg     0.7345     0.1022     0.8159 
/media/nenciric/7686706b-e3c8-4ac3-a074-769f122a69d6/CoryPeptides/mahti/3_yFis1_micelle_50SDS_CHARMM_310K_Na_Neut_OPC/correlationFUNCTfolderNH/NHrotaCF_21.xvg     0.7312     0.0978     0.8040 
/media/nenciric/7686706b-e3c8-4ac3-a074-769f122a69d6/CoryPeptides/mahti/3_yFis1_micelle_50SDS_CHARMM_310K_Na_Neut_OPC/correlationFUNCTfolderNH/NHrotaCF_22.xvg     0.7600     0.1068     0.8138 
/media/nenciric/7686706b-e3c8-4ac3-a074-769f122a69d6/CoryPeptides/mahti/3_yFis1_micelle_50SDS_CHARMM_310K_Na_Neut_OPC/correlationFUNCTfolderNH/NHrotaCF_23.xvg     0.7656     0.1153     0.8128 
/media/nenciric/7686706b-e3c8-4ac3-a074-769f122a69d6/CoryPeptides/mahti/3_yFis1_micelle_50SDS_CHARMM_310K_Na_Neut_OPC/correlationFUNCTfolderNH/NHrotaCF_24.xvg     0.7918     0.0965     0.6781 
/media/nenciric/7686706b-e3c8-4ac3-a074-769f122a69d6/CoryPeptides/mahti/3_yFis1_micelle_50SDS_CHARMM_310K_Na_Neut_OPC/correlationFUNCTfolderNH/NHrotaCF_25.xvg     0.7100     0.1443     0.6265 
