/media/nenciric/7686706b-e3c8-4ac3-a074-769f122a69d6/CoryPeptides/mahti/51_Magaining2_micelle_45SDS_CHARMM_37C_Na_Neut_OPC/correlationFUNCTfolderNH/NHrotaCF_0.xvg     0.6464     0.1605     0.6084 
/media/nenciric/7686706b-e3c8-4ac3-a074-769f122a69d6/CoryPeptides/mahti/51_Magaining2_micelle_45SDS_CHARMM_37C_Na_Neut_OPC/correlationFUNCTfolderNH/NHrotaCF_1.xvg     0.6076     0.1120     0.7314 
/media/nenciric/7686706b-e3c8-4ac3-a074-769f122a69d6/CoryPeptides/mahti/51_Magaining2_micelle_45SDS_CHARMM_37C_Na_Neut_OPC/correlationFUNCTfolderNH/NHrotaCF_3.xvg     0.6102     0.1192     0.7644 
/media/nenciric/7686706b-e3c8-4ac3-a074-769f122a69d6/CoryPeptides/mahti/51_Magaining2_micelle_45SDS_CHARMM_37C_Na_Neut_OPC/correlationFUNCTfolderNH/NHrotaCF_4.xvg     0.5920     0.1099     0.7844 
/media/nenciric/7686706b-e3c8-4ac3-a074-769f122a69d6/CoryPeptides/mahti/51_Magaining2_micelle_45SDS_CHARMM_37C_Na_Neut_OPC/correlationFUNCTfolderNH/NHrotaCF_5.xvg     0.5833     0.1155     0.7801 
/media/nenciric/7686706b-e3c8-4ac3-a074-769f122a69d6/CoryPeptides/mahti/51_Magaining2_micelle_45SDS_CHARMM_37C_Na_Neut_OPC/correlationFUNCTfolderNH/NHrotaCF_6.xvg     0.6074     0.0941     0.7653 
/media/nenciric/7686706b-e3c8-4ac3-a074-769f122a69d6/CoryPeptides/mahti/51_Magaining2_micelle_45SDS_CHARMM_37C_Na_Neut_OPC/correlationFUNCTfolderNH/NHrotaCF_7.xvg     0.6028     0.1057     0.7840 
/media/nenciric/7686706b-e3c8-4ac3-a074-769f122a69d6/CoryPeptides/mahti/51_Magaining2_micelle_45SDS_CHARMM_37C_Na_Neut_OPC/correlationFUNCTfolderNH/NHrotaCF_8.xvg     0.5818     0.1030     0.7900 
/media/nenciric/7686706b-e3c8-4ac3-a074-769f122a69d6/CoryPeptides/mahti/51_Magaining2_micelle_45SDS_CHARMM_37C_Na_Neut_OPC/correlationFUNCTfolderNH/NHrotaCF_9.xvg     0.5899     0.0964     0.7747 
/media/nenciric/7686706b-e3c8-4ac3-a074-769f122a69d6/CoryPeptides/mahti/51_Magaining2_micelle_45SDS_CHARMM_37C_Na_Neut_OPC/correlationFUNCTfolderNH/NHrotaCF_10.xvg     0.6067     0.1060     0.7788 
/media/nenciric/7686706b-e3c8-4ac3-a074-769f122a69d6/CoryPeptides/mahti/51_Magaining2_micelle_45SDS_CHARMM_37C_Na_Neut_OPC/correlationFUNCTfolderNH/NHrotaCF_11.xvg     0.5922     0.0995     0.7787 
/media/nenciric/7686706b-e3c8-4ac3-a074-769f122a69d6/CoryPeptides/mahti/51_Magaining2_micelle_45SDS_CHARMM_37C_Na_Neut_OPC/correlationFUNCTfolderNH/NHrotaCF_12.xvg     0.6064     0.1463     0.7306 
/media/nenciric/7686706b-e3c8-4ac3-a074-769f122a69d6/CoryPeptides/mahti/51_Magaining2_micelle_45SDS_CHARMM_37C_Na_Neut_OPC/correlationFUNCTfolderNH/NHrotaCF_13.xvg     0.6241     0.1143     0.7098 
/media/nenciric/7686706b-e3c8-4ac3-a074-769f122a69d6/CoryPeptides/mahti/51_Magaining2_micelle_45SDS_CHARMM_37C_Na_Neut_OPC/correlationFUNCTfolderNH/NHrotaCF_14.xvg     0.6197     0.1429     0.7125 
/media/nenciric/7686706b-e3c8-4ac3-a074-769f122a69d6/CoryPeptides/mahti/51_Magaining2_micelle_45SDS_CHARMM_37C_Na_Neut_OPC/correlationFUNCTfolderNH/NHrotaCF_15.xvg     0.6247     0.1684     0.6660 
/media/nenciric/7686706b-e3c8-4ac3-a074-769f122a69d6/CoryPeptides/mahti/51_Magaining2_micelle_45SDS_CHARMM_37C_Na_Neut_OPC/correlationFUNCTfolderNH/NHrotaCF_16.xvg     0.6377     0.1846     0.6146 
/media/nenciric/7686706b-e3c8-4ac3-a074-769f122a69d6/CoryPeptides/mahti/51_Magaining2_micelle_45SDS_CHARMM_37C_Na_Neut_OPC/correlationFUNCTfolderNH/NHrotaCF_17.xvg     0.6871     0.1908     0.5351 
/media/nenciric/7686706b-e3c8-4ac3-a074-769f122a69d6/CoryPeptides/mahti/51_Magaining2_micelle_45SDS_CHARMM_37C_Na_Neut_OPC/correlationFUNCTfolderNH/NHrotaCF_18.xvg     0.6674     0.1671     0.4429 
/media/nenciric/7686706b-e3c8-4ac3-a074-769f122a69d6/CoryPeptides/mahti/51_Magaining2_micelle_45SDS_CHARMM_37C_Na_Neut_OPC/correlationFUNCTfolderNH/NHrotaCF_19.xvg     0.6213     0.1914     0.4365 
/media/nenciric/7686706b-e3c8-4ac3-a074-769f122a69d6/CoryPeptides/mahti/51_Magaining2_micelle_45SDS_CHARMM_37C_Na_Neut_OPC/correlationFUNCTfolderNH/NHrotaCF_20.xvg     0.7192     0.3198     0.2162 
/media/nenciric/7686706b-e3c8-4ac3-a074-769f122a69d6/CoryPeptides/mahti/51_Magaining2_micelle_45SDS_CHARMM_37C_Na_Neut_OPC/correlationFUNCTfolderNH/NHrotaCF_21.xvg     0.9637     0.4933    -0.2180 
