/media/nenciric/7686706b-e3c8-4ac3-a074-769f122a69d6/CoryPeptides/mahti/5_Magaining2_micelle_50SDS_CHARMM_37C_Na_Neut_OPC/correlationFUNCTfolderNH/NHrotaCF_0.xvg     0.7432     0.1341     0.6109 
/media/nenciric/7686706b-e3c8-4ac3-a074-769f122a69d6/CoryPeptides/mahti/5_Magaining2_micelle_50SDS_CHARMM_37C_Na_Neut_OPC/correlationFUNCTfolderNH/NHrotaCF_1.xvg     0.7286     0.1191     0.7171 
/media/nenciric/7686706b-e3c8-4ac3-a074-769f122a69d6/CoryPeptides/mahti/5_Magaining2_micelle_50SDS_CHARMM_37C_Na_Neut_OPC/correlationFUNCTfolderNH/NHrotaCF_2.xvg     0.7124     0.1168     0.7379 
/media/nenciric/7686706b-e3c8-4ac3-a074-769f122a69d6/CoryPeptides/mahti/5_Magaining2_micelle_50SDS_CHARMM_37C_Na_Neut_OPC/correlationFUNCTfolderNH/NHrotaCF_3.xvg     0.7448     0.1044     0.7466 
/media/nenciric/7686706b-e3c8-4ac3-a074-769f122a69d6/CoryPeptides/mahti/5_Magaining2_micelle_50SDS_CHARMM_37C_Na_Neut_OPC/correlationFUNCTfolderNH/NHrotaCF_4.xvg     0.7175     0.1077     0.7497 
/media/nenciric/7686706b-e3c8-4ac3-a074-769f122a69d6/CoryPeptides/mahti/5_Magaining2_micelle_50SDS_CHARMM_37C_Na_Neut_OPC/correlationFUNCTfolderNH/NHrotaCF_5.xvg     0.6937     0.1129     0.7559 
/media/nenciric/7686706b-e3c8-4ac3-a074-769f122a69d6/CoryPeptides/mahti/5_Magaining2_micelle_50SDS_CHARMM_37C_Na_Neut_OPC/correlationFUNCTfolderNH/NHrotaCF_6.xvg     0.7207     0.1089     0.7532 
/media/nenciric/7686706b-e3c8-4ac3-a074-769f122a69d6/CoryPeptides/mahti/5_Magaining2_micelle_50SDS_CHARMM_37C_Na_Neut_OPC/correlationFUNCTfolderNH/NHrotaCF_7.xvg     0.7380     0.1020     0.7571 
/media/nenciric/7686706b-e3c8-4ac3-a074-769f122a69d6/CoryPeptides/mahti/5_Magaining2_micelle_50SDS_CHARMM_37C_Na_Neut_OPC/correlationFUNCTfolderNH/NHrotaCF_8.xvg     0.7120     0.1089     0.7663 
/media/nenciric/7686706b-e3c8-4ac3-a074-769f122a69d6/CoryPeptides/mahti/5_Magaining2_micelle_50SDS_CHARMM_37C_Na_Neut_OPC/correlationFUNCTfolderNH/NHrotaCF_9.xvg     0.7087     0.1135     0.7565 
/media/nenciric/7686706b-e3c8-4ac3-a074-769f122a69d6/CoryPeptides/mahti/5_Magaining2_micelle_50SDS_CHARMM_37C_Na_Neut_OPC/correlationFUNCTfolderNH/NHrotaCF_10.xvg     0.7632     0.1045     0.7528 
/media/nenciric/7686706b-e3c8-4ac3-a074-769f122a69d6/CoryPeptides/mahti/5_Magaining2_micelle_50SDS_CHARMM_37C_Na_Neut_OPC/correlationFUNCTfolderNH/NHrotaCF_11.xvg     0.7486     0.1101     0.7498 
/media/nenciric/7686706b-e3c8-4ac3-a074-769f122a69d6/CoryPeptides/mahti/5_Magaining2_micelle_50SDS_CHARMM_37C_Na_Neut_OPC/correlationFUNCTfolderNH/NHrotaCF_12.xvg     0.6686     0.1315     0.7084 
/media/nenciric/7686706b-e3c8-4ac3-a074-769f122a69d6/CoryPeptides/mahti/5_Magaining2_micelle_50SDS_CHARMM_37C_Na_Neut_OPC/correlationFUNCTfolderNH/NHrotaCF_13.xvg     0.7137     0.1234     0.6796 
/media/nenciric/7686706b-e3c8-4ac3-a074-769f122a69d6/CoryPeptides/mahti/5_Magaining2_micelle_50SDS_CHARMM_37C_Na_Neut_OPC/correlationFUNCTfolderNH/NHrotaCF_14.xvg     0.6891     0.1261     0.7085 
/media/nenciric/7686706b-e3c8-4ac3-a074-769f122a69d6/CoryPeptides/mahti/5_Magaining2_micelle_50SDS_CHARMM_37C_Na_Neut_OPC/correlationFUNCTfolderNH/NHrotaCF_15.xvg     0.6845     0.1355     0.6837 
/media/nenciric/7686706b-e3c8-4ac3-a074-769f122a69d6/CoryPeptides/mahti/5_Magaining2_micelle_50SDS_CHARMM_37C_Na_Neut_OPC/correlationFUNCTfolderNH/NHrotaCF_16.xvg     0.6643     0.1345     0.6758 
/media/nenciric/7686706b-e3c8-4ac3-a074-769f122a69d6/CoryPeptides/mahti/5_Magaining2_micelle_50SDS_CHARMM_37C_Na_Neut_OPC/correlationFUNCTfolderNH/NHrotaCF_17.xvg     0.6981     0.1412     0.6440 
/media/nenciric/7686706b-e3c8-4ac3-a074-769f122a69d6/CoryPeptides/mahti/5_Magaining2_micelle_50SDS_CHARMM_37C_Na_Neut_OPC/correlationFUNCTfolderNH/NHrotaCF_18.xvg     0.7192     0.1413     0.6135 
/media/nenciric/7686706b-e3c8-4ac3-a074-769f122a69d6/CoryPeptides/mahti/5_Magaining2_micelle_50SDS_CHARMM_37C_Na_Neut_OPC/correlationFUNCTfolderNH/NHrotaCF_19.xvg     0.6873     0.1434     0.6042 
/media/nenciric/7686706b-e3c8-4ac3-a074-769f122a69d6/CoryPeptides/mahti/5_Magaining2_micelle_50SDS_CHARMM_37C_Na_Neut_OPC/correlationFUNCTfolderNH/NHrotaCF_20.xvg     0.7397     0.1976     0.4541 
/media/nenciric/7686706b-e3c8-4ac3-a074-769f122a69d6/CoryPeptides/mahti/5_Magaining2_micelle_50SDS_CHARMM_37C_Na_Neut_OPC/correlationFUNCTfolderNH/NHrotaCF_21.xvg     0.8008     0.3251     0.0912 
