1.000000000000000182e-12 3.023135846248284908e-01 2.689813118355907640e-01
1.122018454301963623e-12 0.000000000000000000e+00 0.000000000000000000e+00
1.258925411794167294e-12 0.000000000000000000e+00 0.000000000000000000e+00
1.412537544622754461e-12 0.000000000000000000e+00 0.000000000000000000e+00
1.584893192461113817e-12 0.000000000000000000e+00 0.000000000000000000e+00
1.778279410038922841e-12 0.000000000000000000e+00 0.000000000000000000e+00
1.995262314968879920e-12 0.000000000000000000e+00 0.000000000000000000e+00
2.238721138568339937e-12 0.000000000000000000e+00 0.000000000000000000e+00
2.511886431509580295e-12 0.000000000000000000e+00 0.000000000000000000e+00
2.818382931264454081e-12 0.000000000000000000e+00 0.000000000000000000e+00
3.162277660168379393e-12 0.000000000000000000e+00 0.000000000000000000e+00
3.548133892335755185e-12 0.000000000000000000e+00 0.000000000000000000e+00
3.981071705534973542e-12 0.000000000000000000e+00 0.000000000000000000e+00
4.466835921509632291e-12 0.000000000000000000e+00 0.000000000000000000e+00
5.011872336272724349e-12 7.252204843816370539e-02 9.591047105590105870e-02
5.623413251903491248e-12 8.764023613534921431e-02 0.000000000000000000e+00
6.309573444801933736e-12 0.000000000000000000e+00 0.000000000000000000e+00
7.079457843841381218e-12 0.000000000000000000e+00 0.000000000000000000e+00
7.943282347242816581e-12 0.000000000000000000e+00 0.000000000000000000e+00
8.912509381337455572e-12 0.000000000000000000e+00 0.000000000000000000e+00
1.000000000000000101e-11 0.000000000000000000e+00 0.000000000000000000e+00
1.122018454301963704e-11 0.000000000000000000e+00 4.230190874430048847e-02
1.258925411794167617e-11 0.000000000000000000e+00 1.643211325605543338e-01
1.412537544622754743e-11 0.000000000000000000e+00 0.000000000000000000e+00
1.584893192461114302e-11 2.178682832024170513e-01 0.000000000000000000e+00
1.778279410038923002e-11 4.059584218832441166e-02 0.000000000000000000e+00
1.995262314968879920e-11 0.000000000000000000e+00 0.000000000000000000e+00
2.238721138568340260e-11 0.000000000000000000e+00 0.000000000000000000e+00
2.511886431509581022e-11 0.000000000000000000e+00 0.000000000000000000e+00
2.818382931264455454e-11 0.000000000000000000e+00 1.330378076896945316e-01
3.162277660168379393e-11 0.000000000000000000e+00 9.674115131107359489e-02
3.548133892335755508e-11 0.000000000000000000e+00 0.000000000000000000e+00
3.981071705534973380e-11 0.000000000000000000e+00 0.000000000000000000e+00
4.466835921509633260e-11 0.000000000000000000e+00 0.000000000000000000e+00
5.011872336272725803e-11 1.556441381285256498e-01 0.000000000000000000e+00
5.623413251903491248e-11 1.426271121572225686e-02 0.000000000000000000e+00
6.309573444801933412e-11 0.000000000000000000e+00 0.000000000000000000e+00
7.079457843841381702e-11 0.000000000000000000e+00 6.154397418900074690e-02
7.943282347242816581e-11 0.000000000000000000e+00 4.287464866837804173e-02
8.912509381337460419e-11 0.000000000000000000e+00 0.000000000000000000e+00
1.000000000000000166e-10 0.000000000000000000e+00 0.000000000000000000e+00
1.122018454301964188e-10 0.000000000000000000e+00 0.000000000000000000e+00
1.258925411794167714e-10 0.000000000000000000e+00 0.000000000000000000e+00
1.412537544622754032e-10 0.000000000000000000e+00 0.000000000000000000e+00
1.584893192461114237e-10 0.000000000000000000e+00 0.000000000000000000e+00
1.778279410038923132e-10 0.000000000000000000e+00 0.000000000000000000e+00
1.995262314968881019e-10 0.000000000000000000e+00 0.000000000000000000e+00
2.238721138568340260e-10 1.938192023572093622e-02 0.000000000000000000e+00
2.511886431509582509e-10 3.393504548562679274e-02 0.000000000000000000e+00
2.818382931264455131e-10 0.000000000000000000e+00 0.000000000000000000e+00
3.162277660168379522e-10 0.000000000000000000e+00 0.000000000000000000e+00
3.548133892335756930e-10 0.000000000000000000e+00 3.577470536190226202e-02
3.981071705534973510e-10 0.000000000000000000e+00 1.838482246222411867e-02
4.466835921509635199e-10 0.000000000000000000e+00 0.000000000000000000e+00
5.011872336272724640e-10 0.000000000000000000e+00 0.000000000000000000e+00
5.623413251903490990e-10 0.000000000000000000e+00 0.000000000000000000e+00
6.309573444801937290e-10 0.000000000000000000e+00 0.000000000000000000e+00
7.079457843841380410e-10 0.000000000000000000e+00 0.000000000000000000e+00
7.943282347242822784e-10 0.000000000000000000e+00 0.000000000000000000e+00
8.912509381337459643e-10 0.000000000000000000e+00 0.000000000000000000e+00
1.000000000000000062e-09 0.000000000000000000e+00 0.000000000000000000e+00
1.122018454301964059e-09 0.000000000000000000e+00 0.000000000000000000e+00
1.258925411794167507e-09 0.000000000000000000e+00 0.000000000000000000e+00
1.412537544622755480e-09 0.000000000000000000e+00 0.000000000000000000e+00
1.584893192461114237e-09 0.000000000000000000e+00 1.975179339440178913e-02
1.778279410038923028e-09 0.000000000000000000e+00 2.037627270559354623e-02
1.995262314968881122e-09 3.796333933355555690e-02 0.000000000000000000e+00
2.238721138568340209e-09 1.787285096231342948e-02 0.000000000000000000e+00
2.511886431509581992e-09 0.000000000000000000e+00 0.000000000000000000e+00
2.818382931264455131e-09 0.000000000000000000e+00 0.000000000000000000e+00
3.162277660168379522e-09 0.000000000000000000e+00 0.000000000000000000e+00
3.548133892335757033e-09 0.000000000000000000e+00 0.000000000000000000e+00
3.981071705534973096e-09 0.000000000000000000e+00 0.000000000000000000e+00
4.466835921509635923e-09 0.000000000000000000e+00 0.000000000000000000e+00
5.011872336272725467e-09 0.000000000000000000e+00 0.000000000000000000e+00
5.623413251903491817e-09 0.000000000000000000e+00 0.000000000000000000e+00
6.309573444801937083e-09 0.000000000000000000e+00 0.000000000000000000e+00
7.079457843841381857e-09 0.000000000000000000e+00 0.000000000000000000e+00
7.943282347242821957e-09 0.000000000000000000e+00 0.000000000000000000e+00
8.912509381337459643e-09 0.000000000000000000e+00 0.000000000000000000e+00
1.000000000000000021e-08 0.000000000000000000e+00 0.000000000000000000e+00
1.122018454301963191e-08 0.000000000000000000e+00 0.000000000000000000e+00
1.258925411794168748e-08 0.000000000000000000e+00 0.000000000000000000e+00
1.412537544622755563e-08 0.000000000000000000e+00 0.000000000000000000e+00
1.584893192461114279e-08 0.000000000000000000e+00 0.000000000000000000e+00
1.778279410038922821e-08 0.000000000000000000e+00 0.000000000000000000e+00
1.995262314968879302e-08 0.000000000000000000e+00 0.000000000000000000e+00
2.238721138568342442e-08 0.000000000000000000e+00 0.000000000000000000e+00
2.511886431509582405e-08 0.000000000000000000e+00 0.000000000000000000e+00
2.818382931264455379e-08 0.000000000000000000e+00 0.000000000000000000e+00
3.162277660168379191e-08 0.000000000000000000e+00 0.000000000000000000e+00
3.548133892335753145e-08 0.000000000000000000e+00 0.000000000000000000e+00
3.981071705534976901e-08 0.000000000000000000e+00 0.000000000000000000e+00
4.466835921509634599e-08 0.000000000000000000e+00 0.000000000000000000e+00
5.011872336272725632e-08 0.000000000000000000e+00 0.000000000000000000e+00
5.623413251903491155e-08 0.000000000000000000e+00 0.000000000000000000e+00
6.309573444801942873e-08 0.000000000000000000e+00 0.000000000000000000e+00
7.079457843841388806e-08 0.000000000000000000e+00 0.000000000000000000e+00
7.943282347242821957e-08 0.000000000000000000e+00 0.000000000000000000e+00
8.912509381337458981e-08 0.000000000000000000e+00 0.000000000000000000e+00
