/home/nenciric/Documents/git/CorysPeptides/figure_time_scales_protein/eElab_40SDS_corr_func/NHrotaCF_0.xvg     0.0020     0.0015     0.0000 
/home/nenciric/Documents/git/CorysPeptides/figure_time_scales_protein/eElab_40SDS_corr_func/NHrotaCF_1.xvg     0.0014     0.0009     0.0000 
/home/nenciric/Documents/git/CorysPeptides/figure_time_scales_protein/eElab_40SDS_corr_func/NHrotaCF_2.xvg     0.0014     0.0008     0.0000 
/home/nenciric/Documents/git/CorysPeptides/figure_time_scales_protein/eElab_40SDS_corr_func/NHrotaCF_3.xvg     0.0012     0.0008     0.0000 
/home/nenciric/Documents/git/CorysPeptides/figure_time_scales_protein/eElab_40SDS_corr_func/NHrotaCF_4.xvg     0.0013     0.0007     0.0000 
/home/nenciric/Documents/git/CorysPeptides/figure_time_scales_protein/eElab_40SDS_corr_func/NHrotaCF_5.xvg     0.0011     0.0007     0.0000 
/home/nenciric/Documents/git/CorysPeptides/figure_time_scales_protein/eElab_40SDS_corr_func/NHrotaCF_6.xvg     0.0010     0.0007     0.0000 
/home/nenciric/Documents/git/CorysPeptides/figure_time_scales_protein/eElab_40SDS_corr_func/NHrotaCF_7.xvg     0.0011     0.0007     0.0000 
/home/nenciric/Documents/git/CorysPeptides/figure_time_scales_protein/eElab_40SDS_corr_func/NHrotaCF_8.xvg     0.0010     0.0007     0.0000 
/home/nenciric/Documents/git/CorysPeptides/figure_time_scales_protein/eElab_40SDS_corr_func/NHrotaCF_9.xvg     0.0010     0.0007     0.0000 
/home/nenciric/Documents/git/CorysPeptides/figure_time_scales_protein/eElab_40SDS_corr_func/NHrotaCF_10.xvg     0.0010     0.0006     0.0000 
/home/nenciric/Documents/git/CorysPeptides/figure_time_scales_protein/eElab_40SDS_corr_func/NHrotaCF_11.xvg     0.0010     0.0006     0.0000 
/home/nenciric/Documents/git/CorysPeptides/figure_time_scales_protein/eElab_40SDS_corr_func/NHrotaCF_12.xvg     0.0010     0.0006     0.0000 
/home/nenciric/Documents/git/CorysPeptides/figure_time_scales_protein/eElab_40SDS_corr_func/NHrotaCF_13.xvg     0.0010     0.0006     0.0000 
/home/nenciric/Documents/git/CorysPeptides/figure_time_scales_protein/eElab_40SDS_corr_func/NHrotaCF_14.xvg     0.0010     0.0006     0.0000 
/home/nenciric/Documents/git/CorysPeptides/figure_time_scales_protein/eElab_40SDS_corr_func/NHrotaCF_15.xvg     0.0010     0.0006     0.0000 
/home/nenciric/Documents/git/CorysPeptides/figure_time_scales_protein/eElab_40SDS_corr_func/NHrotaCF_16.xvg     0.0010     0.0007     0.0000 
/home/nenciric/Documents/git/CorysPeptides/figure_time_scales_protein/eElab_40SDS_corr_func/NHrotaCF_17.xvg     0.0010     0.0007     0.0000 
/home/nenciric/Documents/git/CorysPeptides/figure_time_scales_protein/eElab_40SDS_corr_func/NHrotaCF_18.xvg     0.0011     0.0006     0.0000 
/home/nenciric/Documents/git/CorysPeptides/figure_time_scales_protein/eElab_40SDS_corr_func/NHrotaCF_19.xvg     0.0012     0.0008     0.0000 
/home/nenciric/Documents/git/CorysPeptides/figure_time_scales_protein/eElab_40SDS_corr_func/NHrotaCF_20.xvg     0.0012     0.0008     0.0000 
/home/nenciric/Documents/git/CorysPeptides/figure_time_scales_protein/eElab_40SDS_corr_func/NHrotaCF_0.xvg     0.0020     0.0015     0.0000 
/home/nenciric/Documents/git/CorysPeptides/figure_time_scales_protein/eElab_40SDS_corr_func/NHrotaCF_1.xvg     0.0014     0.0009     0.0000 
/home/nenciric/Documents/git/CorysPeptides/figure_time_scales_protein/eElab_40SDS_corr_func/NHrotaCF_2.xvg     0.0014     0.0008     0.0000 
/home/nenciric/Documents/git/CorysPeptides/figure_time_scales_protein/eElab_40SDS_corr_func/NHrotaCF_3.xvg     0.0012     0.0008     0.0000 
/home/nenciric/Documents/git/CorysPeptides/figure_time_scales_protein/eElab_40SDS_corr_func/NHrotaCF_4.xvg     0.0013     0.0007     0.0000 
/home/nenciric/Documents/git/CorysPeptides/figure_time_scales_protein/eElab_40SDS_corr_func/NHrotaCF_5.xvg     0.0011     0.0007     0.0000 
/home/nenciric/Documents/git/CorysPeptides/figure_time_scales_protein/eElab_40SDS_corr_func/NHrotaCF_6.xvg     0.0010     0.0007     0.0000 
/home/nenciric/Documents/git/CorysPeptides/figure_time_scales_protein/eElab_40SDS_corr_func/NHrotaCF_7.xvg     0.0011     0.0007     0.0000 
/home/nenciric/Documents/git/CorysPeptides/figure_time_scales_protein/eElab_40SDS_corr_func/NHrotaCF_8.xvg     0.0010     0.0007     0.0000 
/home/nenciric/Documents/git/CorysPeptides/figure_time_scales_protein/eElab_40SDS_corr_func/NHrotaCF_9.xvg     0.0010     0.0007     0.0000 
/home/nenciric/Documents/git/CorysPeptides/figure_time_scales_protein/eElab_40SDS_corr_func/NHrotaCF_10.xvg     0.0010     0.0006     0.0000 
/home/nenciric/Documents/git/CorysPeptides/figure_time_scales_protein/eElab_40SDS_corr_func/NHrotaCF_11.xvg     0.0010     0.0006     0.0000 
/home/nenciric/Documents/git/CorysPeptides/figure_time_scales_protein/eElab_40SDS_corr_func/NHrotaCF_12.xvg     0.0010     0.0006     0.0000 
/home/nenciric/Documents/git/CorysPeptides/figure_time_scales_protein/eElab_40SDS_corr_func/NHrotaCF_13.xvg     0.0010     0.0006     0.0000 
/home/nenciric/Documents/git/CorysPeptides/figure_time_scales_protein/eElab_40SDS_corr_func/NHrotaCF_14.xvg     0.0010     0.0006     0.0000 
/home/nenciric/Documents/git/CorysPeptides/figure_time_scales_protein/eElab_40SDS_corr_func/NHrotaCF_15.xvg     0.0010     0.0006     0.0000 
/home/nenciric/Documents/git/CorysPeptides/figure_time_scales_protein/eElab_40SDS_corr_func/NHrotaCF_16.xvg     0.0010     0.0007     0.0000 
/home/nenciric/Documents/git/CorysPeptides/figure_time_scales_protein/eElab_40SDS_corr_func/NHrotaCF_17.xvg     0.0010     0.0007     0.0000 
/home/nenciric/Documents/git/CorysPeptides/figure_time_scales_protein/eElab_40SDS_corr_func/NHrotaCF_18.xvg     0.0011     0.0006     0.0000 
/home/nenciric/Documents/git/CorysPeptides/figure_time_scales_protein/eElab_40SDS_corr_func/NHrotaCF_19.xvg     0.0012     0.0008     0.0000 
/home/nenciric/Documents/git/CorysPeptides/figure_time_scales_protein/eElab_40SDS_corr_func/NHrotaCF_20.xvg     0.0012     0.0008     0.0000 
/home/nenciric/Documents/git/CorysPeptides/figure_time_scales_protein/eElab_40SDS_corr_func/NHrotaCF_0.xvg     0.0020     0.0015     0.0000 
/home/nenciric/Documents/git/CorysPeptides/figure_time_scales_protein/eElab_40SDS_corr_func/NHrotaCF_1.xvg     0.0014     0.0009     0.0000 
/home/nenciric/Documents/git/CorysPeptides/figure_time_scales_protein/eElab_40SDS_corr_func/NHrotaCF_2.xvg     0.0014     0.0008     0.0000 
/home/nenciric/Documents/git/CorysPeptides/figure_time_scales_protein/eElab_40SDS_corr_func/NHrotaCF_3.xvg     0.0012     0.0008     0.0000 
/home/nenciric/Documents/git/CorysPeptides/figure_time_scales_protein/eElab_40SDS_corr_func/NHrotaCF_4.xvg     0.0013     0.0007     0.0000 
/home/nenciric/Documents/git/CorysPeptides/figure_time_scales_protein/eElab_40SDS_corr_func/NHrotaCF_5.xvg     0.0011     0.0007     0.0000 
/home/nenciric/Documents/git/CorysPeptides/figure_time_scales_protein/eElab_40SDS_corr_func/NHrotaCF_6.xvg     0.0010     0.0007     0.0000 
/home/nenciric/Documents/git/CorysPeptides/figure_time_scales_protein/eElab_40SDS_corr_func/NHrotaCF_7.xvg     0.0011     0.0007     0.0000 
/home/nenciric/Documents/git/CorysPeptides/figure_time_scales_protein/eElab_40SDS_corr_func/NHrotaCF_8.xvg     0.0010     0.0007     0.0000 
/home/nenciric/Documents/git/CorysPeptides/figure_time_scales_protein/eElab_40SDS_corr_func/NHrotaCF_9.xvg     0.0010     0.0007     0.0000 
/home/nenciric/Documents/git/CorysPeptides/figure_time_scales_protein/eElab_40SDS_corr_func/NHrotaCF_10.xvg     0.0010     0.0006     0.0000 
/home/nenciric/Documents/git/CorysPeptides/figure_time_scales_protein/eElab_40SDS_corr_func/NHrotaCF_11.xvg     0.0010     0.0006     0.0000 
/home/nenciric/Documents/git/CorysPeptides/figure_time_scales_protein/eElab_40SDS_corr_func/NHrotaCF_12.xvg     0.0010     0.0006     0.0000 
/home/nenciric/Documents/git/CorysPeptides/figure_time_scales_protein/eElab_40SDS_corr_func/NHrotaCF_13.xvg     0.0010     0.0006     0.0000 
/home/nenciric/Documents/git/CorysPeptides/figure_time_scales_protein/eElab_40SDS_corr_func/NHrotaCF_14.xvg     0.0010     0.0006     0.0000 
/home/nenciric/Documents/git/CorysPeptides/figure_time_scales_protein/eElab_40SDS_corr_func/NHrotaCF_15.xvg     0.0010     0.0006     0.0000 
/home/nenciric/Documents/git/CorysPeptides/figure_time_scales_protein/eElab_40SDS_corr_func/NHrotaCF_16.xvg     0.0010     0.0007     0.0000 
/home/nenciric/Documents/git/CorysPeptides/figure_time_scales_protein/eElab_40SDS_corr_func/NHrotaCF_17.xvg     0.0010     0.0007     0.0000 
/home/nenciric/Documents/git/CorysPeptides/figure_time_scales_protein/eElab_40SDS_corr_func/NHrotaCF_18.xvg     0.0011     0.0006     0.0000 
/home/nenciric/Documents/git/CorysPeptides/figure_time_scales_protein/eElab_40SDS_corr_func/NHrotaCF_19.xvg     0.0012     0.0008     0.0000 
/home/nenciric/Documents/git/CorysPeptides/figure_time_scales_protein/eElab_40SDS_corr_func/NHrotaCF_20.xvg     0.0012     0.0008     0.0000 
/home/nenciric/Documents/git/CorysPeptides/figure_time_scales_protein/eElab_40SDS_corr_func/NHrotaCF_0.xvg     0.0020     0.0015     0.0000 
/home/nenciric/Documents/git/CorysPeptides/figure_time_scales_protein/eElab_40SDS_corr_func/NHrotaCF_1.xvg     0.0014     0.0009     0.0000 
/home/nenciric/Documents/git/CorysPeptides/figure_time_scales_protein/eElab_40SDS_corr_func/NHrotaCF_2.xvg     0.0014     0.0008     0.0000 
/home/nenciric/Documents/git/CorysPeptides/figure_time_scales_protein/eElab_40SDS_corr_func/NHrotaCF_3.xvg     0.0012     0.0008     0.0000 
/home/nenciric/Documents/git/CorysPeptides/figure_time_scales_protein/eElab_40SDS_corr_func/NHrotaCF_4.xvg     0.0013     0.0007     0.0000 
/home/nenciric/Documents/git/CorysPeptides/figure_time_scales_protein/eElab_40SDS_corr_func/NHrotaCF_5.xvg     0.0011     0.0007     0.0000 
/home/nenciric/Documents/git/CorysPeptides/figure_time_scales_protein/eElab_40SDS_corr_func/NHrotaCF_6.xvg     0.0010     0.0007     0.0000 
/home/nenciric/Documents/git/CorysPeptides/figure_time_scales_protein/eElab_40SDS_corr_func/NHrotaCF_7.xvg     0.0011     0.0007     0.0000 
/home/nenciric/Documents/git/CorysPeptides/figure_time_scales_protein/eElab_40SDS_corr_func/NHrotaCF_8.xvg     0.0010     0.0007     0.0000 
/home/nenciric/Documents/git/CorysPeptides/figure_time_scales_protein/eElab_40SDS_corr_func/NHrotaCF_9.xvg     0.0010     0.0007     0.0000 
/home/nenciric/Documents/git/CorysPeptides/figure_time_scales_protein/eElab_40SDS_corr_func/NHrotaCF_10.xvg     0.0010     0.0006     0.0000 
/home/nenciric/Documents/git/CorysPeptides/figure_time_scales_protein/eElab_40SDS_corr_func/NHrotaCF_11.xvg     0.0010     0.0006     0.0000 
/home/nenciric/Documents/git/CorysPeptides/figure_time_scales_protein/eElab_40SDS_corr_func/NHrotaCF_12.xvg     0.0010     0.0006     0.0000 
/home/nenciric/Documents/git/CorysPeptides/figure_time_scales_protein/eElab_40SDS_corr_func/NHrotaCF_13.xvg     0.0010     0.0006     0.0000 
/home/nenciric/Documents/git/CorysPeptides/figure_time_scales_protein/eElab_40SDS_corr_func/NHrotaCF_14.xvg     0.0010     0.0006     0.0000 
/home/nenciric/Documents/git/CorysPeptides/figure_time_scales_protein/eElab_40SDS_corr_func/NHrotaCF_15.xvg     0.0010     0.0006     0.0000 
/home/nenciric/Documents/git/CorysPeptides/figure_time_scales_protein/eElab_40SDS_corr_func/NHrotaCF_16.xvg     0.0010     0.0007     0.0000 
/home/nenciric/Documents/git/CorysPeptides/figure_time_scales_protein/eElab_40SDS_corr_func/NHrotaCF_17.xvg     0.0010     0.0007     0.0000 
/home/nenciric/Documents/git/CorysPeptides/figure_time_scales_protein/eElab_40SDS_corr_func/NHrotaCF_18.xvg     0.0011     0.0006     0.0000 
/home/nenciric/Documents/git/CorysPeptides/figure_time_scales_protein/eElab_40SDS_corr_func/NHrotaCF_19.xvg     0.0012     0.0008     0.0000 
/home/nenciric/Documents/git/CorysPeptides/figure_time_scales_protein/eElab_40SDS_corr_func/NHrotaCF_20.xvg     0.0012     0.0008     0.0000 
/home/nenciric/Documents/git/CorysPeptides/figure_time_scales_protein/eElab_40SDS_corr_func/NHrotaCF_0.xvg     0.0020     0.0015     0.0000 
/home/nenciric/Documents/git/CorysPeptides/figure_time_scales_protein/eElab_40SDS_corr_func/NHrotaCF_1.xvg     0.0014     0.0009     0.0000 
/home/nenciric/Documents/git/CorysPeptides/figure_time_scales_protein/eElab_40SDS_corr_func/NHrotaCF_2.xvg     0.0014     0.0008     0.0000 
/home/nenciric/Documents/git/CorysPeptides/figure_time_scales_protein/eElab_40SDS_corr_func/NHrotaCF_3.xvg     0.0012     0.0008     0.0000 
/home/nenciric/Documents/git/CorysPeptides/figure_time_scales_protein/eElab_40SDS_corr_func/NHrotaCF_4.xvg     0.0013     0.0007     0.0000 
/home/nenciric/Documents/git/CorysPeptides/figure_time_scales_protein/eElab_40SDS_corr_func/NHrotaCF_5.xvg     0.0011     0.0007     0.0000 
/home/nenciric/Documents/git/CorysPeptides/figure_time_scales_protein/eElab_40SDS_corr_func/NHrotaCF_6.xvg     0.0010     0.0007     0.0000 
/home/nenciric/Documents/git/CorysPeptides/figure_time_scales_protein/eElab_40SDS_corr_func/NHrotaCF_7.xvg     0.0011     0.0007     0.0000 
/home/nenciric/Documents/git/CorysPeptides/figure_time_scales_protein/eElab_40SDS_corr_func/NHrotaCF_8.xvg     0.0010     0.0007     0.0000 
/home/nenciric/Documents/git/CorysPeptides/figure_time_scales_protein/eElab_40SDS_corr_func/NHrotaCF_9.xvg     0.0010     0.0007     0.0000 
/home/nenciric/Documents/git/CorysPeptides/figure_time_scales_protein/eElab_40SDS_corr_func/NHrotaCF_10.xvg     0.0010     0.0006     0.0000 
/home/nenciric/Documents/git/CorysPeptides/figure_time_scales_protein/eElab_40SDS_corr_func/NHrotaCF_11.xvg     0.0010     0.0006     0.0000 
/home/nenciric/Documents/git/CorysPeptides/figure_time_scales_protein/eElab_40SDS_corr_func/NHrotaCF_12.xvg     0.0010     0.0006     0.0000 
/home/nenciric/Documents/git/CorysPeptides/figure_time_scales_protein/eElab_40SDS_corr_func/NHrotaCF_13.xvg     0.0010     0.0006     0.0000 
/home/nenciric/Documents/git/CorysPeptides/figure_time_scales_protein/eElab_40SDS_corr_func/NHrotaCF_14.xvg     0.0010     0.0006     0.0000 
/home/nenciric/Documents/git/CorysPeptides/figure_time_scales_protein/eElab_40SDS_corr_func/NHrotaCF_15.xvg     0.0010     0.0006     0.0000 
/home/nenciric/Documents/git/CorysPeptides/figure_time_scales_protein/eElab_40SDS_corr_func/NHrotaCF_16.xvg     0.0010     0.0007     0.0000 
/home/nenciric/Documents/git/CorysPeptides/figure_time_scales_protein/eElab_40SDS_corr_func/NHrotaCF_17.xvg     0.0010     0.0007     0.0000 
/home/nenciric/Documents/git/CorysPeptides/figure_time_scales_protein/eElab_40SDS_corr_func/NHrotaCF_18.xvg     0.0011     0.0006     0.0000 
/home/nenciric/Documents/git/CorysPeptides/figure_time_scales_protein/eElab_40SDS_corr_func/NHrotaCF_19.xvg     0.0012     0.0008     0.0000 
/home/nenciric/Documents/git/CorysPeptides/figure_time_scales_protein/eElab_40SDS_corr_func/NHrotaCF_20.xvg     0.0012     0.0008     0.0000 
/home/nenciric/Documents/git/CorysPeptides/figure_time_scales_protein/eElab_40SDS_corr_func/NHrotaCF_0.xvg     0.0020     0.0015     0.0000 
/home/nenciric/Documents/git/CorysPeptides/figure_time_scales_protein/eElab_40SDS_corr_func/NHrotaCF_1.xvg     0.0014     0.0009     0.0000 
/home/nenciric/Documents/git/CorysPeptides/figure_time_scales_protein/eElab_40SDS_corr_func/NHrotaCF_2.xvg     0.0014     0.0008     0.0000 
/home/nenciric/Documents/git/CorysPeptides/figure_time_scales_protein/eElab_40SDS_corr_func/NHrotaCF_3.xvg     0.0012     0.0008     0.0000 
/home/nenciric/Documents/git/CorysPeptides/figure_time_scales_protein/eElab_40SDS_corr_func/NHrotaCF_4.xvg     0.0013     0.0007     0.0000 
/home/nenciric/Documents/git/CorysPeptides/figure_time_scales_protein/eElab_40SDS_corr_func/NHrotaCF_5.xvg     0.0011     0.0007     0.0000 
/home/nenciric/Documents/git/CorysPeptides/figure_time_scales_protein/eElab_40SDS_corr_func/NHrotaCF_6.xvg     0.0010     0.0007     0.0000 
/home/nenciric/Documents/git/CorysPeptides/figure_time_scales_protein/eElab_40SDS_corr_func/NHrotaCF_7.xvg     0.0011     0.0007     0.0000 
/home/nenciric/Documents/git/CorysPeptides/figure_time_scales_protein/eElab_40SDS_corr_func/NHrotaCF_8.xvg     0.0010     0.0007     0.0000 
/home/nenciric/Documents/git/CorysPeptides/figure_time_scales_protein/eElab_40SDS_corr_func/NHrotaCF_9.xvg     0.0010     0.0007     0.0000 
/home/nenciric/Documents/git/CorysPeptides/figure_time_scales_protein/eElab_40SDS_corr_func/NHrotaCF_10.xvg     0.0010     0.0006     0.0000 
/home/nenciric/Documents/git/CorysPeptides/figure_time_scales_protein/eElab_40SDS_corr_func/NHrotaCF_11.xvg     0.0010     0.0006     0.0000 
/home/nenciric/Documents/git/CorysPeptides/figure_time_scales_protein/eElab_40SDS_corr_func/NHrotaCF_12.xvg     0.0010     0.0006     0.0000 
/home/nenciric/Documents/git/CorysPeptides/figure_time_scales_protein/eElab_40SDS_corr_func/NHrotaCF_13.xvg     0.0010     0.0006     0.0000 
/home/nenciric/Documents/git/CorysPeptides/figure_time_scales_protein/eElab_40SDS_corr_func/NHrotaCF_14.xvg     0.0010     0.0006     0.0000 
/home/nenciric/Documents/git/CorysPeptides/figure_time_scales_protein/eElab_40SDS_corr_func/NHrotaCF_15.xvg     0.0010     0.0006     0.0000 
/home/nenciric/Documents/git/CorysPeptides/figure_time_scales_protein/eElab_40SDS_corr_func/NHrotaCF_16.xvg     0.0010     0.0007     0.0000 
/home/nenciric/Documents/git/CorysPeptides/figure_time_scales_protein/eElab_40SDS_corr_func/NHrotaCF_17.xvg     0.0010     0.0007     0.0000 
/home/nenciric/Documents/git/CorysPeptides/figure_time_scales_protein/eElab_40SDS_corr_func/NHrotaCF_18.xvg     0.0011     0.0006     0.0000 
/home/nenciric/Documents/git/CorysPeptides/figure_time_scales_protein/eElab_40SDS_corr_func/NHrotaCF_19.xvg     0.0012     0.0008     0.0000 
/home/nenciric/Documents/git/CorysPeptides/figure_time_scales_protein/eElab_40SDS_corr_func/NHrotaCF_20.xvg     0.0012     0.0008     0.0000 
/home/nenciric/Documents/git/CorysPeptides/figure_time_scales_protein/eElab_40SDS_corr_func/NHrotaCF_0.xvg     0.0020     0.0015     0.0000 
/home/nenciric/Documents/git/CorysPeptides/figure_time_scales_protein/eElab_40SDS_corr_func/NHrotaCF_1.xvg     0.0014     0.0009     0.0000 
/home/nenciric/Documents/git/CorysPeptides/figure_time_scales_protein/eElab_40SDS_corr_func/NHrotaCF_2.xvg     0.0014     0.0008     0.0000 
/home/nenciric/Documents/git/CorysPeptides/figure_time_scales_protein/eElab_40SDS_corr_func/NHrotaCF_3.xvg     0.0012     0.0008     0.0000 
/home/nenciric/Documents/git/CorysPeptides/figure_time_scales_protein/eElab_40SDS_corr_func/NHrotaCF_4.xvg     0.0013     0.0007     0.0000 
/home/nenciric/Documents/git/CorysPeptides/figure_time_scales_protein/eElab_40SDS_corr_func/NHrotaCF_5.xvg     0.0011     0.0007     0.0000 
/home/nenciric/Documents/git/CorysPeptides/figure_time_scales_protein/eElab_40SDS_corr_func/NHrotaCF_6.xvg     0.0010     0.0007     0.0000 
/home/nenciric/Documents/git/CorysPeptides/figure_time_scales_protein/eElab_40SDS_corr_func/NHrotaCF_7.xvg     0.0011     0.0007     0.0000 
/home/nenciric/Documents/git/CorysPeptides/figure_time_scales_protein/eElab_40SDS_corr_func/NHrotaCF_8.xvg     0.0010     0.0007     0.0000 
/home/nenciric/Documents/git/CorysPeptides/figure_time_scales_protein/eElab_40SDS_corr_func/NHrotaCF_9.xvg     0.0010     0.0007     0.0000 
/home/nenciric/Documents/git/CorysPeptides/figure_time_scales_protein/eElab_40SDS_corr_func/NHrotaCF_10.xvg     0.0010     0.0006     0.0000 
/home/nenciric/Documents/git/CorysPeptides/figure_time_scales_protein/eElab_40SDS_corr_func/NHrotaCF_11.xvg     0.0010     0.0006     0.0000 
/home/nenciric/Documents/git/CorysPeptides/figure_time_scales_protein/eElab_40SDS_corr_func/NHrotaCF_12.xvg     0.0010     0.0006     0.0000 
/home/nenciric/Documents/git/CorysPeptides/figure_time_scales_protein/eElab_40SDS_corr_func/NHrotaCF_13.xvg     0.0010     0.0006     0.0000 
/home/nenciric/Documents/git/CorysPeptides/figure_time_scales_protein/eElab_40SDS_corr_func/NHrotaCF_14.xvg     0.0010     0.0006     0.0000 
/home/nenciric/Documents/git/CorysPeptides/figure_time_scales_protein/eElab_40SDS_corr_func/NHrotaCF_15.xvg     0.0010     0.0006     0.0000 
/home/nenciric/Documents/git/CorysPeptides/figure_time_scales_protein/eElab_40SDS_corr_func/NHrotaCF_16.xvg     0.0010     0.0007     0.0000 
/home/nenciric/Documents/git/CorysPeptides/figure_time_scales_protein/eElab_40SDS_corr_func/NHrotaCF_17.xvg     0.0010     0.0007     0.0000 
/home/nenciric/Documents/git/CorysPeptides/figure_time_scales_protein/eElab_40SDS_corr_func/NHrotaCF_18.xvg     0.0011     0.0006     0.0000 
/home/nenciric/Documents/git/CorysPeptides/figure_time_scales_protein/eElab_40SDS_corr_func/NHrotaCF_19.xvg     0.0012     0.0008     0.0000 
/home/nenciric/Documents/git/CorysPeptides/figure_time_scales_protein/eElab_40SDS_corr_func/NHrotaCF_20.xvg     0.0012     0.0008     0.0000 
/home/nenciric/Documents/git/CorysPeptides/figure_time_scales_protein/eYqjD_corr_fuc/NHrotaCF_0.xvg     0.0021     0.0016     0.0000 
/home/nenciric/Documents/git/CorysPeptides/figure_time_scales_protein/eYqjD_corr_fuc/NHrotaCF_1.xvg     0.0017     0.0012     0.0000 
/home/nenciric/Documents/git/CorysPeptides/figure_time_scales_protein/eYqjD_corr_fuc/NHrotaCF_2.xvg     0.0015     0.0011     0.0000 
/home/nenciric/Documents/git/CorysPeptides/figure_time_scales_protein/eYqjD_corr_fuc/NHrotaCF_3.xvg     0.0014     0.0011     0.0000 
/home/nenciric/Documents/git/CorysPeptides/figure_time_scales_protein/eYqjD_corr_fuc/NHrotaCF_4.xvg     0.0014     0.0010     0.0000 
/home/nenciric/Documents/git/CorysPeptides/figure_time_scales_protein/eYqjD_corr_fuc/NHrotaCF_5.xvg     0.0014     0.0010     0.0000 
/home/nenciric/Documents/git/CorysPeptides/figure_time_scales_protein/eYqjD_corr_fuc/NHrotaCF_6.xvg     0.0015     0.0010     0.0000 
/home/nenciric/Documents/git/CorysPeptides/figure_time_scales_protein/eYqjD_corr_fuc/NHrotaCF_7.xvg     0.0016     0.0011     0.0000 
/home/nenciric/Documents/git/CorysPeptides/figure_time_scales_protein/eYqjD_corr_fuc/NHrotaCF_8.xvg     0.0011     0.0008     0.0000 
/home/nenciric/Documents/git/CorysPeptides/figure_time_scales_protein/eYqjD_corr_fuc/NHrotaCF_9.xvg     0.0010     0.0007     0.0000 
/home/nenciric/Documents/git/CorysPeptides/figure_time_scales_protein/eYqjD_corr_fuc/NHrotaCF_10.xvg     0.0010     0.0007     0.0000 
/home/nenciric/Documents/git/CorysPeptides/figure_time_scales_protein/eYqjD_corr_fuc/NHrotaCF_11.xvg     0.0010     0.0007     0.0000 
/home/nenciric/Documents/git/CorysPeptides/figure_time_scales_protein/eYqjD_corr_fuc/NHrotaCF_12.xvg     0.0010     0.0007     0.0000 
/home/nenciric/Documents/git/CorysPeptides/figure_time_scales_protein/eYqjD_corr_fuc/NHrotaCF_13.xvg     0.0010     0.0007     0.0000 
/home/nenciric/Documents/git/CorysPeptides/figure_time_scales_protein/eYqjD_corr_fuc/NHrotaCF_14.xvg     0.0010     0.0007     0.0000 
/home/nenciric/Documents/git/CorysPeptides/figure_time_scales_protein/eYqjD_corr_fuc/NHrotaCF_15.xvg     0.0010     0.0007     0.0000 
/home/nenciric/Documents/git/CorysPeptides/figure_time_scales_protein/eYqjD_corr_fuc/NHrotaCF_16.xvg     0.0010     0.0007     0.0000 
/home/nenciric/Documents/git/CorysPeptides/figure_time_scales_protein/eYqjD_corr_fuc/NHrotaCF_17.xvg     0.0011     0.0007     0.0000 
/home/nenciric/Documents/git/CorysPeptides/figure_time_scales_protein/eYqjD_corr_fuc/NHrotaCF_18.xvg     0.0011     0.0008     0.0000 
/home/nenciric/Documents/git/CorysPeptides/figure_time_scales_protein/eYqjD_corr_fuc/NHrotaCF_19.xvg     0.0012     0.0009     0.0000 
/home/nenciric/Documents/git/CorysPeptides/figure_time_scales_protein/yFis1_corr_func/NHrotaCF_0.xvg     0.0019     0.0014     0.0000 
/home/nenciric/Documents/git/CorysPeptides/figure_time_scales_protein/yFis1_corr_func/NHrotaCF_1.xvg     0.0014     0.0011     0.0000 
/home/nenciric/Documents/git/CorysPeptides/figure_time_scales_protein/yFis1_corr_func/NHrotaCF_2.xvg     0.0015     0.0011     0.0000 
/home/nenciric/Documents/git/CorysPeptides/figure_time_scales_protein/yFis1_corr_func/NHrotaCF_3.xvg     0.0013     0.0010     0.0000 
/home/nenciric/Documents/git/CorysPeptides/figure_time_scales_protein/yFis1_corr_func/NHrotaCF_4.xvg     0.0014     0.0009     0.0000 
/home/nenciric/Documents/git/CorysPeptides/figure_time_scales_protein/yFis1_corr_func/NHrotaCF_5.xvg     0.0013     0.0010     0.0000 
/home/nenciric/Documents/git/CorysPeptides/figure_time_scales_protein/yFis1_corr_func/NHrotaCF_6.xvg     0.0012     0.0009     0.0000 
/home/nenciric/Documents/git/CorysPeptides/figure_time_scales_protein/yFis1_corr_func/NHrotaCF_7.xvg     0.0011     0.0008     0.0000 
/home/nenciric/Documents/git/CorysPeptides/figure_time_scales_protein/yFis1_corr_func/NHrotaCF_8.xvg     0.0010     0.0007     0.0000 
/home/nenciric/Documents/git/CorysPeptides/figure_time_scales_protein/yFis1_corr_func/NHrotaCF_9.xvg     0.0009     0.0006     0.0000 
/home/nenciric/Documents/git/CorysPeptides/figure_time_scales_protein/yFis1_corr_func/NHrotaCF_10.xvg     0.0010     0.0006     0.0000 
/home/nenciric/Documents/git/CorysPeptides/figure_time_scales_protein/yFis1_corr_func/NHrotaCF_11.xvg     0.0009     0.0006     0.0000 
/home/nenciric/Documents/git/CorysPeptides/figure_time_scales_protein/yFis1_corr_func/NHrotaCF_12.xvg     0.0009     0.0006     0.0000 
/home/nenciric/Documents/git/CorysPeptides/figure_time_scales_protein/yFis1_corr_func/NHrotaCF_13.xvg     0.0009     0.0006     0.0000 
/home/nenciric/Documents/git/CorysPeptides/figure_time_scales_protein/yFis1_corr_func/NHrotaCF_14.xvg     0.0009     0.0006     0.0000 
/home/nenciric/Documents/git/CorysPeptides/figure_time_scales_protein/yFis1_corr_func/NHrotaCF_15.xvg     0.0009     0.0006     0.0000 
/home/nenciric/Documents/git/CorysPeptides/figure_time_scales_protein/yFis1_corr_func/NHrotaCF_16.xvg     0.0009     0.0006     0.0000 
/home/nenciric/Documents/git/CorysPeptides/figure_time_scales_protein/yFis1_corr_func/NHrotaCF_17.xvg     0.0009     0.0006     0.0000 
/home/nenciric/Documents/git/CorysPeptides/figure_time_scales_protein/yFis1_corr_func/NHrotaCF_18.xvg     0.0009     0.0006     0.0000 
/home/nenciric/Documents/git/CorysPeptides/figure_time_scales_protein/yFis1_corr_func/NHrotaCF_19.xvg     0.0009     0.0006     0.0000 
/home/nenciric/Documents/git/CorysPeptides/figure_time_scales_protein/yFis1_corr_func/NHrotaCF_20.xvg     0.0009     0.0006     0.0000 
/home/nenciric/Documents/git/CorysPeptides/figure_time_scales_protein/yFis1_corr_func/NHrotaCF_21.xvg     0.0009     0.0006     0.0000 
/home/nenciric/Documents/git/CorysPeptides/figure_time_scales_protein/yFis1_corr_func/NHrotaCF_22.xvg     0.0010     0.0006     0.0000 
/home/nenciric/Documents/git/CorysPeptides/figure_time_scales_protein/yFis1_corr_func/NHrotaCF_23.xvg     0.0010     0.0007     0.0000 
/home/nenciric/Documents/git/CorysPeptides/figure_time_scales_protein/yFis1_corr_func/NHrotaCF_24.xvg     0.0011     0.0007     0.0000 
/home/nenciric/Documents/git/CorysPeptides/figure_time_scales_protein/yFis1_corr_func/NHrotaCF_25.xvg     0.0011     0.0008     0.0000 
/home/nenciric/Documents/git/CorysPeptides/figure_time_scales_protein/93_hMff_50SDS_micelle_310K_CHARMM_lastframe_FromSofia_SDS_Protein_SOD_solvated_OPC_local_run_20ps_mahti_370ns_mahti_360ns_mahti_2940ns_no_solvent_2948/NHrotaCF_0.xvg     0.0011     0.0007     0.0000 
/home/nenciric/Documents/git/CorysPeptides/figure_time_scales_protein/93_hMff_50SDS_micelle_310K_CHARMM_lastframe_FromSofia_SDS_Protein_SOD_solvated_OPC_local_run_20ps_mahti_370ns_mahti_360ns_mahti_2940ns_no_solvent_2948/NHrotaCF_1.xvg     0.0010     0.0007     0.0000 
/home/nenciric/Documents/git/CorysPeptides/figure_time_scales_protein/93_hMff_50SDS_micelle_310K_CHARMM_lastframe_FromSofia_SDS_Protein_SOD_solvated_OPC_local_run_20ps_mahti_370ns_mahti_360ns_mahti_2940ns_no_solvent_2948/NHrotaCF_2.xvg     0.0010     0.0006     0.0000 
/home/nenciric/Documents/git/CorysPeptides/figure_time_scales_protein/93_hMff_50SDS_micelle_310K_CHARMM_lastframe_FromSofia_SDS_Protein_SOD_solvated_OPC_local_run_20ps_mahti_370ns_mahti_360ns_mahti_2940ns_no_solvent_2948/NHrotaCF_3.xvg     0.0010     0.0006     0.0000 
/home/nenciric/Documents/git/CorysPeptides/figure_time_scales_protein/93_hMff_50SDS_micelle_310K_CHARMM_lastframe_FromSofia_SDS_Protein_SOD_solvated_OPC_local_run_20ps_mahti_370ns_mahti_360ns_mahti_2940ns_no_solvent_2948/NHrotaCF_4.xvg     0.0010     0.0006     0.0000 
/home/nenciric/Documents/git/CorysPeptides/figure_time_scales_protein/93_hMff_50SDS_micelle_310K_CHARMM_lastframe_FromSofia_SDS_Protein_SOD_solvated_OPC_local_run_20ps_mahti_370ns_mahti_360ns_mahti_2940ns_no_solvent_2948/NHrotaCF_5.xvg     0.0010     0.0006     0.0000 
/home/nenciric/Documents/git/CorysPeptides/figure_time_scales_protein/93_hMff_50SDS_micelle_310K_CHARMM_lastframe_FromSofia_SDS_Protein_SOD_solvated_OPC_local_run_20ps_mahti_370ns_mahti_360ns_mahti_2940ns_no_solvent_2948/NHrotaCF_6.xvg     0.0010     0.0006     0.0000 
/home/nenciric/Documents/git/CorysPeptides/figure_time_scales_protein/93_hMff_50SDS_micelle_310K_CHARMM_lastframe_FromSofia_SDS_Protein_SOD_solvated_OPC_local_run_20ps_mahti_370ns_mahti_360ns_mahti_2940ns_no_solvent_2948/NHrotaCF_7.xvg     0.0011     0.0007     0.0000 
/home/nenciric/Documents/git/CorysPeptides/figure_time_scales_protein/93_hMff_50SDS_micelle_310K_CHARMM_lastframe_FromSofia_SDS_Protein_SOD_solvated_OPC_local_run_20ps_mahti_370ns_mahti_360ns_mahti_2940ns_no_solvent_2948/NHrotaCF_8.xvg     0.0011     0.0007     0.0000 
/home/nenciric/Documents/git/CorysPeptides/figure_time_scales_protein/93_hMff_50SDS_micelle_310K_CHARMM_lastframe_FromSofia_SDS_Protein_SOD_solvated_OPC_local_run_20ps_mahti_370ns_mahti_360ns_mahti_2940ns_no_solvent_2948/NHrotaCF_9.xvg     0.0012     0.0008     0.0000 
/home/nenciric/Documents/git/CorysPeptides/figure_time_scales_protein/93_hMff_50SDS_micelle_310K_CHARMM_lastframe_FromSofia_SDS_Protein_SOD_solvated_OPC_local_run_20ps_mahti_370ns_mahti_360ns_mahti_2940ns_no_solvent_2948/NHrotaCF_10.xvg     0.0013     0.0008     0.0000 
/home/nenciric/Documents/git/CorysPeptides/figure_time_scales_protein/93_hMff_50SDS_micelle_310K_CHARMM_lastframe_FromSofia_SDS_Protein_SOD_solvated_OPC_local_run_20ps_mahti_370ns_mahti_360ns_mahti_2940ns_no_solvent_2948/NHrotaCF_11.xvg     0.0013     0.0008     0.0000 
/home/nenciric/Documents/git/CorysPeptides/figure_time_scales_protein/93_hMff_50SDS_micelle_310K_CHARMM_lastframe_FromSofia_SDS_Protein_SOD_solvated_OPC_local_run_20ps_mahti_370ns_mahti_360ns_mahti_2940ns_no_solvent_2948/NHrotaCF_12.xvg     0.0010     0.0007     0.0000 
/home/nenciric/Documents/git/CorysPeptides/figure_time_scales_protein/93_hMff_50SDS_micelle_310K_CHARMM_lastframe_FromSofia_SDS_Protein_SOD_solvated_OPC_local_run_20ps_mahti_370ns_mahti_360ns_mahti_2940ns_no_solvent_2948/NHrotaCF_13.xvg     0.0009     0.0006     0.0000 
/home/nenciric/Documents/git/CorysPeptides/figure_time_scales_protein/93_hMff_50SDS_micelle_310K_CHARMM_lastframe_FromSofia_SDS_Protein_SOD_solvated_OPC_local_run_20ps_mahti_370ns_mahti_360ns_mahti_2940ns_no_solvent_2948/NHrotaCF_14.xvg     0.0009     0.0006     0.0000 
/home/nenciric/Documents/git/CorysPeptides/figure_time_scales_protein/93_hMff_50SDS_micelle_310K_CHARMM_lastframe_FromSofia_SDS_Protein_SOD_solvated_OPC_local_run_20ps_mahti_370ns_mahti_360ns_mahti_2940ns_no_solvent_2948/NHrotaCF_15.xvg     0.0009     0.0006     0.0000 
/home/nenciric/Documents/git/CorysPeptides/figure_time_scales_protein/93_hMff_50SDS_micelle_310K_CHARMM_lastframe_FromSofia_SDS_Protein_SOD_solvated_OPC_local_run_20ps_mahti_370ns_mahti_360ns_mahti_2940ns_no_solvent_2948/NHrotaCF_16.xvg     0.0009     0.0006     0.0000 
/home/nenciric/Documents/git/CorysPeptides/figure_time_scales_protein/93_hMff_50SDS_micelle_310K_CHARMM_lastframe_FromSofia_SDS_Protein_SOD_solvated_OPC_local_run_20ps_mahti_370ns_mahti_360ns_mahti_2940ns_no_solvent_2948/NHrotaCF_17.xvg     0.0009     0.0006     0.0000 
/home/nenciric/Documents/git/CorysPeptides/figure_time_scales_protein/93_hMff_50SDS_micelle_310K_CHARMM_lastframe_FromSofia_SDS_Protein_SOD_solvated_OPC_local_run_20ps_mahti_370ns_mahti_360ns_mahti_2940ns_no_solvent_2948/NHrotaCF_18.xvg     0.0010     0.0006     0.0000 
/home/nenciric/Documents/git/CorysPeptides/figure_time_scales_protein/93_hMff_50SDS_micelle_310K_CHARMM_lastframe_FromSofia_SDS_Protein_SOD_solvated_OPC_local_run_20ps_mahti_370ns_mahti_360ns_mahti_2940ns_no_solvent_2948/NHrotaCF_19.xvg     0.0010     0.0006     0.0000 
/home/nenciric/Documents/git/CorysPeptides/figure_time_scales_protein/93_hMff_50SDS_micelle_310K_CHARMM_lastframe_FromSofia_SDS_Protein_SOD_solvated_OPC_local_run_20ps_mahti_370ns_mahti_360ns_mahti_2940ns_no_solvent_2948/NHrotaCF_20.xvg     0.0010     0.0006     0.0000 
/home/nenciric/Documents/git/CorysPeptides/figure_time_scales_protein/93_hMff_50SDS_micelle_310K_CHARMM_lastframe_FromSofia_SDS_Protein_SOD_solvated_OPC_local_run_20ps_mahti_370ns_mahti_360ns_mahti_2940ns_no_solvent_2948/NHrotaCF_21.xvg     0.0012     0.0007     0.0000 
/home/nenciric/Documents/git/CorysPeptides/figure_time_scales_protein/93_hMff_50SDS_micelle_310K_CHARMM_lastframe_FromSofia_SDS_Protein_SOD_solvated_OPC_local_run_20ps_mahti_370ns_mahti_360ns_mahti_2940ns_no_solvent_2948/NHrotaCF_22.xvg     0.0011     0.0007     0.0000 
/home/nenciric/Documents/git/CorysPeptides/figure_time_scales_protein/93_hMff_50SDS_micelle_310K_CHARMM_lastframe_FromSofia_SDS_Protein_SOD_solvated_OPC_local_run_20ps_mahti_370ns_mahti_360ns_mahti_2940ns_no_solvent_2948/NHrotaCF_23.xvg     0.0012     0.0008     0.0000 
/home/nenciric/Documents/git/CorysPeptides/figure_time_scales_protein/mageinin_corr_func/NHrotaCF_0.xvg     0.0012     0.0008     0.0000 
/home/nenciric/Documents/git/CorysPeptides/figure_time_scales_protein/mageinin_corr_func/NHrotaCF_1.xvg     0.0010     0.0007     0.0000 
/home/nenciric/Documents/git/CorysPeptides/figure_time_scales_protein/mageinin_corr_func/NHrotaCF_2.xvg     0.0010     0.0007     0.0000 
/home/nenciric/Documents/git/CorysPeptides/figure_time_scales_protein/mageinin_corr_func/NHrotaCF_3.xvg     0.0010     0.0006     0.0000 
/home/nenciric/Documents/git/CorysPeptides/figure_time_scales_protein/mageinin_corr_func/NHrotaCF_4.xvg     0.0010     0.0007     0.0000 
/home/nenciric/Documents/git/CorysPeptides/figure_time_scales_protein/mageinin_corr_func/NHrotaCF_5.xvg     0.0010     0.0007     0.0000 
/home/nenciric/Documents/git/CorysPeptides/figure_time_scales_protein/mageinin_corr_func/NHrotaCF_6.xvg     0.0010     0.0007     0.0000 
/home/nenciric/Documents/git/CorysPeptides/figure_time_scales_protein/mageinin_corr_func/NHrotaCF_7.xvg     0.0010     0.0006     0.0000 
/home/nenciric/Documents/git/CorysPeptides/figure_time_scales_protein/mageinin_corr_func/NHrotaCF_8.xvg     0.0010     0.0007     0.0000 
/home/nenciric/Documents/git/CorysPeptides/figure_time_scales_protein/mageinin_corr_func/NHrotaCF_9.xvg     0.0010     0.0007     0.0000 
/home/nenciric/Documents/git/CorysPeptides/figure_time_scales_protein/mageinin_corr_func/NHrotaCF_10.xvg     0.0010     0.0006     0.0000 
/home/nenciric/Documents/git/CorysPeptides/figure_time_scales_protein/mageinin_corr_func/NHrotaCF_11.xvg     0.0010     0.0007     0.0000 
/home/nenciric/Documents/git/CorysPeptides/figure_time_scales_protein/mageinin_corr_func/NHrotaCF_12.xvg     0.0011     0.0008     0.0000 
/home/nenciric/Documents/git/CorysPeptides/figure_time_scales_protein/mageinin_corr_func/NHrotaCF_13.xvg     0.0011     0.0008     0.0000 
/home/nenciric/Documents/git/CorysPeptides/figure_time_scales_protein/mageinin_corr_func/NHrotaCF_14.xvg     0.0011     0.0008     0.0000 
/home/nenciric/Documents/git/CorysPeptides/figure_time_scales_protein/mageinin_corr_func/NHrotaCF_15.xvg     0.0011     0.0008     0.0000 
/home/nenciric/Documents/git/CorysPeptides/figure_time_scales_protein/mageinin_corr_func/NHrotaCF_16.xvg     0.0012     0.0008     0.0000 
/home/nenciric/Documents/git/CorysPeptides/figure_time_scales_protein/mageinin_corr_func/NHrotaCF_17.xvg     0.0012     0.0008     0.0000 
/home/nenciric/Documents/git/CorysPeptides/figure_time_scales_protein/mageinin_corr_func/NHrotaCF_18.xvg     0.0012     0.0009     0.0000 
/home/nenciric/Documents/git/CorysPeptides/figure_time_scales_protein/mageinin_corr_func/NHrotaCF_19.xvg     0.0012     0.0009     0.0000 
/home/nenciric/Documents/git/CorysPeptides/figure_time_scales_protein/mageinin_corr_func/NHrotaCF_20.xvg     0.0015     0.0012     0.0000 
/home/nenciric/Documents/git/CorysPeptides/figure_time_scales_protein/mageinin_corr_func/NHrotaCF_21.xvg     0.0030     0.0024     0.0000 
/home/nenciric/Documents/git/CorysPeptides/figure_time_scales_protein/GWALP_50_SDS_corr_func/NHrotaCF_0.xvg     0.0018     0.0012     0.0000 
/home/nenciric/Documents/git/CorysPeptides/figure_time_scales_protein/GWALP_50_SDS_corr_func/NHrotaCF_1.xvg     0.0015     0.0009     0.0000 
/home/nenciric/Documents/git/CorysPeptides/figure_time_scales_protein/GWALP_50_SDS_corr_func/NHrotaCF_2.xvg     0.0010     0.0006     0.0000 
/home/nenciric/Documents/git/CorysPeptides/figure_time_scales_protein/GWALP_50_SDS_corr_func/NHrotaCF_3.xvg     0.0009     0.0006     0.0000 
/home/nenciric/Documents/git/CorysPeptides/figure_time_scales_protein/GWALP_50_SDS_corr_func/NHrotaCF_4.xvg     0.0009     0.0006     0.0000 
/home/nenciric/Documents/git/CorysPeptides/figure_time_scales_protein/GWALP_50_SDS_corr_func/NHrotaCF_5.xvg     0.0009     0.0005     0.0000 
/home/nenciric/Documents/git/CorysPeptides/figure_time_scales_protein/GWALP_50_SDS_corr_func/NHrotaCF_6.xvg     0.0009     0.0005     0.0000 
/home/nenciric/Documents/git/CorysPeptides/figure_time_scales_protein/GWALP_50_SDS_corr_func/NHrotaCF_7.xvg     0.0009     0.0005     0.0000 
/home/nenciric/Documents/git/CorysPeptides/figure_time_scales_protein/GWALP_50_SDS_corr_func/NHrotaCF_8.xvg     0.0009     0.0005     0.0000 
/home/nenciric/Documents/git/CorysPeptides/figure_time_scales_protein/GWALP_50_SDS_corr_func/NHrotaCF_9.xvg     0.0009     0.0005     0.0000 
/home/nenciric/Documents/git/CorysPeptides/figure_time_scales_protein/GWALP_50_SDS_corr_func/NHrotaCF_10.xvg     0.0009     0.0005     0.0000 
/home/nenciric/Documents/git/CorysPeptides/figure_time_scales_protein/GWALP_50_SDS_corr_func/NHrotaCF_11.xvg     0.0009     0.0005     0.0000 
/home/nenciric/Documents/git/CorysPeptides/figure_time_scales_protein/GWALP_50_SDS_corr_func/NHrotaCF_12.xvg     0.0009     0.0005     0.0000 
/home/nenciric/Documents/git/CorysPeptides/figure_time_scales_protein/GWALP_50_SDS_corr_func/NHrotaCF_13.xvg     0.0009     0.0005     0.0000 
/home/nenciric/Documents/git/CorysPeptides/figure_time_scales_protein/GWALP_50_SDS_corr_func/NHrotaCF_14.xvg     0.0009     0.0005     0.0000 
/home/nenciric/Documents/git/CorysPeptides/figure_time_scales_protein/GWALP_50_SDS_corr_func/NHrotaCF_15.xvg     0.0009     0.0005     0.0000 
/home/nenciric/Documents/git/CorysPeptides/figure_time_scales_protein/GWALP_50_SDS_corr_func/NHrotaCF_16.xvg     0.0009     0.0005     0.0000 
/home/nenciric/Documents/git/CorysPeptides/figure_time_scales_protein/GWALP_50_SDS_corr_func/NHrotaCF_17.xvg     0.0009     0.0005     0.0000 
/home/nenciric/Documents/git/CorysPeptides/figure_time_scales_protein/GWALP_50_SDS_corr_func/NHrotaCF_18.xvg     0.0009     0.0005     0.0000 
/home/nenciric/Documents/git/CorysPeptides/figure_time_scales_protein/GWALP_50_SDS_corr_func/NHrotaCF_19.xvg     0.0009     0.0006     0.0000 
/home/nenciric/Documents/git/CorysPeptides/figure_time_scales_protein/GWALP_50_SDS_corr_func/NHrotaCF_20.xvg     0.0010     0.0006     0.0000 
/home/nenciric/Documents/git/CorysPeptides/figure_time_scales_protein/GWALP_50_SDS_corr_func/NHrotaCF_21.xvg     0.0010     0.0006     0.0000 
/home/nenciric/Documents/git/CorysPeptides/figure_time_scales_protein/GWALP_50_SDS_corr_func/NHrotaCF_22.xvg     0.0013     0.0009     0.0000 
/home/nenciric/Documents/git/CorysPeptides/figure_time_scales_protein/eElab_40SDS_corr_func/NHrotaCF_0.xvg     0.0020     0.0015     0.0000 
/home/nenciric/Documents/git/CorysPeptides/figure_time_scales_protein/eElab_40SDS_corr_func/NHrotaCF_1.xvg     0.0014     0.0009     0.0000 
/home/nenciric/Documents/git/CorysPeptides/figure_time_scales_protein/eElab_40SDS_corr_func/NHrotaCF_2.xvg     0.0014     0.0008     0.0000 
/home/nenciric/Documents/git/CorysPeptides/figure_time_scales_protein/eElab_40SDS_corr_func/NHrotaCF_3.xvg     0.0012     0.0008     0.0000 
/home/nenciric/Documents/git/CorysPeptides/figure_time_scales_protein/eElab_40SDS_corr_func/NHrotaCF_4.xvg     0.0013     0.0007     0.0000 
/home/nenciric/Documents/git/CorysPeptides/figure_time_scales_protein/eElab_40SDS_corr_func/NHrotaCF_5.xvg     0.0011     0.0007     0.0000 
/home/nenciric/Documents/git/CorysPeptides/figure_time_scales_protein/eElab_40SDS_corr_func/NHrotaCF_6.xvg     0.0010     0.0007     0.0000 
/home/nenciric/Documents/git/CorysPeptides/figure_time_scales_protein/eElab_40SDS_corr_func/NHrotaCF_7.xvg     0.0011     0.0007     0.0000 
/home/nenciric/Documents/git/CorysPeptides/figure_time_scales_protein/eElab_40SDS_corr_func/NHrotaCF_8.xvg     0.0010     0.0007     0.0000 
/home/nenciric/Documents/git/CorysPeptides/figure_time_scales_protein/eElab_40SDS_corr_func/NHrotaCF_9.xvg     0.0010     0.0007     0.0000 
/home/nenciric/Documents/git/CorysPeptides/figure_time_scales_protein/eElab_40SDS_corr_func/NHrotaCF_10.xvg     0.0010     0.0006     0.0000 
/home/nenciric/Documents/git/CorysPeptides/figure_time_scales_protein/eElab_40SDS_corr_func/NHrotaCF_11.xvg     0.0010     0.0006     0.0000 
/home/nenciric/Documents/git/CorysPeptides/figure_time_scales_protein/eElab_40SDS_corr_func/NHrotaCF_12.xvg     0.0010     0.0006     0.0000 
/home/nenciric/Documents/git/CorysPeptides/figure_time_scales_protein/eElab_40SDS_corr_func/NHrotaCF_13.xvg     0.0010     0.0006     0.0000 
/home/nenciric/Documents/git/CorysPeptides/figure_time_scales_protein/eElab_40SDS_corr_func/NHrotaCF_14.xvg     0.0010     0.0006     0.0000 
/home/nenciric/Documents/git/CorysPeptides/figure_time_scales_protein/eElab_40SDS_corr_func/NHrotaCF_15.xvg     0.0010     0.0006     0.0000 
/home/nenciric/Documents/git/CorysPeptides/figure_time_scales_protein/eElab_40SDS_corr_func/NHrotaCF_16.xvg     0.0010     0.0007     0.0000 
/home/nenciric/Documents/git/CorysPeptides/figure_time_scales_protein/eElab_40SDS_corr_func/NHrotaCF_17.xvg     0.0010     0.0007     0.0000 
/home/nenciric/Documents/git/CorysPeptides/figure_time_scales_protein/eElab_40SDS_corr_func/NHrotaCF_18.xvg     0.0011     0.0006     0.0000 
/home/nenciric/Documents/git/CorysPeptides/figure_time_scales_protein/eElab_40SDS_corr_func/NHrotaCF_19.xvg     0.0012     0.0008     0.0000 
/home/nenciric/Documents/git/CorysPeptides/figure_time_scales_protein/eElab_40SDS_corr_func/NHrotaCF_20.xvg     0.0012     0.0008     0.0000 
/home/nenciric/Documents/git/CorysPeptides/figure_time_scales_protein/eYqjD_corr_fuc/NHrotaCF_0.xvg     0.0021     0.0016     0.0000 
/home/nenciric/Documents/git/CorysPeptides/figure_time_scales_protein/eYqjD_corr_fuc/NHrotaCF_1.xvg     0.0017     0.0012     0.0000 
/home/nenciric/Documents/git/CorysPeptides/figure_time_scales_protein/eYqjD_corr_fuc/NHrotaCF_2.xvg     0.0015     0.0011     0.0000 
/home/nenciric/Documents/git/CorysPeptides/figure_time_scales_protein/eYqjD_corr_fuc/NHrotaCF_3.xvg     0.0014     0.0011     0.0000 
/home/nenciric/Documents/git/CorysPeptides/figure_time_scales_protein/eYqjD_corr_fuc/NHrotaCF_4.xvg     0.0014     0.0010     0.0000 
/home/nenciric/Documents/git/CorysPeptides/figure_time_scales_protein/eYqjD_corr_fuc/NHrotaCF_5.xvg     0.0014     0.0010     0.0000 
/home/nenciric/Documents/git/CorysPeptides/figure_time_scales_protein/eYqjD_corr_fuc/NHrotaCF_6.xvg     0.0015     0.0010     0.0000 
/home/nenciric/Documents/git/CorysPeptides/figure_time_scales_protein/eYqjD_corr_fuc/NHrotaCF_7.xvg     0.0016     0.0011     0.0000 
/home/nenciric/Documents/git/CorysPeptides/figure_time_scales_protein/eYqjD_corr_fuc/NHrotaCF_8.xvg     0.0011     0.0008     0.0000 
/home/nenciric/Documents/git/CorysPeptides/figure_time_scales_protein/eYqjD_corr_fuc/NHrotaCF_9.xvg     0.0010     0.0007     0.0000 
/home/nenciric/Documents/git/CorysPeptides/figure_time_scales_protein/eYqjD_corr_fuc/NHrotaCF_10.xvg     0.0010     0.0007     0.0000 
/home/nenciric/Documents/git/CorysPeptides/figure_time_scales_protein/eYqjD_corr_fuc/NHrotaCF_11.xvg     0.0010     0.0007     0.0000 
/home/nenciric/Documents/git/CorysPeptides/figure_time_scales_protein/eYqjD_corr_fuc/NHrotaCF_12.xvg     0.0010     0.0007     0.0000 
/home/nenciric/Documents/git/CorysPeptides/figure_time_scales_protein/eYqjD_corr_fuc/NHrotaCF_13.xvg     0.0010     0.0007     0.0000 
/home/nenciric/Documents/git/CorysPeptides/figure_time_scales_protein/eYqjD_corr_fuc/NHrotaCF_14.xvg     0.0010     0.0007     0.0000 
/home/nenciric/Documents/git/CorysPeptides/figure_time_scales_protein/eYqjD_corr_fuc/NHrotaCF_15.xvg     0.0010     0.0007     0.0000 
/home/nenciric/Documents/git/CorysPeptides/figure_time_scales_protein/eYqjD_corr_fuc/NHrotaCF_16.xvg     0.0010     0.0007     0.0000 
/home/nenciric/Documents/git/CorysPeptides/figure_time_scales_protein/eYqjD_corr_fuc/NHrotaCF_17.xvg     0.0011     0.0007     0.0000 
/home/nenciric/Documents/git/CorysPeptides/figure_time_scales_protein/eYqjD_corr_fuc/NHrotaCF_18.xvg     0.0011     0.0008     0.0000 
/home/nenciric/Documents/git/CorysPeptides/figure_time_scales_protein/eYqjD_corr_fuc/NHrotaCF_19.xvg     0.0012     0.0009     0.0000 
/home/nenciric/Documents/git/CorysPeptides/figure_time_scales_protein/yFis1_corr_func/NHrotaCF_0.xvg     0.0019     0.0014     0.0000 
/home/nenciric/Documents/git/CorysPeptides/figure_time_scales_protein/yFis1_corr_func/NHrotaCF_1.xvg     0.0014     0.0011     0.0000 
/home/nenciric/Documents/git/CorysPeptides/figure_time_scales_protein/yFis1_corr_func/NHrotaCF_2.xvg     0.0015     0.0011     0.0000 
/home/nenciric/Documents/git/CorysPeptides/figure_time_scales_protein/yFis1_corr_func/NHrotaCF_3.xvg     0.0013     0.0010     0.0000 
/home/nenciric/Documents/git/CorysPeptides/figure_time_scales_protein/yFis1_corr_func/NHrotaCF_4.xvg     0.0014     0.0009     0.0000 
/home/nenciric/Documents/git/CorysPeptides/figure_time_scales_protein/yFis1_corr_func/NHrotaCF_5.xvg     0.0013     0.0010     0.0000 
/home/nenciric/Documents/git/CorysPeptides/figure_time_scales_protein/yFis1_corr_func/NHrotaCF_6.xvg     0.0012     0.0009     0.0000 
/home/nenciric/Documents/git/CorysPeptides/figure_time_scales_protein/yFis1_corr_func/NHrotaCF_7.xvg     0.0011     0.0008     0.0000 
/home/nenciric/Documents/git/CorysPeptides/figure_time_scales_protein/yFis1_corr_func/NHrotaCF_8.xvg     0.0010     0.0007     0.0000 
/home/nenciric/Documents/git/CorysPeptides/figure_time_scales_protein/yFis1_corr_func/NHrotaCF_9.xvg     0.0009     0.0006     0.0000 
/home/nenciric/Documents/git/CorysPeptides/figure_time_scales_protein/yFis1_corr_func/NHrotaCF_10.xvg     0.0010     0.0006     0.0000 
/home/nenciric/Documents/git/CorysPeptides/figure_time_scales_protein/yFis1_corr_func/NHrotaCF_11.xvg     0.0009     0.0006     0.0000 
/home/nenciric/Documents/git/CorysPeptides/figure_time_scales_protein/yFis1_corr_func/NHrotaCF_12.xvg     0.0009     0.0006     0.0000 
/home/nenciric/Documents/git/CorysPeptides/figure_time_scales_protein/yFis1_corr_func/NHrotaCF_13.xvg     0.0009     0.0006     0.0000 
/home/nenciric/Documents/git/CorysPeptides/figure_time_scales_protein/yFis1_corr_func/NHrotaCF_14.xvg     0.0009     0.0006     0.0000 
/home/nenciric/Documents/git/CorysPeptides/figure_time_scales_protein/yFis1_corr_func/NHrotaCF_15.xvg     0.0009     0.0006     0.0000 
/home/nenciric/Documents/git/CorysPeptides/figure_time_scales_protein/yFis1_corr_func/NHrotaCF_16.xvg     0.0009     0.0006     0.0000 
/home/nenciric/Documents/git/CorysPeptides/figure_time_scales_protein/yFis1_corr_func/NHrotaCF_17.xvg     0.0009     0.0006     0.0000 
/home/nenciric/Documents/git/CorysPeptides/figure_time_scales_protein/yFis1_corr_func/NHrotaCF_18.xvg     0.0009     0.0006     0.0000 
/home/nenciric/Documents/git/CorysPeptides/figure_time_scales_protein/yFis1_corr_func/NHrotaCF_19.xvg     0.0009     0.0006     0.0000 
/home/nenciric/Documents/git/CorysPeptides/figure_time_scales_protein/yFis1_corr_func/NHrotaCF_20.xvg     0.0009     0.0006     0.0000 
/home/nenciric/Documents/git/CorysPeptides/figure_time_scales_protein/yFis1_corr_func/NHrotaCF_21.xvg     0.0009     0.0006     0.0000 
/home/nenciric/Documents/git/CorysPeptides/figure_time_scales_protein/yFis1_corr_func/NHrotaCF_22.xvg     0.0010     0.0006     0.0000 
/home/nenciric/Documents/git/CorysPeptides/figure_time_scales_protein/yFis1_corr_func/NHrotaCF_23.xvg     0.0010     0.0007     0.0000 
/home/nenciric/Documents/git/CorysPeptides/figure_time_scales_protein/yFis1_corr_func/NHrotaCF_24.xvg     0.0011     0.0007     0.0000 
/home/nenciric/Documents/git/CorysPeptides/figure_time_scales_protein/yFis1_corr_func/NHrotaCF_25.xvg     0.0011     0.0008     0.0000 
/home/nenciric/Documents/git/CorysPeptides/figure_time_scales_protein/93_hMff_50SDS_micelle_310K_CHARMM_lastframe_FromSofia_SDS_Protein_SOD_solvated_OPC_local_run_20ps_mahti_370ns_mahti_360ns_mahti_2940ns_no_solvent_2948/NHrotaCF_0.xvg     0.0011     0.0007     0.0000 
/home/nenciric/Documents/git/CorysPeptides/figure_time_scales_protein/93_hMff_50SDS_micelle_310K_CHARMM_lastframe_FromSofia_SDS_Protein_SOD_solvated_OPC_local_run_20ps_mahti_370ns_mahti_360ns_mahti_2940ns_no_solvent_2948/NHrotaCF_1.xvg     0.0010     0.0007     0.0000 
/home/nenciric/Documents/git/CorysPeptides/figure_time_scales_protein/93_hMff_50SDS_micelle_310K_CHARMM_lastframe_FromSofia_SDS_Protein_SOD_solvated_OPC_local_run_20ps_mahti_370ns_mahti_360ns_mahti_2940ns_no_solvent_2948/NHrotaCF_2.xvg     0.0010     0.0006     0.0000 
/home/nenciric/Documents/git/CorysPeptides/figure_time_scales_protein/93_hMff_50SDS_micelle_310K_CHARMM_lastframe_FromSofia_SDS_Protein_SOD_solvated_OPC_local_run_20ps_mahti_370ns_mahti_360ns_mahti_2940ns_no_solvent_2948/NHrotaCF_3.xvg     0.0010     0.0006     0.0000 
/home/nenciric/Documents/git/CorysPeptides/figure_time_scales_protein/93_hMff_50SDS_micelle_310K_CHARMM_lastframe_FromSofia_SDS_Protein_SOD_solvated_OPC_local_run_20ps_mahti_370ns_mahti_360ns_mahti_2940ns_no_solvent_2948/NHrotaCF_4.xvg     0.0010     0.0006     0.0000 
/home/nenciric/Documents/git/CorysPeptides/figure_time_scales_protein/93_hMff_50SDS_micelle_310K_CHARMM_lastframe_FromSofia_SDS_Protein_SOD_solvated_OPC_local_run_20ps_mahti_370ns_mahti_360ns_mahti_2940ns_no_solvent_2948/NHrotaCF_5.xvg     0.0010     0.0006     0.0000 
/home/nenciric/Documents/git/CorysPeptides/figure_time_scales_protein/93_hMff_50SDS_micelle_310K_CHARMM_lastframe_FromSofia_SDS_Protein_SOD_solvated_OPC_local_run_20ps_mahti_370ns_mahti_360ns_mahti_2940ns_no_solvent_2948/NHrotaCF_6.xvg     0.0010     0.0006     0.0000 
/home/nenciric/Documents/git/CorysPeptides/figure_time_scales_protein/93_hMff_50SDS_micelle_310K_CHARMM_lastframe_FromSofia_SDS_Protein_SOD_solvated_OPC_local_run_20ps_mahti_370ns_mahti_360ns_mahti_2940ns_no_solvent_2948/NHrotaCF_7.xvg     0.0011     0.0007     0.0000 
/home/nenciric/Documents/git/CorysPeptides/figure_time_scales_protein/93_hMff_50SDS_micelle_310K_CHARMM_lastframe_FromSofia_SDS_Protein_SOD_solvated_OPC_local_run_20ps_mahti_370ns_mahti_360ns_mahti_2940ns_no_solvent_2948/NHrotaCF_8.xvg     0.0011     0.0007     0.0000 
/home/nenciric/Documents/git/CorysPeptides/figure_time_scales_protein/93_hMff_50SDS_micelle_310K_CHARMM_lastframe_FromSofia_SDS_Protein_SOD_solvated_OPC_local_run_20ps_mahti_370ns_mahti_360ns_mahti_2940ns_no_solvent_2948/NHrotaCF_9.xvg     0.0012     0.0008     0.0000 
/home/nenciric/Documents/git/CorysPeptides/figure_time_scales_protein/93_hMff_50SDS_micelle_310K_CHARMM_lastframe_FromSofia_SDS_Protein_SOD_solvated_OPC_local_run_20ps_mahti_370ns_mahti_360ns_mahti_2940ns_no_solvent_2948/NHrotaCF_10.xvg     0.0013     0.0008     0.0000 
/home/nenciric/Documents/git/CorysPeptides/figure_time_scales_protein/93_hMff_50SDS_micelle_310K_CHARMM_lastframe_FromSofia_SDS_Protein_SOD_solvated_OPC_local_run_20ps_mahti_370ns_mahti_360ns_mahti_2940ns_no_solvent_2948/NHrotaCF_11.xvg     0.0013     0.0008     0.0000 
/home/nenciric/Documents/git/CorysPeptides/figure_time_scales_protein/93_hMff_50SDS_micelle_310K_CHARMM_lastframe_FromSofia_SDS_Protein_SOD_solvated_OPC_local_run_20ps_mahti_370ns_mahti_360ns_mahti_2940ns_no_solvent_2948/NHrotaCF_12.xvg     0.0010     0.0007     0.0000 
/home/nenciric/Documents/git/CorysPeptides/figure_time_scales_protein/93_hMff_50SDS_micelle_310K_CHARMM_lastframe_FromSofia_SDS_Protein_SOD_solvated_OPC_local_run_20ps_mahti_370ns_mahti_360ns_mahti_2940ns_no_solvent_2948/NHrotaCF_13.xvg     0.0009     0.0006     0.0000 
/home/nenciric/Documents/git/CorysPeptides/figure_time_scales_protein/93_hMff_50SDS_micelle_310K_CHARMM_lastframe_FromSofia_SDS_Protein_SOD_solvated_OPC_local_run_20ps_mahti_370ns_mahti_360ns_mahti_2940ns_no_solvent_2948/NHrotaCF_14.xvg     0.0009     0.0006     0.0000 
/home/nenciric/Documents/git/CorysPeptides/figure_time_scales_protein/93_hMff_50SDS_micelle_310K_CHARMM_lastframe_FromSofia_SDS_Protein_SOD_solvated_OPC_local_run_20ps_mahti_370ns_mahti_360ns_mahti_2940ns_no_solvent_2948/NHrotaCF_15.xvg     0.0009     0.0006     0.0000 
/home/nenciric/Documents/git/CorysPeptides/figure_time_scales_protein/93_hMff_50SDS_micelle_310K_CHARMM_lastframe_FromSofia_SDS_Protein_SOD_solvated_OPC_local_run_20ps_mahti_370ns_mahti_360ns_mahti_2940ns_no_solvent_2948/NHrotaCF_16.xvg     0.0009     0.0006     0.0000 
/home/nenciric/Documents/git/CorysPeptides/figure_time_scales_protein/93_hMff_50SDS_micelle_310K_CHARMM_lastframe_FromSofia_SDS_Protein_SOD_solvated_OPC_local_run_20ps_mahti_370ns_mahti_360ns_mahti_2940ns_no_solvent_2948/NHrotaCF_17.xvg     0.0009     0.0006     0.0000 
/home/nenciric/Documents/git/CorysPeptides/figure_time_scales_protein/93_hMff_50SDS_micelle_310K_CHARMM_lastframe_FromSofia_SDS_Protein_SOD_solvated_OPC_local_run_20ps_mahti_370ns_mahti_360ns_mahti_2940ns_no_solvent_2948/NHrotaCF_18.xvg     0.0010     0.0006     0.0000 
/home/nenciric/Documents/git/CorysPeptides/figure_time_scales_protein/93_hMff_50SDS_micelle_310K_CHARMM_lastframe_FromSofia_SDS_Protein_SOD_solvated_OPC_local_run_20ps_mahti_370ns_mahti_360ns_mahti_2940ns_no_solvent_2948/NHrotaCF_19.xvg     0.0010     0.0006     0.0000 
/home/nenciric/Documents/git/CorysPeptides/figure_time_scales_protein/93_hMff_50SDS_micelle_310K_CHARMM_lastframe_FromSofia_SDS_Protein_SOD_solvated_OPC_local_run_20ps_mahti_370ns_mahti_360ns_mahti_2940ns_no_solvent_2948/NHrotaCF_20.xvg     0.0010     0.0006     0.0000 
/home/nenciric/Documents/git/CorysPeptides/figure_time_scales_protein/93_hMff_50SDS_micelle_310K_CHARMM_lastframe_FromSofia_SDS_Protein_SOD_solvated_OPC_local_run_20ps_mahti_370ns_mahti_360ns_mahti_2940ns_no_solvent_2948/NHrotaCF_21.xvg     0.0012     0.0007     0.0000 
/home/nenciric/Documents/git/CorysPeptides/figure_time_scales_protein/93_hMff_50SDS_micelle_310K_CHARMM_lastframe_FromSofia_SDS_Protein_SOD_solvated_OPC_local_run_20ps_mahti_370ns_mahti_360ns_mahti_2940ns_no_solvent_2948/NHrotaCF_22.xvg     0.0011     0.0007     0.0000 
/home/nenciric/Documents/git/CorysPeptides/figure_time_scales_protein/93_hMff_50SDS_micelle_310K_CHARMM_lastframe_FromSofia_SDS_Protein_SOD_solvated_OPC_local_run_20ps_mahti_370ns_mahti_360ns_mahti_2940ns_no_solvent_2948/NHrotaCF_23.xvg     0.0012     0.0008     0.0000 
/home/nenciric/Documents/git/CorysPeptides/figure_time_scales_protein/mageinin_corr_func/NHrotaCF_0.xvg     0.0012     0.0008     0.0000 
/home/nenciric/Documents/git/CorysPeptides/figure_time_scales_protein/mageinin_corr_func/NHrotaCF_1.xvg     0.0010     0.0007     0.0000 
/home/nenciric/Documents/git/CorysPeptides/figure_time_scales_protein/mageinin_corr_func/NHrotaCF_2.xvg     0.0010     0.0007     0.0000 
/home/nenciric/Documents/git/CorysPeptides/figure_time_scales_protein/mageinin_corr_func/NHrotaCF_3.xvg     0.0010     0.0006     0.0000 
/home/nenciric/Documents/git/CorysPeptides/figure_time_scales_protein/mageinin_corr_func/NHrotaCF_4.xvg     0.0010     0.0007     0.0000 
/home/nenciric/Documents/git/CorysPeptides/figure_time_scales_protein/mageinin_corr_func/NHrotaCF_5.xvg     0.0010     0.0007     0.0000 
/home/nenciric/Documents/git/CorysPeptides/figure_time_scales_protein/mageinin_corr_func/NHrotaCF_6.xvg     0.0010     0.0007     0.0000 
/home/nenciric/Documents/git/CorysPeptides/figure_time_scales_protein/mageinin_corr_func/NHrotaCF_7.xvg     0.0010     0.0006     0.0000 
/home/nenciric/Documents/git/CorysPeptides/figure_time_scales_protein/mageinin_corr_func/NHrotaCF_8.xvg     0.0010     0.0007     0.0000 
/home/nenciric/Documents/git/CorysPeptides/figure_time_scales_protein/mageinin_corr_func/NHrotaCF_9.xvg     0.0010     0.0007     0.0000 
/home/nenciric/Documents/git/CorysPeptides/figure_time_scales_protein/mageinin_corr_func/NHrotaCF_10.xvg     0.0010     0.0006     0.0000 
/home/nenciric/Documents/git/CorysPeptides/figure_time_scales_protein/mageinin_corr_func/NHrotaCF_11.xvg     0.0010     0.0007     0.0000 
/home/nenciric/Documents/git/CorysPeptides/figure_time_scales_protein/mageinin_corr_func/NHrotaCF_12.xvg     0.0011     0.0008     0.0000 
/home/nenciric/Documents/git/CorysPeptides/figure_time_scales_protein/mageinin_corr_func/NHrotaCF_13.xvg     0.0011     0.0008     0.0000 
/home/nenciric/Documents/git/CorysPeptides/figure_time_scales_protein/mageinin_corr_func/NHrotaCF_14.xvg     0.0011     0.0008     0.0000 
/home/nenciric/Documents/git/CorysPeptides/figure_time_scales_protein/mageinin_corr_func/NHrotaCF_15.xvg     0.0011     0.0008     0.0000 
/home/nenciric/Documents/git/CorysPeptides/figure_time_scales_protein/mageinin_corr_func/NHrotaCF_16.xvg     0.0012     0.0008     0.0000 
/home/nenciric/Documents/git/CorysPeptides/figure_time_scales_protein/mageinin_corr_func/NHrotaCF_17.xvg     0.0012     0.0008     0.0000 
/home/nenciric/Documents/git/CorysPeptides/figure_time_scales_protein/mageinin_corr_func/NHrotaCF_18.xvg     0.0012     0.0009     0.0000 
/home/nenciric/Documents/git/CorysPeptides/figure_time_scales_protein/mageinin_corr_func/NHrotaCF_19.xvg     0.0012     0.0009     0.0000 
/home/nenciric/Documents/git/CorysPeptides/figure_time_scales_protein/mageinin_corr_func/NHrotaCF_20.xvg     0.0015     0.0012     0.0000 
/home/nenciric/Documents/git/CorysPeptides/figure_time_scales_protein/mageinin_corr_func/NHrotaCF_21.xvg     0.0030     0.0024     0.0000 
/home/nenciric/Documents/git/CorysPeptides/figure_time_scales_protein/GWALP_50_SDS_corr_func/NHrotaCF_0.xvg     0.0018     0.0012     0.0000 
/home/nenciric/Documents/git/CorysPeptides/figure_time_scales_protein/GWALP_50_SDS_corr_func/NHrotaCF_1.xvg     0.0015     0.0009     0.0000 
/home/nenciric/Documents/git/CorysPeptides/figure_time_scales_protein/GWALP_50_SDS_corr_func/NHrotaCF_2.xvg     0.0010     0.0006     0.0000 
/home/nenciric/Documents/git/CorysPeptides/figure_time_scales_protein/GWALP_50_SDS_corr_func/NHrotaCF_3.xvg     0.0009     0.0006     0.0000 
/home/nenciric/Documents/git/CorysPeptides/figure_time_scales_protein/GWALP_50_SDS_corr_func/NHrotaCF_4.xvg     0.0009     0.0006     0.0000 
/home/nenciric/Documents/git/CorysPeptides/figure_time_scales_protein/GWALP_50_SDS_corr_func/NHrotaCF_5.xvg     0.0009     0.0005     0.0000 
/home/nenciric/Documents/git/CorysPeptides/figure_time_scales_protein/GWALP_50_SDS_corr_func/NHrotaCF_6.xvg     0.0009     0.0005     0.0000 
/home/nenciric/Documents/git/CorysPeptides/figure_time_scales_protein/GWALP_50_SDS_corr_func/NHrotaCF_7.xvg     0.0009     0.0005     0.0000 
/home/nenciric/Documents/git/CorysPeptides/figure_time_scales_protein/GWALP_50_SDS_corr_func/NHrotaCF_8.xvg     0.0009     0.0005     0.0000 
/home/nenciric/Documents/git/CorysPeptides/figure_time_scales_protein/GWALP_50_SDS_corr_func/NHrotaCF_9.xvg     0.0009     0.0005     0.0000 
/home/nenciric/Documents/git/CorysPeptides/figure_time_scales_protein/GWALP_50_SDS_corr_func/NHrotaCF_10.xvg     0.0009     0.0005     0.0000 
/home/nenciric/Documents/git/CorysPeptides/figure_time_scales_protein/GWALP_50_SDS_corr_func/NHrotaCF_11.xvg     0.0009     0.0005     0.0000 
/home/nenciric/Documents/git/CorysPeptides/figure_time_scales_protein/GWALP_50_SDS_corr_func/NHrotaCF_12.xvg     0.0009     0.0005     0.0000 
/home/nenciric/Documents/git/CorysPeptides/figure_time_scales_protein/GWALP_50_SDS_corr_func/NHrotaCF_13.xvg     0.0009     0.0005     0.0000 
/home/nenciric/Documents/git/CorysPeptides/figure_time_scales_protein/GWALP_50_SDS_corr_func/NHrotaCF_14.xvg     0.0009     0.0005     0.0000 
/home/nenciric/Documents/git/CorysPeptides/figure_time_scales_protein/GWALP_50_SDS_corr_func/NHrotaCF_15.xvg     0.0009     0.0005     0.0000 
/home/nenciric/Documents/git/CorysPeptides/figure_time_scales_protein/GWALP_50_SDS_corr_func/NHrotaCF_16.xvg     0.0009     0.0005     0.0000 
/home/nenciric/Documents/git/CorysPeptides/figure_time_scales_protein/GWALP_50_SDS_corr_func/NHrotaCF_17.xvg     0.0009     0.0005     0.0000 
/home/nenciric/Documents/git/CorysPeptides/figure_time_scales_protein/GWALP_50_SDS_corr_func/NHrotaCF_18.xvg     0.0009     0.0005     0.0000 
/home/nenciric/Documents/git/CorysPeptides/figure_time_scales_protein/GWALP_50_SDS_corr_func/NHrotaCF_19.xvg     0.0009     0.0006     0.0000 
/home/nenciric/Documents/git/CorysPeptides/figure_time_scales_protein/GWALP_50_SDS_corr_func/NHrotaCF_20.xvg     0.0010     0.0006     0.0000 
/home/nenciric/Documents/git/CorysPeptides/figure_time_scales_protein/GWALP_50_SDS_corr_func/NHrotaCF_21.xvg     0.0010     0.0006     0.0000 
/home/nenciric/Documents/git/CorysPeptides/figure_time_scales_protein/GWALP_50_SDS_corr_func/NHrotaCF_22.xvg     0.0013     0.0009     0.0000 
/home/nenciric/Documents/git/CorysPeptides/figure_time_scales_protein/eElab_40SDS_corr_func/NHrotaCF_0.xvg     0.0020     0.0015     0.0000 
/home/nenciric/Documents/git/CorysPeptides/figure_time_scales_protein/eElab_40SDS_corr_func/NHrotaCF_1.xvg     0.0014     0.0009     0.0000 
/home/nenciric/Documents/git/CorysPeptides/figure_time_scales_protein/eElab_40SDS_corr_func/NHrotaCF_2.xvg     0.0014     0.0008     0.0000 
/home/nenciric/Documents/git/CorysPeptides/figure_time_scales_protein/eElab_40SDS_corr_func/NHrotaCF_3.xvg     0.0012     0.0008     0.0000 
/home/nenciric/Documents/git/CorysPeptides/figure_time_scales_protein/eElab_40SDS_corr_func/NHrotaCF_0.xvg     0.0020     0.0015     0.0000 
/home/nenciric/Documents/git/CorysPeptides/figure_time_scales_protein/eElab_40SDS_corr_func/NHrotaCF_1.xvg     0.0014     0.0009     0.0000 
/home/nenciric/Documents/git/CorysPeptides/figure_time_scales_protein/eElab_40SDS_corr_func/NHrotaCF_2.xvg     0.0014     0.0008     0.0000 
/home/nenciric/Documents/git/CorysPeptides/figure_time_scales_protein/eElab_40SDS_corr_func/NHrotaCF_3.xvg     0.0012     0.0008     0.0000 
/home/nenciric/Documents/git/CorysPeptides/figure_time_scales_protein/eElab_40SDS_corr_func/NHrotaCF_4.xvg     0.0013     0.0007     0.0000 
/home/nenciric/Documents/git/CorysPeptides/figure_time_scales_protein/eElab_40SDS_corr_func/NHrotaCF_5.xvg     0.0011     0.0007     0.0000 
/home/nenciric/Documents/git/CorysPeptides/figure_time_scales_protein/eElab_40SDS_corr_func/NHrotaCF_6.xvg     0.0010     0.0007     0.0000 
/home/nenciric/Documents/git/CorysPeptides/figure_time_scales_protein/eElab_40SDS_corr_func/NHrotaCF_7.xvg     0.0011     0.0007     0.0000 
/home/nenciric/Documents/git/CorysPeptides/figure_time_scales_protein/eElab_40SDS_corr_func/NHrotaCF_8.xvg     0.0010     0.0007     0.0000 
/home/nenciric/Documents/git/CorysPeptides/figure_time_scales_protein/eElab_40SDS_corr_func/NHrotaCF_9.xvg     0.0010     0.0007     0.0000 
/home/nenciric/Documents/git/CorysPeptides/figure_time_scales_protein/eElab_40SDS_corr_func/NHrotaCF_10.xvg     0.0010     0.0006     0.0000 
/home/nenciric/Documents/git/CorysPeptides/figure_time_scales_protein/eElab_40SDS_corr_func/NHrotaCF_11.xvg     0.0010     0.0006     0.0000 
/home/nenciric/Documents/git/CorysPeptides/figure_time_scales_protein/eElab_40SDS_corr_func/NHrotaCF_12.xvg     0.0010     0.0006     0.0000 
/home/nenciric/Documents/git/CorysPeptides/figure_time_scales_protein/eElab_40SDS_corr_func/NHrotaCF_13.xvg     0.0010     0.0006     0.0000 
/home/nenciric/Documents/git/CorysPeptides/figure_time_scales_protein/eElab_40SDS_corr_func/NHrotaCF_14.xvg     0.0010     0.0006     0.0000 
/home/nenciric/Documents/git/CorysPeptides/figure_time_scales_protein/eElab_40SDS_corr_func/NHrotaCF_15.xvg     0.0010     0.0006     0.0000 
/home/nenciric/Documents/git/CorysPeptides/figure_time_scales_protein/eElab_40SDS_corr_func/NHrotaCF_16.xvg     0.0010     0.0007     0.0000 
/home/nenciric/Documents/git/CorysPeptides/figure_time_scales_protein/eElab_40SDS_corr_func/NHrotaCF_17.xvg     0.0010     0.0007     0.0000 
/home/nenciric/Documents/git/CorysPeptides/figure_time_scales_protein/eElab_40SDS_corr_func/NHrotaCF_18.xvg     0.0011     0.0006     0.0000 
/home/nenciric/Documents/git/CorysPeptides/figure_time_scales_protein/eElab_40SDS_corr_func/NHrotaCF_19.xvg     0.0012     0.0008     0.0000 
/home/nenciric/Documents/git/CorysPeptides/figure_time_scales_protein/eElab_40SDS_corr_func/NHrotaCF_20.xvg     0.0012     0.0008     0.0000 
/home/nenciric/Documents/git/CorysPeptides/figure_time_scales_protein/eYqjD_corr_fuc/NHrotaCF_0.xvg     0.0021     0.0016     0.0000 
/home/nenciric/Documents/git/CorysPeptides/figure_time_scales_protein/eYqjD_corr_fuc/NHrotaCF_1.xvg     0.0017     0.0012     0.0000 
/home/nenciric/Documents/git/CorysPeptides/figure_time_scales_protein/eYqjD_corr_fuc/NHrotaCF_2.xvg     0.0015     0.0011     0.0000 
/home/nenciric/Documents/git/CorysPeptides/figure_time_scales_protein/eYqjD_corr_fuc/NHrotaCF_3.xvg     0.0014     0.0011     0.0000 
/home/nenciric/Documents/git/CorysPeptides/figure_time_scales_protein/eYqjD_corr_fuc/NHrotaCF_4.xvg     0.0014     0.0010     0.0000 
/home/nenciric/Documents/git/CorysPeptides/figure_time_scales_protein/eYqjD_corr_fuc/NHrotaCF_5.xvg     0.0014     0.0010     0.0000 
/home/nenciric/Documents/git/CorysPeptides/figure_time_scales_protein/eYqjD_corr_fuc/NHrotaCF_6.xvg     0.0015     0.0010     0.0000 
/home/nenciric/Documents/git/CorysPeptides/figure_time_scales_protein/eYqjD_corr_fuc/NHrotaCF_7.xvg     0.0016     0.0011     0.0000 
/home/nenciric/Documents/git/CorysPeptides/figure_time_scales_protein/eYqjD_corr_fuc/NHrotaCF_8.xvg     0.0011     0.0008     0.0000 
/home/nenciric/Documents/git/CorysPeptides/figure_time_scales_protein/eYqjD_corr_fuc/NHrotaCF_9.xvg     0.0010     0.0007     0.0000 
/home/nenciric/Documents/git/CorysPeptides/figure_time_scales_protein/eYqjD_corr_fuc/NHrotaCF_10.xvg     0.0010     0.0007     0.0000 
/home/nenciric/Documents/git/CorysPeptides/figure_time_scales_protein/eYqjD_corr_fuc/NHrotaCF_11.xvg     0.0010     0.0007     0.0000 
/home/nenciric/Documents/git/CorysPeptides/figure_time_scales_protein/eYqjD_corr_fuc/NHrotaCF_12.xvg     0.0010     0.0007     0.0000 
/home/nenciric/Documents/git/CorysPeptides/figure_time_scales_protein/eYqjD_corr_fuc/NHrotaCF_13.xvg     0.0010     0.0007     0.0000 
/home/nenciric/Documents/git/CorysPeptides/figure_time_scales_protein/eYqjD_corr_fuc/NHrotaCF_14.xvg     0.0010     0.0007     0.0000 
/home/nenciric/Documents/git/CorysPeptides/figure_time_scales_protein/eYqjD_corr_fuc/NHrotaCF_15.xvg     0.0010     0.0007     0.0000 
/home/nenciric/Documents/git/CorysPeptides/figure_time_scales_protein/eYqjD_corr_fuc/NHrotaCF_16.xvg     0.0010     0.0007     0.0000 
/home/nenciric/Documents/git/CorysPeptides/figure_time_scales_protein/eYqjD_corr_fuc/NHrotaCF_17.xvg     0.0011     0.0007     0.0000 
/home/nenciric/Documents/git/CorysPeptides/figure_time_scales_protein/eYqjD_corr_fuc/NHrotaCF_18.xvg     0.0011     0.0008     0.0000 
/home/nenciric/Documents/git/CorysPeptides/figure_time_scales_protein/eYqjD_corr_fuc/NHrotaCF_19.xvg     0.0012     0.0009     0.0000 
/home/nenciric/Documents/git/CorysPeptides/figure_time_scales_protein/yFis1_corr_func/NHrotaCF_0.xvg     0.0019     0.0014     0.0000 
/home/nenciric/Documents/git/CorysPeptides/figure_time_scales_protein/yFis1_corr_func/NHrotaCF_1.xvg     0.0014     0.0011     0.0000 
/home/nenciric/Documents/git/CorysPeptides/figure_time_scales_protein/yFis1_corr_func/NHrotaCF_2.xvg     0.0015     0.0011     0.0000 
/home/nenciric/Documents/git/CorysPeptides/figure_time_scales_protein/yFis1_corr_func/NHrotaCF_3.xvg     0.0013     0.0010     0.0000 
/home/nenciric/Documents/git/CorysPeptides/figure_time_scales_protein/yFis1_corr_func/NHrotaCF_4.xvg     0.0014     0.0009     0.0000 
/home/nenciric/Documents/git/CorysPeptides/figure_time_scales_protein/yFis1_corr_func/NHrotaCF_5.xvg     0.0013     0.0010     0.0000 
/home/nenciric/Documents/git/CorysPeptides/figure_time_scales_protein/yFis1_corr_func/NHrotaCF_6.xvg     0.0012     0.0009     0.0000 
/home/nenciric/Documents/git/CorysPeptides/figure_time_scales_protein/yFis1_corr_func/NHrotaCF_7.xvg     0.0011     0.0008     0.0000 
/home/nenciric/Documents/git/CorysPeptides/figure_time_scales_protein/yFis1_corr_func/NHrotaCF_8.xvg     0.0010     0.0007     0.0000 
/home/nenciric/Documents/git/CorysPeptides/figure_time_scales_protein/yFis1_corr_func/NHrotaCF_9.xvg     0.0009     0.0006     0.0000 
/home/nenciric/Documents/git/CorysPeptides/figure_time_scales_protein/yFis1_corr_func/NHrotaCF_10.xvg     0.0010     0.0006     0.0000 
/home/nenciric/Documents/git/CorysPeptides/figure_time_scales_protein/yFis1_corr_func/NHrotaCF_11.xvg     0.0009     0.0006     0.0000 
/home/nenciric/Documents/git/CorysPeptides/figure_time_scales_protein/yFis1_corr_func/NHrotaCF_12.xvg     0.0009     0.0006     0.0000 
/home/nenciric/Documents/git/CorysPeptides/figure_time_scales_protein/yFis1_corr_func/NHrotaCF_13.xvg     0.0009     0.0006     0.0000 
/home/nenciric/Documents/git/CorysPeptides/figure_time_scales_protein/yFis1_corr_func/NHrotaCF_14.xvg     0.0009     0.0006     0.0000 
/home/nenciric/Documents/git/CorysPeptides/figure_time_scales_protein/yFis1_corr_func/NHrotaCF_15.xvg     0.0009     0.0006     0.0000 
/home/nenciric/Documents/git/CorysPeptides/figure_time_scales_protein/yFis1_corr_func/NHrotaCF_16.xvg     0.0009     0.0006     0.0000 
/home/nenciric/Documents/git/CorysPeptides/figure_time_scales_protein/yFis1_corr_func/NHrotaCF_17.xvg     0.0009     0.0006     0.0000 
/home/nenciric/Documents/git/CorysPeptides/figure_time_scales_protein/yFis1_corr_func/NHrotaCF_18.xvg     0.0009     0.0006     0.0000 
/home/nenciric/Documents/git/CorysPeptides/figure_time_scales_protein/yFis1_corr_func/NHrotaCF_19.xvg     0.0009     0.0006     0.0000 
/home/nenciric/Documents/git/CorysPeptides/figure_time_scales_protein/yFis1_corr_func/NHrotaCF_20.xvg     0.0009     0.0006     0.0000 
/home/nenciric/Documents/git/CorysPeptides/figure_time_scales_protein/yFis1_corr_func/NHrotaCF_21.xvg     0.0009     0.0006     0.0000 
/home/nenciric/Documents/git/CorysPeptides/figure_time_scales_protein/yFis1_corr_func/NHrotaCF_22.xvg     0.0010     0.0006     0.0000 
/home/nenciric/Documents/git/CorysPeptides/figure_time_scales_protein/yFis1_corr_func/NHrotaCF_23.xvg     0.0010     0.0007     0.0000 
/home/nenciric/Documents/git/CorysPeptides/figure_time_scales_protein/yFis1_corr_func/NHrotaCF_24.xvg     0.0011     0.0007     0.0000 
/home/nenciric/Documents/git/CorysPeptides/figure_time_scales_protein/yFis1_corr_func/NHrotaCF_25.xvg     0.0011     0.0008     0.0000 
/home/nenciric/Documents/git/CorysPeptides/figure_time_scales_protein/93_hMff_50SDS_micelle_310K_CHARMM_lastframe_FromSofia_SDS_Protein_SOD_solvated_OPC_local_run_20ps_mahti_370ns_mahti_360ns_mahti_2940ns_no_solvent_2948/NHrotaCF_0.xvg     0.0011     0.0007     0.0000 
/home/nenciric/Documents/git/CorysPeptides/figure_time_scales_protein/93_hMff_50SDS_micelle_310K_CHARMM_lastframe_FromSofia_SDS_Protein_SOD_solvated_OPC_local_run_20ps_mahti_370ns_mahti_360ns_mahti_2940ns_no_solvent_2948/NHrotaCF_1.xvg     0.0010     0.0007     0.0000 
/home/nenciric/Documents/git/CorysPeptides/figure_time_scales_protein/93_hMff_50SDS_micelle_310K_CHARMM_lastframe_FromSofia_SDS_Protein_SOD_solvated_OPC_local_run_20ps_mahti_370ns_mahti_360ns_mahti_2940ns_no_solvent_2948/NHrotaCF_2.xvg     0.0010     0.0006     0.0000 
/home/nenciric/Documents/git/CorysPeptides/figure_time_scales_protein/93_hMff_50SDS_micelle_310K_CHARMM_lastframe_FromSofia_SDS_Protein_SOD_solvated_OPC_local_run_20ps_mahti_370ns_mahti_360ns_mahti_2940ns_no_solvent_2948/NHrotaCF_3.xvg     0.0010     0.0006     0.0000 
/home/nenciric/Documents/git/CorysPeptides/figure_time_scales_protein/93_hMff_50SDS_micelle_310K_CHARMM_lastframe_FromSofia_SDS_Protein_SOD_solvated_OPC_local_run_20ps_mahti_370ns_mahti_360ns_mahti_2940ns_no_solvent_2948/NHrotaCF_4.xvg     0.0010     0.0006     0.0000 
/home/nenciric/Documents/git/CorysPeptides/figure_time_scales_protein/93_hMff_50SDS_micelle_310K_CHARMM_lastframe_FromSofia_SDS_Protein_SOD_solvated_OPC_local_run_20ps_mahti_370ns_mahti_360ns_mahti_2940ns_no_solvent_2948/NHrotaCF_5.xvg     0.0010     0.0006     0.0000 
/home/nenciric/Documents/git/CorysPeptides/figure_time_scales_protein/93_hMff_50SDS_micelle_310K_CHARMM_lastframe_FromSofia_SDS_Protein_SOD_solvated_OPC_local_run_20ps_mahti_370ns_mahti_360ns_mahti_2940ns_no_solvent_2948/NHrotaCF_6.xvg     0.0010     0.0006     0.0000 
/home/nenciric/Documents/git/CorysPeptides/figure_time_scales_protein/93_hMff_50SDS_micelle_310K_CHARMM_lastframe_FromSofia_SDS_Protein_SOD_solvated_OPC_local_run_20ps_mahti_370ns_mahti_360ns_mahti_2940ns_no_solvent_2948/NHrotaCF_7.xvg     0.0011     0.0007     0.0000 
/home/nenciric/Documents/git/CorysPeptides/figure_time_scales_protein/93_hMff_50SDS_micelle_310K_CHARMM_lastframe_FromSofia_SDS_Protein_SOD_solvated_OPC_local_run_20ps_mahti_370ns_mahti_360ns_mahti_2940ns_no_solvent_2948/NHrotaCF_8.xvg     0.0011     0.0007     0.0000 
/home/nenciric/Documents/git/CorysPeptides/figure_time_scales_protein/93_hMff_50SDS_micelle_310K_CHARMM_lastframe_FromSofia_SDS_Protein_SOD_solvated_OPC_local_run_20ps_mahti_370ns_mahti_360ns_mahti_2940ns_no_solvent_2948/NHrotaCF_9.xvg     0.0012     0.0008     0.0000 
/home/nenciric/Documents/git/CorysPeptides/figure_time_scales_protein/93_hMff_50SDS_micelle_310K_CHARMM_lastframe_FromSofia_SDS_Protein_SOD_solvated_OPC_local_run_20ps_mahti_370ns_mahti_360ns_mahti_2940ns_no_solvent_2948/NHrotaCF_10.xvg     0.0013     0.0008     0.0000 
/home/nenciric/Documents/git/CorysPeptides/figure_time_scales_protein/93_hMff_50SDS_micelle_310K_CHARMM_lastframe_FromSofia_SDS_Protein_SOD_solvated_OPC_local_run_20ps_mahti_370ns_mahti_360ns_mahti_2940ns_no_solvent_2948/NHrotaCF_11.xvg     0.0013     0.0008     0.0000 
/home/nenciric/Documents/git/CorysPeptides/figure_time_scales_protein/93_hMff_50SDS_micelle_310K_CHARMM_lastframe_FromSofia_SDS_Protein_SOD_solvated_OPC_local_run_20ps_mahti_370ns_mahti_360ns_mahti_2940ns_no_solvent_2948/NHrotaCF_12.xvg     0.0010     0.0007     0.0000 
/home/nenciric/Documents/git/CorysPeptides/figure_time_scales_protein/93_hMff_50SDS_micelle_310K_CHARMM_lastframe_FromSofia_SDS_Protein_SOD_solvated_OPC_local_run_20ps_mahti_370ns_mahti_360ns_mahti_2940ns_no_solvent_2948/NHrotaCF_13.xvg     0.0009     0.0006     0.0000 
/home/nenciric/Documents/git/CorysPeptides/figure_time_scales_protein/93_hMff_50SDS_micelle_310K_CHARMM_lastframe_FromSofia_SDS_Protein_SOD_solvated_OPC_local_run_20ps_mahti_370ns_mahti_360ns_mahti_2940ns_no_solvent_2948/NHrotaCF_14.xvg     0.0009     0.0006     0.0000 
/home/nenciric/Documents/git/CorysPeptides/figure_time_scales_protein/93_hMff_50SDS_micelle_310K_CHARMM_lastframe_FromSofia_SDS_Protein_SOD_solvated_OPC_local_run_20ps_mahti_370ns_mahti_360ns_mahti_2940ns_no_solvent_2948/NHrotaCF_15.xvg     0.0009     0.0006     0.0000 
/home/nenciric/Documents/git/CorysPeptides/figure_time_scales_protein/93_hMff_50SDS_micelle_310K_CHARMM_lastframe_FromSofia_SDS_Protein_SOD_solvated_OPC_local_run_20ps_mahti_370ns_mahti_360ns_mahti_2940ns_no_solvent_2948/NHrotaCF_16.xvg     0.0009     0.0006     0.0000 
/home/nenciric/Documents/git/CorysPeptides/figure_time_scales_protein/93_hMff_50SDS_micelle_310K_CHARMM_lastframe_FromSofia_SDS_Protein_SOD_solvated_OPC_local_run_20ps_mahti_370ns_mahti_360ns_mahti_2940ns_no_solvent_2948/NHrotaCF_17.xvg     0.0009     0.0006     0.0000 
/home/nenciric/Documents/git/CorysPeptides/figure_time_scales_protein/93_hMff_50SDS_micelle_310K_CHARMM_lastframe_FromSofia_SDS_Protein_SOD_solvated_OPC_local_run_20ps_mahti_370ns_mahti_360ns_mahti_2940ns_no_solvent_2948/NHrotaCF_18.xvg     0.0010     0.0006     0.0000 
/home/nenciric/Documents/git/CorysPeptides/figure_time_scales_protein/93_hMff_50SDS_micelle_310K_CHARMM_lastframe_FromSofia_SDS_Protein_SOD_solvated_OPC_local_run_20ps_mahti_370ns_mahti_360ns_mahti_2940ns_no_solvent_2948/NHrotaCF_19.xvg     0.0010     0.0006     0.0000 
/home/nenciric/Documents/git/CorysPeptides/figure_time_scales_protein/93_hMff_50SDS_micelle_310K_CHARMM_lastframe_FromSofia_SDS_Protein_SOD_solvated_OPC_local_run_20ps_mahti_370ns_mahti_360ns_mahti_2940ns_no_solvent_2948/NHrotaCF_20.xvg     0.0010     0.0006     0.0000 
/home/nenciric/Documents/git/CorysPeptides/figure_time_scales_protein/93_hMff_50SDS_micelle_310K_CHARMM_lastframe_FromSofia_SDS_Protein_SOD_solvated_OPC_local_run_20ps_mahti_370ns_mahti_360ns_mahti_2940ns_no_solvent_2948/NHrotaCF_21.xvg     0.0012     0.0007     0.0000 
/home/nenciric/Documents/git/CorysPeptides/figure_time_scales_protein/93_hMff_50SDS_micelle_310K_CHARMM_lastframe_FromSofia_SDS_Protein_SOD_solvated_OPC_local_run_20ps_mahti_370ns_mahti_360ns_mahti_2940ns_no_solvent_2948/NHrotaCF_22.xvg     0.0011     0.0007     0.0000 
/home/nenciric/Documents/git/CorysPeptides/figure_time_scales_protein/93_hMff_50SDS_micelle_310K_CHARMM_lastframe_FromSofia_SDS_Protein_SOD_solvated_OPC_local_run_20ps_mahti_370ns_mahti_360ns_mahti_2940ns_no_solvent_2948/NHrotaCF_23.xvg     0.0012     0.0008     0.0000 
/home/nenciric/Documents/git/CorysPeptides/figure_time_scales_protein/mageinin_corr_func/NHrotaCF_0.xvg     0.0012     0.0008     0.0000 
/home/nenciric/Documents/git/CorysPeptides/figure_time_scales_protein/mageinin_corr_func/NHrotaCF_1.xvg     0.0010     0.0007     0.0000 
/home/nenciric/Documents/git/CorysPeptides/figure_time_scales_protein/mageinin_corr_func/NHrotaCF_2.xvg     0.0010     0.0007     0.0000 
/home/nenciric/Documents/git/CorysPeptides/figure_time_scales_protein/mageinin_corr_func/NHrotaCF_3.xvg     0.0010     0.0006     0.0000 
/home/nenciric/Documents/git/CorysPeptides/figure_time_scales_protein/mageinin_corr_func/NHrotaCF_4.xvg     0.0010     0.0007     0.0000 
/home/nenciric/Documents/git/CorysPeptides/figure_time_scales_protein/mageinin_corr_func/NHrotaCF_5.xvg     0.0010     0.0007     0.0000 
/home/nenciric/Documents/git/CorysPeptides/figure_time_scales_protein/mageinin_corr_func/NHrotaCF_6.xvg     0.0010     0.0007     0.0000 
/home/nenciric/Documents/git/CorysPeptides/figure_time_scales_protein/mageinin_corr_func/NHrotaCF_7.xvg     0.0010     0.0006     0.0000 
/home/nenciric/Documents/git/CorysPeptides/figure_time_scales_protein/mageinin_corr_func/NHrotaCF_8.xvg     0.0010     0.0007     0.0000 
/home/nenciric/Documents/git/CorysPeptides/figure_time_scales_protein/mageinin_corr_func/NHrotaCF_9.xvg     0.0010     0.0007     0.0000 
/home/nenciric/Documents/git/CorysPeptides/figure_time_scales_protein/mageinin_corr_func/NHrotaCF_10.xvg     0.0010     0.0006     0.0000 
/home/nenciric/Documents/git/CorysPeptides/figure_time_scales_protein/mageinin_corr_func/NHrotaCF_11.xvg     0.0010     0.0007     0.0000 
/home/nenciric/Documents/git/CorysPeptides/figure_time_scales_protein/mageinin_corr_func/NHrotaCF_12.xvg     0.0011     0.0008     0.0000 
/home/nenciric/Documents/git/CorysPeptides/figure_time_scales_protein/mageinin_corr_func/NHrotaCF_13.xvg     0.0011     0.0008     0.0000 
/home/nenciric/Documents/git/CorysPeptides/figure_time_scales_protein/mageinin_corr_func/NHrotaCF_14.xvg     0.0011     0.0008     0.0000 
/home/nenciric/Documents/git/CorysPeptides/figure_time_scales_protein/mageinin_corr_func/NHrotaCF_15.xvg     0.0011     0.0008     0.0000 
/home/nenciric/Documents/git/CorysPeptides/figure_time_scales_protein/mageinin_corr_func/NHrotaCF_16.xvg     0.0012     0.0008     0.0000 
/home/nenciric/Documents/git/CorysPeptides/figure_time_scales_protein/mageinin_corr_func/NHrotaCF_17.xvg     0.0012     0.0008     0.0000 
/home/nenciric/Documents/git/CorysPeptides/figure_time_scales_protein/mageinin_corr_func/NHrotaCF_18.xvg     0.0012     0.0009     0.0000 
/home/nenciric/Documents/git/CorysPeptides/figure_time_scales_protein/mageinin_corr_func/NHrotaCF_19.xvg     0.0012     0.0009     0.0000 
/home/nenciric/Documents/git/CorysPeptides/figure_time_scales_protein/mageinin_corr_func/NHrotaCF_20.xvg     0.0015     0.0012     0.0000 
/home/nenciric/Documents/git/CorysPeptides/figure_time_scales_protein/mageinin_corr_func/NHrotaCF_21.xvg     0.0030     0.0024     0.0000 
/home/nenciric/Documents/git/CorysPeptides/figure_time_scales_protein/GWALP_50_SDS_corr_func/NHrotaCF_0.xvg     0.0018     0.0012     0.0000 
/home/nenciric/Documents/git/CorysPeptides/figure_time_scales_protein/GWALP_50_SDS_corr_func/NHrotaCF_1.xvg     0.0015     0.0009     0.0000 
/home/nenciric/Documents/git/CorysPeptides/figure_time_scales_protein/GWALP_50_SDS_corr_func/NHrotaCF_2.xvg     0.0010     0.0006     0.0000 
/home/nenciric/Documents/git/CorysPeptides/figure_time_scales_protein/GWALP_50_SDS_corr_func/NHrotaCF_3.xvg     0.0009     0.0006     0.0000 
/home/nenciric/Documents/git/CorysPeptides/figure_time_scales_protein/GWALP_50_SDS_corr_func/NHrotaCF_4.xvg     0.0009     0.0006     0.0000 
/home/nenciric/Documents/git/CorysPeptides/figure_time_scales_protein/GWALP_50_SDS_corr_func/NHrotaCF_5.xvg     0.0009     0.0005     0.0000 
/home/nenciric/Documents/git/CorysPeptides/figure_time_scales_protein/GWALP_50_SDS_corr_func/NHrotaCF_6.xvg     0.0009     0.0005     0.0000 
/home/nenciric/Documents/git/CorysPeptides/figure_time_scales_protein/GWALP_50_SDS_corr_func/NHrotaCF_7.xvg     0.0009     0.0005     0.0000 
/home/nenciric/Documents/git/CorysPeptides/figure_time_scales_protein/GWALP_50_SDS_corr_func/NHrotaCF_8.xvg     0.0009     0.0005     0.0000 
/home/nenciric/Documents/git/CorysPeptides/figure_time_scales_protein/GWALP_50_SDS_corr_func/NHrotaCF_9.xvg     0.0009     0.0005     0.0000 
/home/nenciric/Documents/git/CorysPeptides/figure_time_scales_protein/GWALP_50_SDS_corr_func/NHrotaCF_10.xvg     0.0009     0.0005     0.0000 
/home/nenciric/Documents/git/CorysPeptides/figure_time_scales_protein/GWALP_50_SDS_corr_func/NHrotaCF_11.xvg     0.0009     0.0005     0.0000 
/home/nenciric/Documents/git/CorysPeptides/figure_time_scales_protein/GWALP_50_SDS_corr_func/NHrotaCF_12.xvg     0.0009     0.0005     0.0000 
/home/nenciric/Documents/git/CorysPeptides/figure_time_scales_protein/GWALP_50_SDS_corr_func/NHrotaCF_13.xvg     0.0009     0.0005     0.0000 
/home/nenciric/Documents/git/CorysPeptides/figure_time_scales_protein/GWALP_50_SDS_corr_func/NHrotaCF_14.xvg     0.0009     0.0005     0.0000 
/home/nenciric/Documents/git/CorysPeptides/figure_time_scales_protein/GWALP_50_SDS_corr_func/NHrotaCF_15.xvg     0.0009     0.0005     0.0000 
/home/nenciric/Documents/git/CorysPeptides/figure_time_scales_protein/GWALP_50_SDS_corr_func/NHrotaCF_16.xvg     0.0009     0.0005     0.0000 
/home/nenciric/Documents/git/CorysPeptides/figure_time_scales_protein/GWALP_50_SDS_corr_func/NHrotaCF_17.xvg     0.0009     0.0005     0.0000 
/home/nenciric/Documents/git/CorysPeptides/figure_time_scales_protein/GWALP_50_SDS_corr_func/NHrotaCF_18.xvg     0.0009     0.0005     0.0000 
/home/nenciric/Documents/git/CorysPeptides/figure_time_scales_protein/GWALP_50_SDS_corr_func/NHrotaCF_19.xvg     0.0009     0.0006     0.0000 
/home/nenciric/Documents/git/CorysPeptides/figure_time_scales_protein/GWALP_50_SDS_corr_func/NHrotaCF_20.xvg     0.0010     0.0006     0.0000 
/home/nenciric/Documents/git/CorysPeptides/figure_time_scales_protein/GWALP_50_SDS_corr_func/NHrotaCF_21.xvg     0.0010     0.0006     0.0000 
/home/nenciric/Documents/git/CorysPeptides/figure_time_scales_protein/GWALP_50_SDS_corr_func/NHrotaCF_22.xvg     0.0013     0.0009     0.0000 
