1.000000000000000182e-12 0.000000000000000000e+00 0.000000000000000000e+00
1.122018454301963623e-12 0.000000000000000000e+00 0.000000000000000000e+00
1.258925411794167294e-12 0.000000000000000000e+00 0.000000000000000000e+00
1.412537544622754461e-12 0.000000000000000000e+00 0.000000000000000000e+00
1.584893192461113817e-12 0.000000000000000000e+00 0.000000000000000000e+00
1.778279410038922841e-12 0.000000000000000000e+00 0.000000000000000000e+00
1.995262314968879920e-12 0.000000000000000000e+00 8.529062032138631788e-02
2.238721138568339937e-12 8.365515300843955060e-02 2.603276644155049779e-01
2.511886431509580295e-12 3.387811692292006516e-01 0.000000000000000000e+00
2.818382931264454081e-12 0.000000000000000000e+00 0.000000000000000000e+00
3.162277660168379393e-12 0.000000000000000000e+00 0.000000000000000000e+00
3.548133892335755185e-12 0.000000000000000000e+00 0.000000000000000000e+00
3.981071705534973542e-12 0.000000000000000000e+00 0.000000000000000000e+00
4.466835921509632291e-12 0.000000000000000000e+00 0.000000000000000000e+00
5.011872336272724349e-12 0.000000000000000000e+00 0.000000000000000000e+00
5.623413251903491248e-12 0.000000000000000000e+00 0.000000000000000000e+00
6.309573444801933736e-12 0.000000000000000000e+00 0.000000000000000000e+00
7.079457843841381218e-12 0.000000000000000000e+00 0.000000000000000000e+00
7.943282347242816581e-12 1.391546549201349847e-01 1.563435314180574576e-01
8.912509381337455572e-12 3.377361189479244352e-02 4.541322404902847776e-02
1.000000000000000101e-11 0.000000000000000000e+00 0.000000000000000000e+00
1.122018454301963704e-11 0.000000000000000000e+00 0.000000000000000000e+00
1.258925411794167617e-11 0.000000000000000000e+00 0.000000000000000000e+00
1.412537544622754743e-11 0.000000000000000000e+00 0.000000000000000000e+00
1.584893192461114302e-11 0.000000000000000000e+00 0.000000000000000000e+00
1.778279410038923002e-11 0.000000000000000000e+00 0.000000000000000000e+00
1.995262314968879920e-11 1.229841727849211169e-01 5.292965718110403950e-02
2.238721138568340260e-11 7.904694796586338168e-02 1.930920439034189418e-01
2.511886431509581022e-11 0.000000000000000000e+00 0.000000000000000000e+00
2.818382931264455454e-11 0.000000000000000000e+00 0.000000000000000000e+00
3.162277660168379393e-11 0.000000000000000000e+00 0.000000000000000000e+00
3.548133892335755508e-11 0.000000000000000000e+00 0.000000000000000000e+00
3.981071705534973380e-11 0.000000000000000000e+00 0.000000000000000000e+00
4.466835921509633260e-11 0.000000000000000000e+00 0.000000000000000000e+00
5.011872336272725803e-11 0.000000000000000000e+00 0.000000000000000000e+00
5.623413251903491248e-11 8.861169672068349226e-03 0.000000000000000000e+00
6.309573444801933412e-11 9.360927018701238611e-02 8.468409625589648493e-02
7.079457843841381702e-11 0.000000000000000000e+00 2.255314538411719305e-02
7.943282347242816581e-11 0.000000000000000000e+00 0.000000000000000000e+00
8.912509381337460419e-11 0.000000000000000000e+00 0.000000000000000000e+00
1.000000000000000166e-10 0.000000000000000000e+00 0.000000000000000000e+00
1.122018454301964188e-10 0.000000000000000000e+00 0.000000000000000000e+00
1.258925411794167714e-10 0.000000000000000000e+00 0.000000000000000000e+00
1.412537544622754032e-10 0.000000000000000000e+00 0.000000000000000000e+00
1.584893192461114237e-10 0.000000000000000000e+00 0.000000000000000000e+00
1.778279410038923132e-10 0.000000000000000000e+00 0.000000000000000000e+00
1.995262314968881019e-10 0.000000000000000000e+00 0.000000000000000000e+00
2.238721138568340260e-10 0.000000000000000000e+00 0.000000000000000000e+00
2.511886431509582509e-10 2.643486657115035401e-02 1.157469391403447359e-02
2.818382931264455131e-10 1.301214060617549712e-02 3.348230362500587837e-02
3.162277660168379522e-10 0.000000000000000000e+00 0.000000000000000000e+00
3.548133892335756930e-10 0.000000000000000000e+00 0.000000000000000000e+00
3.981071705534973510e-10 0.000000000000000000e+00 0.000000000000000000e+00
4.466835921509635199e-10 0.000000000000000000e+00 0.000000000000000000e+00
5.011872336272724640e-10 0.000000000000000000e+00 0.000000000000000000e+00
5.623413251903490990e-10 0.000000000000000000e+00 0.000000000000000000e+00
6.309573444801937290e-10 0.000000000000000000e+00 0.000000000000000000e+00
7.079457843841380410e-10 0.000000000000000000e+00 0.000000000000000000e+00
7.943282347242822784e-10 0.000000000000000000e+00 0.000000000000000000e+00
8.912509381337459643e-10 0.000000000000000000e+00 0.000000000000000000e+00
1.000000000000000062e-09 0.000000000000000000e+00 2.369804287889629504e-02
1.122018454301964059e-09 2.188396084699551630e-02 1.572110924771953286e-02
1.258925411794167507e-09 1.519744795355522544e-02 0.000000000000000000e+00
1.412537544622755480e-09 0.000000000000000000e+00 0.000000000000000000e+00
1.584893192461114237e-09 0.000000000000000000e+00 0.000000000000000000e+00
1.778279410038923028e-09 0.000000000000000000e+00 0.000000000000000000e+00
1.995262314968881122e-09 0.000000000000000000e+00 0.000000000000000000e+00
2.238721138568340209e-09 0.000000000000000000e+00 0.000000000000000000e+00
2.511886431509581992e-09 0.000000000000000000e+00 0.000000000000000000e+00
2.818382931264455131e-09 0.000000000000000000e+00 0.000000000000000000e+00
3.162277660168379522e-09 0.000000000000000000e+00 0.000000000000000000e+00
3.548133892335757033e-09 0.000000000000000000e+00 5.170747118886718022e-03
3.981071705534973096e-09 0.000000000000000000e+00 0.000000000000000000e+00
4.466835921509635923e-09 2.307026729012826363e-02 0.000000000000000000e+00
5.011872336272725467e-09 2.086183466886608936e-04 0.000000000000000000e+00
5.623413251903491817e-09 0.000000000000000000e+00 8.245031684109963011e-03
6.309573444801937083e-09 0.000000000000000000e+00 1.474088701651482926e-03
7.079457843841381857e-09 0.000000000000000000e+00 0.000000000000000000e+00
7.943282347242821957e-09 0.000000000000000000e+00 0.000000000000000000e+00
8.912509381337459643e-09 0.000000000000000000e+00 0.000000000000000000e+00
1.000000000000000021e-08 0.000000000000000000e+00 0.000000000000000000e+00
1.122018454301963191e-08 0.000000000000000000e+00 0.000000000000000000e+00
1.258925411794168748e-08 0.000000000000000000e+00 0.000000000000000000e+00
1.412537544622755563e-08 0.000000000000000000e+00 0.000000000000000000e+00
1.584893192461114279e-08 0.000000000000000000e+00 0.000000000000000000e+00
1.778279410038922821e-08 0.000000000000000000e+00 0.000000000000000000e+00
1.995262314968879302e-08 0.000000000000000000e+00 0.000000000000000000e+00
2.238721138568342442e-08 0.000000000000000000e+00 0.000000000000000000e+00
2.511886431509582405e-08 0.000000000000000000e+00 0.000000000000000000e+00
2.818382931264455379e-08 0.000000000000000000e+00 0.000000000000000000e+00
3.162277660168379191e-08 0.000000000000000000e+00 0.000000000000000000e+00
3.548133892335753145e-08 0.000000000000000000e+00 0.000000000000000000e+00
3.981071705534976901e-08 0.000000000000000000e+00 0.000000000000000000e+00
4.466835921509634599e-08 0.000000000000000000e+00 0.000000000000000000e+00
5.011872336272725632e-08 0.000000000000000000e+00 0.000000000000000000e+00
5.623413251903491155e-08 0.000000000000000000e+00 0.000000000000000000e+00
6.309573444801942873e-08 0.000000000000000000e+00 0.000000000000000000e+00
7.079457843841388806e-08 0.000000000000000000e+00 0.000000000000000000e+00
7.943282347242821957e-08 0.000000000000000000e+00 0.000000000000000000e+00
8.912509381337458981e-08 3.265498904889220554e-04 0.000000000000000000e+00
