1.000000000000000182e-12 3.039085025091508019e-01 2.058758905874303324e-01
1.122018454301963623e-12 0.000000000000000000e+00 0.000000000000000000e+00
1.258925411794167294e-12 0.000000000000000000e+00 0.000000000000000000e+00
1.412537544622754461e-12 0.000000000000000000e+00 0.000000000000000000e+00
1.584893192461113817e-12 0.000000000000000000e+00 0.000000000000000000e+00
1.778279410038922841e-12 0.000000000000000000e+00 0.000000000000000000e+00
1.995262314968879920e-12 0.000000000000000000e+00 0.000000000000000000e+00
2.238721138568339937e-12 0.000000000000000000e+00 0.000000000000000000e+00
2.511886431509580295e-12 0.000000000000000000e+00 0.000000000000000000e+00
2.818382931264454081e-12 0.000000000000000000e+00 0.000000000000000000e+00
3.162277660168379393e-12 0.000000000000000000e+00 0.000000000000000000e+00
3.548133892335755185e-12 0.000000000000000000e+00 0.000000000000000000e+00
3.981071705534973542e-12 0.000000000000000000e+00 1.180585012933824812e-01
4.466835921509632291e-12 0.000000000000000000e+00 1.313021438807887853e-01
5.011872336272724349e-12 2.312376694880216577e-01 0.000000000000000000e+00
5.623413251903491248e-12 0.000000000000000000e+00 0.000000000000000000e+00
6.309573444801933736e-12 0.000000000000000000e+00 0.000000000000000000e+00
7.079457843841381218e-12 0.000000000000000000e+00 0.000000000000000000e+00
7.943282347242816581e-12 0.000000000000000000e+00 0.000000000000000000e+00
8.912509381337455572e-12 0.000000000000000000e+00 0.000000000000000000e+00
1.000000000000000101e-11 0.000000000000000000e+00 0.000000000000000000e+00
1.122018454301963704e-11 0.000000000000000000e+00 0.000000000000000000e+00
1.258925411794167617e-11 0.000000000000000000e+00 0.000000000000000000e+00
1.412537544622754743e-11 0.000000000000000000e+00 0.000000000000000000e+00
1.584893192461114302e-11 6.398663885526138795e-02 2.106943253582182485e-01
1.778279410038923002e-11 1.802748564521047536e-01 7.795138437751644722e-02
1.995262314968879920e-11 0.000000000000000000e+00 0.000000000000000000e+00
2.238721138568340260e-11 0.000000000000000000e+00 0.000000000000000000e+00
2.511886431509581022e-11 0.000000000000000000e+00 0.000000000000000000e+00
2.818382931264455454e-11 0.000000000000000000e+00 0.000000000000000000e+00
3.162277660168379393e-11 0.000000000000000000e+00 0.000000000000000000e+00
3.548133892335755508e-11 0.000000000000000000e+00 0.000000000000000000e+00
3.981071705534973380e-11 0.000000000000000000e+00 0.000000000000000000e+00
4.466835921509633260e-11 0.000000000000000000e+00 1.227558293041845251e-02
5.011872336272725803e-11 8.264758925411539586e-03 1.331853660894754821e-01
5.623413251903491248e-11 1.034434481936355038e-01 0.000000000000000000e+00
6.309573444801933412e-11 0.000000000000000000e+00 0.000000000000000000e+00
7.079457843841381702e-11 0.000000000000000000e+00 0.000000000000000000e+00
7.943282347242816581e-11 0.000000000000000000e+00 0.000000000000000000e+00
8.912509381337460419e-11 0.000000000000000000e+00 0.000000000000000000e+00
1.000000000000000166e-10 0.000000000000000000e+00 0.000000000000000000e+00
1.122018454301964188e-10 0.000000000000000000e+00 0.000000000000000000e+00
1.258925411794167714e-10 0.000000000000000000e+00 0.000000000000000000e+00
1.412537544622754032e-10 0.000000000000000000e+00 0.000000000000000000e+00
1.584893192461114237e-10 0.000000000000000000e+00 0.000000000000000000e+00
1.778279410038923132e-10 3.589657054891431942e-02 0.000000000000000000e+00
1.995262314968881019e-10 0.000000000000000000e+00 2.482189117116059135e-02
2.238721138568340260e-10 0.000000000000000000e+00 2.349619690698321120e-02
2.511886431509582509e-10 0.000000000000000000e+00 0.000000000000000000e+00
2.818382931264455131e-10 0.000000000000000000e+00 0.000000000000000000e+00
3.162277660168379522e-10 0.000000000000000000e+00 0.000000000000000000e+00
3.548133892335756930e-10 0.000000000000000000e+00 0.000000000000000000e+00
3.981071705534973510e-10 0.000000000000000000e+00 0.000000000000000000e+00
4.466835921509635199e-10 0.000000000000000000e+00 0.000000000000000000e+00
5.011872336272724640e-10 0.000000000000000000e+00 0.000000000000000000e+00
5.623413251903490990e-10 0.000000000000000000e+00 0.000000000000000000e+00
6.309573444801937290e-10 3.377967225099013163e-03 0.000000000000000000e+00
7.079457843841380410e-10 3.099075503434460532e-02 0.000000000000000000e+00
7.943282347242822784e-10 0.000000000000000000e+00 2.910108866331169095e-02
8.912509381337459643e-10 0.000000000000000000e+00 1.149486107147517505e-02
1.000000000000000062e-09 0.000000000000000000e+00 0.000000000000000000e+00
1.122018454301964059e-09 0.000000000000000000e+00 0.000000000000000000e+00
1.258925411794167507e-09 0.000000000000000000e+00 0.000000000000000000e+00
1.412537544622755480e-09 0.000000000000000000e+00 0.000000000000000000e+00
1.584893192461114237e-09 0.000000000000000000e+00 0.000000000000000000e+00
1.778279410038923028e-09 0.000000000000000000e+00 0.000000000000000000e+00
1.995262314968881122e-09 0.000000000000000000e+00 0.000000000000000000e+00
2.238721138568340209e-09 0.000000000000000000e+00 0.000000000000000000e+00
2.511886431509581992e-09 0.000000000000000000e+00 0.000000000000000000e+00
2.818382931264455131e-09 0.000000000000000000e+00 0.000000000000000000e+00
3.162277660168379522e-09 3.396712079585380295e-02 9.546119874570872799e-03
3.548133892335757033e-09 4.651711926221191971e-03 1.164431739642439803e-02
3.981071705534973096e-09 0.000000000000000000e+00 0.000000000000000000e+00
4.466835921509635923e-09 0.000000000000000000e+00 0.000000000000000000e+00
5.011872336272725467e-09 0.000000000000000000e+00 0.000000000000000000e+00
5.623413251903491817e-09 0.000000000000000000e+00 0.000000000000000000e+00
6.309573444801937083e-09 0.000000000000000000e+00 0.000000000000000000e+00
7.079457843841381857e-09 0.000000000000000000e+00 0.000000000000000000e+00
7.943282347242821957e-09 0.000000000000000000e+00 0.000000000000000000e+00
8.912509381337459643e-09 0.000000000000000000e+00 0.000000000000000000e+00
1.000000000000000021e-08 0.000000000000000000e+00 0.000000000000000000e+00
1.122018454301963191e-08 0.000000000000000000e+00 0.000000000000000000e+00
1.258925411794168748e-08 0.000000000000000000e+00 0.000000000000000000e+00
1.412537544622755563e-08 0.000000000000000000e+00 0.000000000000000000e+00
1.584893192461114279e-08 0.000000000000000000e+00 0.000000000000000000e+00
1.778279410038922821e-08 0.000000000000000000e+00 0.000000000000000000e+00
1.995262314968879302e-08 0.000000000000000000e+00 0.000000000000000000e+00
2.238721138568342442e-08 0.000000000000000000e+00 0.000000000000000000e+00
2.511886431509582405e-08 0.000000000000000000e+00 0.000000000000000000e+00
2.818382931264455379e-08 0.000000000000000000e+00 0.000000000000000000e+00
3.162277660168379191e-08 0.000000000000000000e+00 0.000000000000000000e+00
3.548133892335753145e-08 0.000000000000000000e+00 0.000000000000000000e+00
3.981071705534976901e-08 0.000000000000000000e+00 0.000000000000000000e+00
4.466835921509634599e-08 0.000000000000000000e+00 0.000000000000000000e+00
5.011872336272725632e-08 0.000000000000000000e+00 0.000000000000000000e+00
5.623413251903491155e-08 0.000000000000000000e+00 0.000000000000000000e+00
6.309573444801942873e-08 0.000000000000000000e+00 0.000000000000000000e+00
7.079457843841388806e-08 0.000000000000000000e+00 0.000000000000000000e+00
7.943282347242821957e-08 0.000000000000000000e+00 0.000000000000000000e+00
8.912509381337458981e-08 0.000000000000000000e+00 5.523303750377894176e-04
