1.000000000000000182e-12 0.000000000000000000e+00 2.806311245100869267e-01
1.122018454301963623e-12 0.000000000000000000e+00 0.000000000000000000e+00
1.258925411794167294e-12 0.000000000000000000e+00 0.000000000000000000e+00
1.412537544622754461e-12 0.000000000000000000e+00 0.000000000000000000e+00
1.584893192461113817e-12 0.000000000000000000e+00 0.000000000000000000e+00
1.778279410038922841e-12 0.000000000000000000e+00 0.000000000000000000e+00
1.995262314968879920e-12 1.995283055292944585e-01 0.000000000000000000e+00
2.238721138568339937e-12 2.029556010449922732e-01 0.000000000000000000e+00
2.511886431509580295e-12 0.000000000000000000e+00 0.000000000000000000e+00
2.818382931264454081e-12 0.000000000000000000e+00 0.000000000000000000e+00
3.162277660168379393e-12 0.000000000000000000e+00 0.000000000000000000e+00
3.548133892335755185e-12 0.000000000000000000e+00 0.000000000000000000e+00
3.981071705534973542e-12 0.000000000000000000e+00 0.000000000000000000e+00
4.466835921509632291e-12 0.000000000000000000e+00 0.000000000000000000e+00
5.011872336272724349e-12 0.000000000000000000e+00 1.584999633418006648e-01
5.623413251903491248e-12 0.000000000000000000e+00 1.442670325261984077e-02
6.309573444801933736e-12 0.000000000000000000e+00 0.000000000000000000e+00
7.079457843841381218e-12 6.886073232702746849e-02 0.000000000000000000e+00
7.943282347242816581e-12 1.217934915182925376e-01 0.000000000000000000e+00
8.912509381337455572e-12 0.000000000000000000e+00 0.000000000000000000e+00
1.000000000000000101e-11 0.000000000000000000e+00 0.000000000000000000e+00
1.122018454301963704e-11 0.000000000000000000e+00 0.000000000000000000e+00
1.258925411794167617e-11 0.000000000000000000e+00 3.735662889300940537e-02
1.412537544622754743e-11 0.000000000000000000e+00 1.882385596543589834e-01
1.584893192461114302e-11 0.000000000000000000e+00 0.000000000000000000e+00
1.778279410038923002e-11 3.940960365750002803e-02 0.000000000000000000e+00
1.995262314968879920e-11 1.566039586622210156e-01 0.000000000000000000e+00
2.238721138568340260e-11 0.000000000000000000e+00 0.000000000000000000e+00
2.511886431509581022e-11 0.000000000000000000e+00 0.000000000000000000e+00
2.818382931264455454e-11 0.000000000000000000e+00 2.502355717972576735e-02
3.162277660168379393e-11 0.000000000000000000e+00 1.340416026129637450e-01
3.548133892335755508e-11 0.000000000000000000e+00 0.000000000000000000e+00
3.981071705534973380e-11 0.000000000000000000e+00 0.000000000000000000e+00
4.466835921509633260e-11 0.000000000000000000e+00 0.000000000000000000e+00
5.011872336272725803e-11 2.946269038592747025e-02 0.000000000000000000e+00
5.623413251903491248e-11 7.257575877321796598e-02 0.000000000000000000e+00
6.309573444801933412e-11 0.000000000000000000e+00 0.000000000000000000e+00
7.079457843841381702e-11 0.000000000000000000e+00 0.000000000000000000e+00
7.943282347242816581e-11 0.000000000000000000e+00 4.688683611711799010e-02
8.912509381337460419e-11 0.000000000000000000e+00 2.384628705007027852e-02
1.000000000000000166e-10 0.000000000000000000e+00 0.000000000000000000e+00
1.122018454301964188e-10 0.000000000000000000e+00 0.000000000000000000e+00
1.258925411794167714e-10 0.000000000000000000e+00 0.000000000000000000e+00
1.412537544622754032e-10 0.000000000000000000e+00 0.000000000000000000e+00
1.584893192461114237e-10 2.698448454039468689e-02 0.000000000000000000e+00
1.778279410038923132e-10 2.994436525628170823e-03 0.000000000000000000e+00
1.995262314968881019e-10 0.000000000000000000e+00 0.000000000000000000e+00
2.238721138568340260e-10 0.000000000000000000e+00 7.793599566291124900e-04
2.511886431509582509e-10 0.000000000000000000e+00 2.228451852235664374e-02
2.818382931264455131e-10 0.000000000000000000e+00 0.000000000000000000e+00
3.162277660168379522e-10 0.000000000000000000e+00 0.000000000000000000e+00
3.548133892335756930e-10 0.000000000000000000e+00 0.000000000000000000e+00
3.981071705534973510e-10 0.000000000000000000e+00 0.000000000000000000e+00
4.466835921509635199e-10 0.000000000000000000e+00 0.000000000000000000e+00
5.011872336272724640e-10 2.881518896750529662e-02 0.000000000000000000e+00
5.623413251903490990e-10 4.972290059936449770e-03 3.565188760918290567e-02
6.309573444801937290e-10 0.000000000000000000e+00 0.000000000000000000e+00
7.079457843841380410e-10 0.000000000000000000e+00 0.000000000000000000e+00
7.943282347242822784e-10 0.000000000000000000e+00 0.000000000000000000e+00
8.912509381337459643e-10 0.000000000000000000e+00 0.000000000000000000e+00
1.000000000000000062e-09 0.000000000000000000e+00 0.000000000000000000e+00
1.122018454301964059e-09 0.000000000000000000e+00 0.000000000000000000e+00
1.258925411794167507e-09 0.000000000000000000e+00 0.000000000000000000e+00
1.412537544622755480e-09 0.000000000000000000e+00 0.000000000000000000e+00
1.584893192461114237e-09 0.000000000000000000e+00 0.000000000000000000e+00
1.778279410038923028e-09 0.000000000000000000e+00 0.000000000000000000e+00
1.995262314968881122e-09 2.666328124938401392e-02 2.002321529184733148e-02
2.238721138568340209e-09 0.000000000000000000e+00 4.852197445494565650e-03
2.511886431509581992e-09 0.000000000000000000e+00 0.000000000000000000e+00
2.818382931264455131e-09 0.000000000000000000e+00 0.000000000000000000e+00
3.162277660168379522e-09 0.000000000000000000e+00 0.000000000000000000e+00
3.548133892335757033e-09 0.000000000000000000e+00 0.000000000000000000e+00
3.981071705534973096e-09 0.000000000000000000e+00 0.000000000000000000e+00
4.466835921509635923e-09 0.000000000000000000e+00 0.000000000000000000e+00
5.011872336272725467e-09 1.216551889455439947e-02 0.000000000000000000e+00
5.623413251903491817e-09 6.214657923280776652e-03 0.000000000000000000e+00
6.309573444801937083e-09 0.000000000000000000e+00 6.747788608568118865e-03
7.079457843841381857e-09 0.000000000000000000e+00 7.097699475380832203e-04
7.943282347242821957e-09 0.000000000000000000e+00 0.000000000000000000e+00
8.912509381337459643e-09 0.000000000000000000e+00 0.000000000000000000e+00
1.000000000000000021e-08 0.000000000000000000e+00 0.000000000000000000e+00
1.122018454301963191e-08 0.000000000000000000e+00 0.000000000000000000e+00
1.258925411794168748e-08 0.000000000000000000e+00 0.000000000000000000e+00
1.412537544622755563e-08 0.000000000000000000e+00 0.000000000000000000e+00
1.584893192461114279e-08 0.000000000000000000e+00 0.000000000000000000e+00
1.778279410038922821e-08 0.000000000000000000e+00 0.000000000000000000e+00
1.995262314968879302e-08 0.000000000000000000e+00 0.000000000000000000e+00
2.238721138568342442e-08 0.000000000000000000e+00 0.000000000000000000e+00
2.511886431509582405e-08 0.000000000000000000e+00 0.000000000000000000e+00
2.818382931264455379e-08 0.000000000000000000e+00 0.000000000000000000e+00
3.162277660168379191e-08 0.000000000000000000e+00 0.000000000000000000e+00
3.548133892335753145e-08 0.000000000000000000e+00 0.000000000000000000e+00
3.981071705534976901e-08 0.000000000000000000e+00 0.000000000000000000e+00
4.466835921509634599e-08 0.000000000000000000e+00 0.000000000000000000e+00
5.011872336272725632e-08 0.000000000000000000e+00 0.000000000000000000e+00
5.623413251903491155e-08 0.000000000000000000e+00 0.000000000000000000e+00
6.309573444801942873e-08 0.000000000000000000e+00 0.000000000000000000e+00
7.079457843841388806e-08 0.000000000000000000e+00 0.000000000000000000e+00
7.943282347242821957e-08 0.000000000000000000e+00 0.000000000000000000e+00
8.912509381337458981e-08 0.000000000000000000e+00 0.000000000000000000e+00
